<?xml version="1.0" encoding="UTF-8"?>
<coverage generated="1773565733213" clover="3.2.0">
  <project timestamp="1773565733213" name="All files">
    <metrics statements="1674" coveredstatements="1674" conditionals="544" coveredconditionals="542" methods="133" coveredmethods="133" elements="2351" coveredelements="2349" complexity="0" loc="1674" ncloc="1674" packages="2" files="7" classes="7"/>
    <package name="src">
      <metrics statements="1010" coveredstatements="1010" conditionals="325" coveredconditionals="323" methods="73" coveredmethods="73"/>
      <file name="api.ts" path="/Users/tobias/projects/lilbee/plugins/obsidian/src/api.ts">
        <metrics statements="305" coveredstatements="305" conditionals="97" coveredconditionals="95" methods="24" coveredmethods="24"/>
        <line num="1" count="1" type="stmt"/>
        <line num="14" count="1" type="stmt"/>
        <line num="15" count="1" type="stmt"/>
        <line num="16" count="1" type="stmt"/>
        <line num="18" count="1" type="stmt"/>
        <line num="19" count="1" type="cond" truecount="1" falsecount="0"/>
        <line num="21" count="1" type="cond" truecount="1" falsecount="0"/>
        <line num="22" count="48" type="cond" truecount="1" falsecount="0"/>
        <line num="23" count="3" type="cond" truecount="1" falsecount="0"/>
        <line num="24" count="3" type="stmt"/>
        <line num="25" count="3" type="cond" truecount="1" falsecount="0"/>
        <line num="26" count="45" type="stmt"/>
        <line num="27" count="48" type="stmt"/>
        <line num="35" count="1" type="cond" truecount="1" falsecount="0"/>
        <line num="36" count="50" type="stmt"/>
        <line num="37" count="50" type="stmt"/>
        <line num="38" count="50" type="stmt"/>
        <line num="39" count="50" type="stmt"/>
        <line num="40" count="50" type="stmt"/>
        <line num="41" count="50" type="stmt"/>
        <line num="42" count="50" type="cond" truecount="1" falsecount="0"/>
        <line num="43" count="53" type="cond" truecount="1" falsecount="0"/>
        <line num="44" count="3" type="cond" truecount="1" falsecount="0"/>
        <line num="45" count="3" type="stmt"/>
        <line num="46" count="53" type="stmt"/>
        <line num="47" count="53" type="stmt"/>
        <line num="48" count="53" type="cond" truecount="2" falsecount="0"/>
        <line num="49" count="1" type="stmt"/>
        <line num="50" count="53" type="cond" truecount="3" falsecount="0"/>
        <line num="51" count="22" type="stmt"/>
        <line num="52" count="22" type="stmt"/>
        <line num="53" count="22" type="stmt"/>
        <line num="54" count="22" type="stmt"/>
        <line num="55" count="53" type="cond" truecount="1" falsecount="0"/>
        <line num="56" count="53" type="cond" truecount="1" falsecount="0"/>
        <line num="57" count="8" type="stmt"/>
        <line num="58" count="8" type="cond" truecount="1" falsecount="0"/>
        <line num="59" count="3" type="stmt"/>
        <line num="60" count="3" type="cond" truecount="1" falsecount="0"/>
        <line num="61" count="8" type="cond" truecount="1" falsecount="0"/>
        <line num="62" count="1" type="stmt"/>
        <line num="63" count="1" type="stmt"/>
        <line num="64" count="8" type="stmt"/>
        <line num="65" count="53" type="cond" truecount="1" falsecount="0"/>
        <line num="66" count="4" type="stmt"/>
        <line num="67" count="50" type="stmt"/>
        <line num="69" count="1" type="cond" truecount="1" falsecount="0"/>
        <line num="70" count="6" type="cond" truecount="1" falsecount="0"/>
        <line num="71" count="3" type="stmt"/>
        <line num="72" count="6" type="stmt"/>
        <line num="74" count="1" type="cond" truecount="1" falsecount="0"/>
        <line num="75" count="3" type="cond" truecount="1" falsecount="0"/>
        <line num="76" count="1" type="stmt"/>
        <line num="77" count="3" type="stmt"/>
        <line num="79" count="1" type="cond" truecount="1" falsecount="0"/>
        <line num="80" count="3" type="stmt"/>
        <line num="81" count="3" type="cond" truecount="1" falsecount="0"/>
        <line num="82" count="3" type="stmt"/>
        <line num="83" count="3" type="stmt"/>
        <line num="84" count="3" type="stmt"/>
        <line num="86" count="1" type="cond" truecount="1" falsecount="0"/>
        <line num="87" count="2" type="stmt"/>
        <line num="88" count="2" type="stmt"/>
        <line num="89" count="2" type="stmt"/>
        <line num="90" count="2" type="cond" truecount="1" falsecount="0"/>
        <line num="91" count="2" type="stmt"/>
        <line num="92" count="2" type="stmt"/>
        <line num="93" count="2" type="stmt"/>
        <line num="95" count="1" type="cond" truecount="1" falsecount="0"/>
        <line num="96" count="5" type="stmt"/>
        <line num="97" count="5" type="stmt"/>
        <line num="98" count="5" type="stmt"/>
        <line num="99" count="5" type="stmt"/>
        <line num="100" count="5" type="stmt"/>
        <line num="101" count="5" type="cond" truecount="1" falsecount="0"/>
        <line num="102" count="5" type="cond" truecount="2" falsecount="0"/>
        <line num="103" count="5" type="stmt"/>
        <line num="104" count="5" type="stmt"/>
        <line num="105" count="5" type="stmt"/>
        <line num="106" count="5" type="stmt"/>
        <line num="107" count="5" type="stmt"/>
        <line num="108" count="5" type="stmt"/>
        <line num="109" count="5" type="stmt"/>
        <line num="110" count="5" type="stmt"/>
        <line num="111" count="5" type="stmt"/>
        <line num="112" count="5" type="stmt"/>
        <line num="113" count="5" type="stmt"/>
        <line num="115" count="1" type="cond" truecount="1" falsecount="0"/>
        <line num="116" count="2" type="stmt"/>
        <line num="117" count="2" type="stmt"/>
        <line num="118" count="2" type="stmt"/>
        <line num="119" count="2" type="cond" truecount="1" falsecount="0"/>
        <line num="120" count="2" type="stmt"/>
        <line num="121" count="2" type="stmt"/>
        <line num="122" count="2" type="stmt"/>
        <line num="124" count="1" type="cond" truecount="1" falsecount="0"/>
        <line num="125" count="6" type="stmt"/>
        <line num="126" count="6" type="stmt"/>
        <line num="127" count="6" type="stmt"/>
        <line num="128" count="6" type="stmt"/>
        <line num="129" count="6" type="stmt"/>
        <line num="130" count="6" type="stmt"/>
        <line num="131" count="6" type="cond" truecount="1" falsecount="0"/>
        <line num="132" count="6" type="cond" truecount="2" falsecount="0"/>
        <line num="133" count="6" type="stmt"/>
        <line num="134" count="6" type="stmt"/>
        <line num="135" count="6" type="stmt"/>
        <line num="136" count="6" type="stmt"/>
        <line num="137" count="6" type="stmt"/>
        <line num="138" count="6" type="stmt"/>
        <line num="139" count="6" type="stmt"/>
        <line num="140" count="6" type="stmt"/>
        <line num="141" count="6" type="stmt"/>
        <line num="142" count="6" type="stmt"/>
        <line num="143" count="6" type="stmt"/>
        <line num="145" count="1" type="cond" truecount="1" falsecount="0"/>
        <line num="146" count="3" type="stmt"/>
        <line num="147" count="3" type="stmt"/>
        <line num="148" count="3" type="stmt"/>
        <line num="149" count="3" type="stmt"/>
        <line num="150" count="3" type="stmt"/>
        <line num="151" count="3" type="cond" truecount="1" falsecount="0"/>
        <line num="152" count="3" type="stmt"/>
        <line num="153" count="3" type="stmt"/>
        <line num="154" count="3" type="stmt"/>
        <line num="155" count="3" type="stmt"/>
        <line num="156" count="3" type="stmt"/>
        <line num="157" count="3" type="stmt"/>
        <line num="158" count="3" type="stmt"/>
        <line num="159" count="3" type="stmt"/>
        <line num="160" count="3" type="stmt"/>
        <line num="161" count="3" type="stmt"/>
        <line num="162" count="3" type="stmt"/>
        <line num="164" count="1" type="cond" truecount="1" falsecount="0"/>
        <line num="165" count="15" type="stmt"/>
        <line num="166" count="15" type="stmt"/>
        <line num="167" count="15" type="stmt"/>
        <line num="168" count="15" type="stmt"/>
        <line num="169" count="15" type="stmt"/>
        <line num="170" count="15" type="stmt"/>
        <line num="171" count="15" type="stmt"/>
        <line num="172" count="15" type="stmt"/>
        <line num="173" count="15" type="stmt"/>
        <line num="174" count="15" type="cond" truecount="1" falsecount="0"/>
        <line num="175" count="15" type="stmt"/>
        <line num="177" count="1" type="cond" truecount="1" falsecount="0"/>
        <line num="178" count="1" type="stmt"/>
        <line num="179" count="1" type="stmt"/>
        <line num="180" count="1" type="stmt"/>
        <line num="182" count="1" type="cond" truecount="1" falsecount="0"/>
        <line num="183" count="1" type="stmt"/>
        <line num="184" count="1" type="stmt"/>
        <line num="185" count="1" type="stmt"/>
        <line num="186" count="1" type="stmt"/>
        <line num="187" count="1" type="stmt"/>
        <line num="188" count="1" type="stmt"/>
        <line num="189" count="1" type="stmt"/>
        <line num="190" count="1" type="stmt"/>
        <line num="191" count="1" type="stmt"/>
        <line num="192" count="1" type="stmt"/>
        <line num="193" count="1" type="stmt"/>
        <line num="195" count="1" type="cond" truecount="1" falsecount="0"/>
        <line num="196" count="1" type="stmt"/>
        <line num="197" count="1" type="stmt"/>
        <line num="198" count="1" type="stmt"/>
        <line num="199" count="1" type="stmt"/>
        <line num="200" count="1" type="stmt"/>
        <line num="201" count="1" type="stmt"/>
        <line num="202" count="1" type="stmt"/>
        <line num="204" count="1" type="cond" truecount="1" falsecount="0"/>
        <line num="205" count="1" type="stmt"/>
        <line num="206" count="1" type="stmt"/>
        <line num="207" count="1" type="stmt"/>
        <line num="208" count="1" type="stmt"/>
        <line num="209" count="1" type="stmt"/>
        <line num="210" count="1" type="stmt"/>
        <line num="211" count="1" type="stmt"/>
        <line num="213" count="1" type="cond" truecount="1" falsecount="0"/>
        <line num="214" count="30" type="cond" truecount="1" falsecount="0"/>
        <line num="215" count="1" type="stmt"/>
        <line num="216" count="1" type="cond" truecount="1" falsecount="0"/>
        <line num="217" count="29" type="stmt"/>
        <line num="218" count="29" type="stmt"/>
        <line num="219" count="29" type="stmt"/>
        <line num="220" count="29" type="stmt"/>
        <line num="222" count="30" type="cond" truecount="1" falsecount="0"/>
        <line num="223" count="47" type="stmt"/>
        <line num="224" count="47" type="cond" truecount="2" falsecount="0"/>
        <line num="225" count="18" type="stmt"/>
        <line num="227" count="18" type="stmt"/>
        <line num="229" count="18" type="stmt"/>
        <line num="231" count="47" type="cond" truecount="1" falsecount="0"/>
        <line num="232" count="54" type="cond" truecount="1" falsecount="0"/>
        <line num="233" count="14" type="cond" truecount="2" falsecount="0"/>
        <line num="234" count="54" type="cond" truecount="2" falsecount="0"/>
        <line num="235" count="19" type="cond" truecount="2" falsecount="0"/>
        <line num="236" count="19" type="stmt"/>
        <line num="237" count="19" type="cond" truecount="1" falsecount="0"/>
        <line num="238" count="19" type="cond" truecount="1" falsecount="0"/>
        <line num="239" count="1" type="stmt"/>
        <line num="240" count="1" type="stmt"/>
        <line num="241" count="19" type="stmt"/>
        <line num="242" count="19" type="stmt"/>
        <line num="243" count="54" type="cond" truecount="1" falsecount="0"/>
        <line num="244" count="18" type="stmt"/>
        <line num="245" count="30" type="stmt"/>
        <line num="246" count="1" type="stmt"/>
        <line num="248" count="1" type="stmt"/>
        <line num="249" count="1" type="stmt"/>
        <line num="250" count="1" type="stmt"/>
        <line num="251" count="1" type="stmt"/>
        <line num="252" count="1" type="stmt"/>
        <line num="253" count="1" type="stmt"/>
        <line num="254" count="1" type="stmt"/>
        <line num="255" count="1" type="stmt"/>
        <line num="257" count="1" type="cond" truecount="1" falsecount="0"/>
        <line num="258" count="10" type="stmt"/>
        <line num="259" count="10" type="stmt"/>
        <line num="260" count="10" type="stmt"/>
        <line num="261" count="10" type="stmt"/>
        <line num="262" count="10" type="cond" truecount="1" falsecount="0"/>
        <line num="263" count="19" type="stmt"/>
        <line num="264" count="19" type="cond" truecount="2" falsecount="0"/>
        <line num="265" count="15" type="stmt"/>
        <line num="266" count="19" type="cond" truecount="1" falsecount="0"/>
        <line num="267" count="14" type="stmt"/>
        <line num="268" count="14" type="cond" truecount="1" falsecount="0"/>
        <line num="269" count="14" type="stmt"/>
        <line num="270" count="19" type="stmt"/>
        <line num="271" count="10" type="cond" truecount="1" falsecount="0"/>
        <line num="272" count="10" type="cond" truecount="2" falsecount="0"/>
        <line num="273" count="3" type="stmt"/>
        <line num="274" count="3" type="stmt"/>
        <line num="275" count="3" type="stmt"/>
        <line num="276" count="10" type="stmt"/>
        <line num="277" count="10" type="stmt"/>
        <line num="279" count="1" type="stmt"/>
        <line num="280" count="1" type="cond" truecount="1" falsecount="0"/>
        <line num="282" count="1" type="cond" truecount="1" falsecount="0"/>
        <line num="283" count="8" type="stmt"/>
        <line num="284" count="8" type="stmt"/>
        <line num="285" count="8" type="stmt"/>
        <line num="286" count="8" type="stmt"/>
        <line num="287" count="8" type="stmt"/>
        <line num="288" count="8" type="stmt"/>
        <line num="289" count="8" type="cond" truecount="1" falsecount="0"/>
        <line num="290" count="1" type="stmt"/>
        <line num="291" count="1" type="stmt"/>
        <line num="292" count="1" type="cond" truecount="1" falsecount="0"/>
        <line num="293" count="7" type="cond" truecount="1" falsecount="0"/>
        <line num="294" count="8" type="stmt"/>
        <line num="296" count="1" type="cond" truecount="1" falsecount="0"/>
        <line num="297" count="4" type="stmt"/>
        <line num="298" count="4" type="stmt"/>
        <line num="299" count="4" type="stmt"/>
        <line num="300" count="4" type="stmt"/>
        <line num="301" count="4" type="stmt"/>
        <line num="302" count="4" type="cond" truecount="1" falsecount="0"/>
        <line num="303" count="1" type="stmt"/>
        <line num="304" count="1" type="stmt"/>
        <line num="305" count="1" type="cond" truecount="1" falsecount="0"/>
        <line num="306" count="3" type="stmt"/>
        <line num="307" count="4" type="cond" truecount="1" falsecount="1"/>
        <line num="308" count="4" type="stmt"/>
        <line num="310" count="1" type="cond" truecount="1" falsecount="0"/>
        <line num="311" count="3" type="stmt"/>
        <line num="312" count="3" type="stmt"/>
        <line num="313" count="3" type="stmt"/>
        <line num="314" count="3" type="stmt"/>
        <line num="315" count="3" type="stmt"/>
        <line num="316" count="3" type="cond" truecount="1" falsecount="0"/>
        <line num="317" count="1" type="stmt"/>
        <line num="318" count="1" type="stmt"/>
        <line num="319" count="1" type="stmt"/>
        <line num="320" count="3" type="stmt"/>
        <line num="322" count="1" type="cond" truecount="1" falsecount="0"/>
        <line num="323" count="7" type="cond" truecount="1" falsecount="0"/>
        <line num="324" count="1" type="stmt"/>
        <line num="325" count="1" type="cond" truecount="1" falsecount="0"/>
        <line num="326" count="6" type="stmt"/>
        <line num="327" count="6" type="stmt"/>
        <line num="328" count="6" type="stmt"/>
        <line num="330" count="7" type="cond" truecount="1" falsecount="0"/>
        <line num="331" count="12" type="stmt"/>
        <line num="332" count="12" type="cond" truecount="1" falsecount="0"/>
        <line num="333" count="6" type="stmt"/>
        <line num="335" count="6" type="stmt"/>
        <line num="336" count="6" type="stmt"/>
        <line num="338" count="12" type="cond" truecount="1" falsecount="0"/>
        <line num="339" count="8" type="stmt"/>
        <line num="340" count="8" type="cond" truecount="0" falsecount="1"/>
        <line num="341" count="8" type="stmt"/>
        <line num="342" count="8" type="cond" truecount="1" falsecount="0"/>
        <line num="343" count="8" type="cond" truecount="1" falsecount="0"/>
        <line num="345" count="1" type="stmt"/>
        <line num="346" count="8" type="cond" truecount="1" falsecount="0"/>
        <line num="347" count="6" type="cond" truecount="1" falsecount="0"/>
        <line num="348" count="7" type="cond" truecount="1" falsecount="0"/>
        <line num="349" count="2" type="stmt"/>
        <line num="350" count="2" type="cond" truecount="1" falsecount="0"/>
        <line num="351" count="1" type="stmt"/>
        <line num="353" count="1" type="stmt"/>
        <line num="354" count="2" type="stmt"/>
        <line num="355" count="7" type="stmt"/>
        <line num="356" count="1" type="stmt"/>
      </file>
      <file name="main.ts" path="/Users/tobias/projects/lilbee/plugins/obsidian/src/main.ts">
        <metrics statements="229" coveredstatements="229" conditionals="93" coveredconditionals="93" methods="28" coveredmethods="28"/>
        <line num="1" count="1" type="stmt"/>
        <line num="8" count="8" type="cond" truecount="1" falsecount="0"/>
        <line num="9" count="8" type="stmt"/>
        <line num="10" count="8" type="cond" truecount="1" falsecount="0"/>
        <line num="11" count="8" type="cond" truecount="1" falsecount="0"/>
        <line num="12" count="8" type="cond" truecount="1" falsecount="0"/>
        <line num="13" count="8" type="cond" truecount="1" falsecount="0"/>
        <line num="14" count="8" type="stmt"/>
        <line num="15" count="8" type="stmt"/>
        <line num="17" count="68" type="cond" truecount="1" falsecount="0"/>
        <line num="18" count="68" type="stmt"/>
        <line num="19" count="68" type="stmt"/>
        <line num="20" count="68" type="stmt"/>
        <line num="21" count="68" type="stmt"/>
        <line num="22" count="68" type="stmt"/>
        <line num="23" count="68" type="stmt"/>
        <line num="24" count="68" type="stmt"/>
        <line num="25" count="68" type="stmt"/>
        <line num="26" count="68" type="stmt"/>
        <line num="28" count="68" type="cond" truecount="1" falsecount="0"/>
        <line num="29" count="65" type="stmt"/>
        <line num="30" count="65" type="stmt"/>
        <line num="31" count="65" type="stmt"/>
        <line num="33" count="65" type="stmt"/>
        <line num="34" count="65" type="stmt"/>
        <line num="35" count="65" type="stmt"/>
        <line num="36" count="65" type="stmt"/>
        <line num="37" count="65" type="stmt"/>
        <line num="39" count="65" type="stmt"/>
        <line num="40" count="65" type="cond" truecount="1" falsecount="0"/>
        <line num="41" count="1" type="cond" truecount="1" falsecount="0"/>
        <line num="42" count="1" type="stmt"/>
        <line num="43" count="1" type="stmt"/>
        <line num="44" count="1" type="cond" truecount="1" falsecount="0"/>
        <line num="45" count="1" type="stmt"/>
        <line num="46" count="65" type="stmt"/>
        <line num="47" count="65" type="stmt"/>
        <line num="49" count="65" type="stmt"/>
        <line num="51" count="65" type="cond" truecount="1" falsecount="0"/>
        <line num="52" count="4" type="stmt"/>
        <line num="53" count="4" type="stmt"/>
        <line num="54" count="65" type="stmt"/>
        <line num="56" count="68" type="cond" truecount="1" falsecount="0"/>
        <line num="57" count="65" type="stmt"/>
        <line num="58" count="65" type="stmt"/>
        <line num="59" count="65" type="stmt"/>
        <line num="60" count="65" type="cond" truecount="1" falsecount="0"/>
        <line num="61" count="65" type="stmt"/>
        <line num="63" count="65" type="stmt"/>
        <line num="64" count="65" type="stmt"/>
        <line num="65" count="65" type="stmt"/>
        <line num="66" count="65" type="cond" truecount="1" falsecount="0"/>
        <line num="67" count="65" type="stmt"/>
        <line num="69" count="65" type="stmt"/>
        <line num="70" count="65" type="stmt"/>
        <line num="71" count="65" type="stmt"/>
        <line num="72" count="65" type="cond" truecount="1" falsecount="0"/>
        <line num="73" count="65" type="stmt"/>
        <line num="75" count="65" type="stmt"/>
        <line num="76" count="65" type="stmt"/>
        <line num="77" count="65" type="stmt"/>
        <line num="78" count="65" type="cond" truecount="1" falsecount="0"/>
        <line num="79" count="3" type="stmt"/>
        <line num="80" count="3" type="cond" truecount="2" falsecount="0"/>
        <line num="81" count="3" type="cond" truecount="2" falsecount="0"/>
        <line num="82" count="2" type="stmt"/>
        <line num="83" count="3" type="stmt"/>
        <line num="84" count="65" type="stmt"/>
        <line num="86" count="65" type="stmt"/>
        <line num="87" count="65" type="stmt"/>
        <line num="88" count="65" type="stmt"/>
        <line num="89" count="65" type="cond" truecount="1" falsecount="0"/>
        <line num="90" count="3" type="stmt"/>
        <line num="91" count="3" type="cond" truecount="1" falsecount="0"/>
        <line num="92" count="3" type="cond" truecount="2" falsecount="0"/>
        <line num="93" count="1" type="stmt"/>
        <line num="94" count="1" type="stmt"/>
        <line num="95" count="3" type="stmt"/>
        <line num="96" count="65" type="stmt"/>
        <line num="98" count="65" type="stmt"/>
        <line num="99" count="65" type="stmt"/>
        <line num="100" count="65" type="stmt"/>
        <line num="101" count="65" type="cond" truecount="1" falsecount="0"/>
        <line num="102" count="65" type="stmt"/>
        <line num="104" count="65" type="stmt"/>
        <line num="105" count="65" type="stmt"/>
        <line num="106" count="65" type="stmt"/>
        <line num="107" count="65" type="cond" truecount="1" falsecount="0"/>
        <line num="108" count="2" type="stmt"/>
        <line num="109" count="2" type="cond" truecount="1" falsecount="0"/>
        <line num="110" count="1" type="stmt"/>
        <line num="111" count="1" type="stmt"/>
        <line num="112" count="1" type="stmt"/>
        <line num="113" count="1" type="stmt"/>
        <line num="114" count="1" type="stmt"/>
        <line num="115" count="1" type="stmt"/>
        <line num="116" count="2" type="stmt"/>
        <line num="117" count="65" type="stmt"/>
        <line num="118" count="65" type="stmt"/>
        <line num="120" count="68" type="cond" truecount="1" falsecount="0"/>
        <line num="121" count="2" type="cond" truecount="1" falsecount="0"/>
        <line num="122" count="1" type="stmt"/>
        <line num="123" count="1" type="stmt"/>
        <line num="124" count="2" type="stmt"/>
        <line num="126" count="68" type="cond" truecount="1" falsecount="0"/>
        <line num="127" count="67" type="stmt"/>
        <line num="128" count="67" type="stmt"/>
        <line num="130" count="68" type="cond" truecount="1" falsecount="0"/>
        <line num="131" count="5" type="stmt"/>
        <line num="132" count="5" type="stmt"/>
        <line num="133" count="5" type="stmt"/>
        <line num="134" count="5" type="stmt"/>
        <line num="135" count="5" type="stmt"/>
        <line num="137" count="68" type="cond" truecount="1" falsecount="0"/>
        <line num="138" count="112" type="cond" truecount="2" falsecount="0"/>
        <line num="139" count="112" type="cond" truecount="2" falsecount="0"/>
        <line num="140" count="112" type="stmt"/>
        <line num="141" count="112" type="stmt"/>
        <line num="143" count="68" type="cond" truecount="1" falsecount="0"/>
        <line num="144" count="86" type="stmt"/>
        <line num="145" count="86" type="stmt"/>
        <line num="147" count="68" type="cond" truecount="1" falsecount="0"/>
        <line num="148" count="67" type="cond" truecount="1" falsecount="0"/>
        <line num="149" count="1" type="stmt"/>
        <line num="150" count="1" type="stmt"/>
        <line num="151" count="1" type="stmt"/>
        <line num="152" count="67" type="cond" truecount="1" falsecount="0"/>
        <line num="153" count="67" type="stmt"/>
        <line num="155" count="68" type="cond" truecount="1" falsecount="0"/>
        <line num="156" count="7" type="cond" truecount="3" falsecount="0"/>
        <line num="157" count="7" type="cond" truecount="2" falsecount="0"/>
        <line num="158" count="7" type="stmt"/>
        <line num="159" count="7" type="cond" truecount="1" falsecount="0"/>
        <line num="160" count="7" type="stmt"/>
        <line num="162" count="68" type="cond" truecount="1" falsecount="0"/>
        <line num="163" count="10" type="cond" truecount="2" falsecount="0"/>
        <line num="164" count="9" type="stmt"/>
        <line num="165" count="9" type="stmt"/>
        <line num="166" count="10" type="cond" truecount="1" falsecount="0"/>
        <line num="167" count="10" type="cond" truecount="1" falsecount="0"/>
        <line num="168" count="10" type="stmt"/>
        <line num="170" count="68" type="cond" truecount="1" falsecount="0"/>
        <line num="171" count="22" type="cond" truecount="1" falsecount="0"/>
        <line num="172" count="22" type="stmt"/>
        <line num="174" count="68" type="cond" truecount="1" falsecount="0"/>
        <line num="175" count="14" type="stmt"/>
        <line num="177" count="14" type="stmt"/>
        <line num="178" count="14" type="stmt"/>
        <line num="179" count="14" type="cond" truecount="2" falsecount="0"/>
        <line num="180" count="6" type="stmt"/>
        <line num="181" count="6" type="stmt"/>
        <line num="182" count="6" type="cond" truecount="1" falsecount="0"/>
        <line num="184" count="14" type="cond" truecount="2" falsecount="0"/>
        <line num="185" count="6" type="stmt"/>
        <line num="186" count="6" type="stmt"/>
        <line num="187" count="6" type="cond" truecount="2" falsecount="0"/>
        <line num="188" count="6" type="stmt"/>
        <line num="189" count="14" type="cond" truecount="1" falsecount="0"/>
        <line num="190" count="4" type="cond" truecount="2" falsecount="0"/>
        <line num="191" count="4" type="stmt"/>
        <line num="192" count="4" type="stmt"/>
        <line num="193" count="4" type="cond" truecount="1" falsecount="0"/>
        <line num="195" count="10" type="stmt"/>
        <line num="196" count="14" type="stmt"/>
        <line num="198" count="68" type="cond" truecount="1" falsecount="0"/>
        <line num="199" count="5" type="cond" truecount="2" falsecount="0"/>
        <line num="200" count="1" type="stmt"/>
        <line num="201" count="5" type="cond" truecount="3" falsecount="0"/>
        <line num="202" count="1" type="stmt"/>
        <line num="203" count="1" type="stmt"/>
        <line num="204" count="5" type="stmt"/>
        <line num="206" count="68" type="cond" truecount="1" falsecount="0"/>
        <line num="207" count="1" type="stmt"/>
        <line num="208" count="1" type="stmt"/>
        <line num="210" count="68" type="cond" truecount="1" falsecount="0"/>
        <line num="211" count="3" type="stmt"/>
        <line num="212" count="3" type="cond" truecount="1" falsecount="0"/>
        <line num="213" count="1" type="stmt"/>
        <line num="214" count="1" type="stmt"/>
        <line num="215" count="1" type="cond" truecount="1" falsecount="0"/>
        <line num="216" count="2" type="stmt"/>
        <line num="217" count="3" type="cond" truecount="1" falsecount="0"/>
        <line num="218" count="1" type="stmt"/>
        <line num="219" count="1" type="stmt"/>
        <line num="220" count="1" type="stmt"/>
        <line num="221" count="3" type="stmt"/>
        <line num="223" count="68" type="cond" truecount="1" falsecount="0"/>
        <line num="224" count="5" type="cond" truecount="1" falsecount="0"/>
        <line num="225" count="5" type="stmt"/>
        <line num="226" count="5" type="stmt"/>
        <line num="227" count="5" type="stmt"/>
        <line num="228" count="5" type="stmt"/>
        <line num="229" count="5" type="stmt"/>
        <line num="230" count="5" type="stmt"/>
        <line num="231" count="5" type="stmt"/>
        <line num="232" count="5" type="cond" truecount="1" falsecount="0"/>
        <line num="233" count="20" type="stmt"/>
        <line num="234" count="20" type="stmt"/>
        <line num="235" count="20" type="stmt"/>
        <line num="236" count="5" type="stmt"/>
        <line num="238" count="68" type="cond" truecount="1" falsecount="0"/>
        <line num="239" count="4" type="cond" truecount="1" falsecount="0"/>
        <line num="240" count="1" type="stmt"/>
        <line num="241" count="1" type="stmt"/>
        <line num="242" count="4" type="cond" truecount="1" falsecount="0"/>
        <line num="243" count="2" type="stmt"/>
        <line num="244" count="4" type="stmt"/>
        <line num="245" count="4" type="stmt"/>
        <line num="247" count="68" type="cond" truecount="1" falsecount="0"/>
        <line num="248" count="12" type="cond" truecount="2" falsecount="0"/>
        <line num="249" count="11" type="stmt"/>
        <line num="251" count="11" type="stmt"/>
        <line num="252" count="11" type="stmt"/>
        <line num="253" count="12" type="cond" truecount="1" falsecount="0"/>
        <line num="254" count="8" type="stmt"/>
        <line num="255" count="8" type="stmt"/>
        <line num="256" count="8" type="cond" truecount="1" falsecount="0"/>
        <line num="258" count="12" type="cond" truecount="2" falsecount="0"/>
        <line num="259" count="2" type="stmt"/>
        <line num="260" count="2" type="stmt"/>
        <line num="261" count="2" type="cond" truecount="1" falsecount="0"/>
        <line num="262" count="2" type="stmt"/>
        <line num="263" count="12" type="cond" truecount="1" falsecount="0"/>
        <line num="264" count="1" type="stmt"/>
        <line num="265" count="1" type="stmt"/>
        <line num="266" count="1" type="cond" truecount="1" falsecount="0"/>
        <line num="268" count="10" type="stmt"/>
        <line num="269" count="12" type="stmt"/>
        <line num="270" count="68" type="stmt"/>
      </file>
      <file name="settings.ts" path="/Users/tobias/projects/lilbee/plugins/obsidian/src/settings.ts">
        <metrics statements="449" coveredstatements="449" conditionals="135" coveredconditionals="135" methods="21" coveredmethods="21"/>
        <line num="1" count="1" type="stmt"/>
        <line num="5" count="1" type="stmt"/>
        <line num="6" count="1" type="stmt"/>
        <line num="7" count="1" type="stmt"/>
        <line num="8" count="1" type="stmt"/>
        <line num="14" count="1" type="cond" truecount="1" falsecount="0"/>
        <line num="15" count="341" type="stmt"/>
        <line num="16" count="341" type="stmt"/>
        <line num="17" count="341" type="cond" truecount="1" falsecount="0"/>
        <line num="18" count="341" type="cond" truecount="1" falsecount="0"/>
        <line num="19" count="341" type="stmt"/>
        <line num="20" count="341" type="cond" truecount="1" falsecount="0"/>
        <line num="21" count="173" type="cond" truecount="2" falsecount="0"/>
        <line num="22" count="8" type="stmt"/>
        <line num="23" count="341" type="stmt"/>
        <line num="24" count="341" type="stmt"/>
        <line num="26" count="1" type="cond" truecount="1" falsecount="0"/>
        <line num="27" count="336" type="stmt"/>
        <line num="28" count="336" type="stmt"/>
        <line num="29" count="336" type="stmt"/>
        <line num="30" count="336" type="stmt"/>
        <line num="31" count="336" type="cond" truecount="1" falsecount="0"/>
        <line num="32" count="158" type="stmt"/>
        <line num="33" count="158" type="stmt"/>
        <line num="35" count="336" type="cond" truecount="1" falsecount="0"/>
        <line num="36" count="336" type="cond" truecount="1" falsecount="0"/>
        <line num="37" count="259" type="cond" truecount="2" falsecount="0"/>
        <line num="38" count="259" type="stmt"/>
        <line num="39" count="259" type="stmt"/>
        <line num="41" count="336" type="stmt"/>
        <line num="42" count="336" type="cond" truecount="1" falsecount="0"/>
        <line num="43" count="336" type="stmt"/>
        <line num="45" count="336" type="cond" truecount="1" falsecount="0"/>
        <line num="46" count="85" type="stmt"/>
        <line num="47" count="85" type="cond" truecount="1" falsecount="0"/>
        <line num="48" count="162" type="stmt"/>
        <line num="49" count="162" type="stmt"/>
        <line num="50" count="85" type="stmt"/>
        <line num="52" count="336" type="stmt"/>
        <line num="53" count="336" type="stmt"/>
        <line num="58" count="1" type="stmt"/>
        <line num="59" count="1" type="stmt"/>
        <line num="60" count="1" type="stmt"/>
        <line num="61" count="1" type="stmt"/>
        <line num="62" count="1" type="stmt"/>
        <line num="63" count="1" type="stmt"/>
        <line num="64" count="1" type="stmt"/>
        <line num="65" count="1" type="stmt"/>
        <line num="67" count="1" type="cond" truecount="1" falsecount="0"/>
        <line num="68" count="155" type="stmt"/>
        <line num="69" count="155" type="stmt"/>
        <line num="70" count="155" type="stmt"/>
        <line num="72" count="155" type="cond" truecount="1" falsecount="0"/>
        <line num="73" count="155" type="stmt"/>
        <line num="74" count="155" type="stmt"/>
        <line num="75" count="155" type="stmt"/>
        <line num="77" count="155" type="cond" truecount="1" falsecount="0"/>
        <line num="78" count="59" type="stmt"/>
        <line num="79" count="59" type="stmt"/>
        <line num="81" count="59" type="stmt"/>
        <line num="82" count="59" type="stmt"/>
        <line num="83" count="59" type="stmt"/>
        <line num="84" count="59" type="stmt"/>
        <line num="85" count="59" type="stmt"/>
        <line num="86" count="59" type="stmt"/>
        <line num="87" count="59" type="stmt"/>
        <line num="89" count="155" type="cond" truecount="1" falsecount="0"/>
        <line num="90" count="59" type="stmt"/>
        <line num="91" count="59" type="stmt"/>
        <line num="92" count="59" type="stmt"/>
        <line num="93" count="59" type="cond" truecount="1" falsecount="0"/>
        <line num="94" count="59" type="stmt"/>
        <line num="95" count="59" type="stmt"/>
        <line num="96" count="59" type="stmt"/>
        <line num="97" count="59" type="cond" truecount="1" falsecount="0"/>
        <line num="98" count="1" type="stmt"/>
        <line num="99" count="1" type="stmt"/>
        <line num="100" count="59" type="stmt"/>
        <line num="101" count="59" type="stmt"/>
        <line num="103" count="59" type="stmt"/>
        <line num="104" count="59" type="stmt"/>
        <line num="106" count="59" type="cond" truecount="1" falsecount="0"/>
        <line num="107" count="59" type="cond" truecount="1" falsecount="0"/>
        <line num="108" count="1" type="stmt"/>
        <line num="109" count="59" type="stmt"/>
        <line num="110" count="59" type="stmt"/>
        <line num="112" count="59" type="stmt"/>
        <line num="113" count="59" type="stmt"/>
        <line num="114" count="59" type="stmt"/>
        <line num="115" count="59" type="cond" truecount="1" falsecount="0"/>
        <line num="116" count="59" type="stmt"/>
        <line num="117" count="59" type="stmt"/>
        <line num="118" count="59" type="stmt"/>
        <line num="119" count="59" type="cond" truecount="1" falsecount="0"/>
        <line num="120" count="1" type="stmt"/>
        <line num="121" count="1" type="stmt"/>
        <line num="122" count="59" type="stmt"/>
        <line num="123" count="59" type="stmt"/>
        <line num="125" count="59" type="stmt"/>
        <line num="126" count="59" type="stmt"/>
        <line num="128" count="59" type="cond" truecount="1" falsecount="0"/>
        <line num="129" count="59" type="cond" truecount="1" falsecount="0"/>
        <line num="130" count="1" type="stmt"/>
        <line num="131" count="59" type="stmt"/>
        <line num="132" count="59" type="stmt"/>
        <line num="133" count="59" type="stmt"/>
        <line num="135" count="155" type="cond" truecount="1" falsecount="0"/>
        <line num="136" count="59" type="stmt"/>
        <line num="137" count="59" type="stmt"/>
        <line num="138" count="59" type="stmt"/>
        <line num="139" count="59" type="stmt"/>
        <line num="140" count="59" type="stmt"/>
        <line num="142" count="59" type="stmt"/>
        <line num="143" count="59" type="stmt"/>
        <line num="144" count="59" type="stmt"/>
        <line num="145" count="59" type="stmt"/>
        <line num="146" count="59" type="cond" truecount="1" falsecount="0"/>
        <line num="147" count="59" type="cond" truecount="1" falsecount="0"/>
        <line num="148" count="1" type="stmt"/>
        <line num="149" count="59" type="stmt"/>
        <line num="150" count="59" type="stmt"/>
        <line num="152" count="59" type="stmt"/>
        <line num="153" count="59" type="stmt"/>
        <line num="155" count="155" type="cond" truecount="1" falsecount="0"/>
        <line num="156" count="59" type="stmt"/>
        <line num="157" count="59" type="stmt"/>
        <line num="158" count="59" type="stmt"/>
        <line num="159" count="59" type="cond" truecount="1" falsecount="0"/>
        <line num="160" count="59" type="stmt"/>
        <line num="161" count="59" type="stmt"/>
        <line num="162" count="59" type="stmt"/>
        <line num="163" count="59" type="stmt"/>
        <line num="164" count="59" type="cond" truecount="1" falsecount="0"/>
        <line num="165" count="1" type="stmt"/>
        <line num="166" count="1" type="stmt"/>
        <line num="167" count="59" type="stmt"/>
        <line num="168" count="59" type="stmt"/>
        <line num="169" count="59" type="stmt"/>
        <line num="171" count="155" type="cond" truecount="1" falsecount="0"/>
        <line num="172" count="59" type="stmt"/>
        <line num="173" count="59" type="cond" truecount="1" falsecount="0"/>
        <line num="174" count="59" type="stmt"/>
        <line num="176" count="59" type="stmt"/>
        <line num="177" count="59" type="stmt"/>
        <line num="178" count="59" type="stmt"/>
        <line num="179" count="59" type="stmt"/>
        <line num="180" count="59" type="stmt"/>
        <line num="181" count="59" type="stmt"/>
        <line num="182" count="59" type="stmt"/>
        <line num="183" count="59" type="stmt"/>
        <line num="184" count="59" type="stmt"/>
        <line num="186" count="59" type="cond" truecount="1" falsecount="0"/>
        <line num="187" count="354" type="stmt"/>
        <line num="188" count="354" type="stmt"/>
        <line num="189" count="354" type="stmt"/>
        <line num="190" count="354" type="cond" truecount="1" falsecount="0"/>
        <line num="191" count="354" type="stmt"/>
        <line num="192" count="354" type="stmt"/>
        <line num="193" count="354" type="cond" truecount="2" falsecount="0"/>
        <line num="194" count="354" type="cond" truecount="1" falsecount="0"/>
        <line num="195" count="20" type="stmt"/>
        <line num="196" count="20" type="cond" truecount="1" falsecount="0"/>
        <line num="197" count="6" type="stmt"/>
        <line num="198" count="20" type="cond" truecount="1" falsecount="0"/>
        <line num="199" count="14" type="cond" truecount="2" falsecount="0"/>
        <line num="200" count="14" type="cond" truecount="1" falsecount="0"/>
        <line num="201" count="12" type="stmt"/>
        <line num="202" count="12" type="stmt"/>
        <line num="203" count="14" type="stmt"/>
        <line num="204" count="20" type="stmt"/>
        <line num="205" count="354" type="stmt"/>
        <line num="206" count="354" type="stmt"/>
        <line num="207" count="354" type="stmt"/>
        <line num="208" count="354" type="stmt"/>
        <line num="209" count="59" type="stmt"/>
        <line num="211" count="155" type="cond" truecount="1" falsecount="0"/>
        <line num="212" count="59" type="stmt"/>
        <line num="213" count="59" type="cond" truecount="2" falsecount="0"/>
        <line num="214" count="2" type="cond" truecount="1" falsecount="0"/>
        <line num="215" count="1" type="cond" truecount="1" falsecount="0"/>
        <line num="216" count="6" type="stmt"/>
        <line num="217" count="6" type="stmt"/>
        <line num="218" count="6" type="cond" truecount="1" falsecount="0"/>
        <line num="219" count="5" type="stmt"/>
        <line num="220" count="5" type="stmt"/>
        <line num="221" count="6" type="stmt"/>
        <line num="222" count="2" type="cond" truecount="1" falsecount="0"/>
        <line num="224" count="2" type="stmt"/>
        <line num="225" count="59" type="stmt"/>
        <line num="227" count="155" type="cond" truecount="1" falsecount="0"/>
        <line num="228" count="59" type="stmt"/>
        <line num="229" count="59" type="stmt"/>
        <line num="230" count="59" type="stmt"/>
        <line num="231" count="59" type="cond" truecount="1" falsecount="0"/>
        <line num="232" count="59" type="stmt"/>
        <line num="233" count="59" type="stmt"/>
        <line num="234" count="59" type="stmt"/>
        <line num="235" count="59" type="stmt"/>
        <line num="236" count="59" type="cond" truecount="1" falsecount="0"/>
        <line num="237" count="1" type="stmt"/>
        <line num="238" count="1" type="stmt"/>
        <line num="239" count="1" type="stmt"/>
        <line num="240" count="59" type="stmt"/>
        <line num="241" count="59" type="stmt"/>
        <line num="243" count="59" type="cond" truecount="1" falsecount="0"/>
        <line num="244" count="5" type="stmt"/>
        <line num="245" count="5" type="stmt"/>
        <line num="246" count="5" type="stmt"/>
        <line num="247" count="5" type="cond" truecount="1" falsecount="0"/>
        <line num="248" count="5" type="stmt"/>
        <line num="249" count="5" type="stmt"/>
        <line num="250" count="5" type="stmt"/>
        <line num="251" count="5" type="cond" truecount="1" falsecount="0"/>
        <line num="252" count="4" type="stmt"/>
        <line num="253" count="4" type="cond" truecount="2" falsecount="0"/>
        <line num="254" count="2" type="stmt"/>
        <line num="255" count="2" type="stmt"/>
        <line num="256" count="2" type="stmt"/>
        <line num="257" count="5" type="stmt"/>
        <line num="258" count="5" type="stmt"/>
        <line num="259" count="5" type="stmt"/>
        <line num="260" count="59" type="stmt"/>
        <line num="262" count="155" type="cond" truecount="1" falsecount="0"/>
        <line num="263" count="125" type="stmt"/>
        <line num="264" count="125" type="stmt"/>
        <line num="265" count="125" type="stmt"/>
        <line num="266" count="125" type="stmt"/>
        <line num="267" count="125" type="stmt"/>
        <line num="268" count="125" type="cond" truecount="1" falsecount="0"/>
        <line num="269" count="123" type="stmt"/>
        <line num="270" count="125" type="cond" truecount="2" falsecount="0"/>
        <line num="271" count="125" type="cond" truecount="2" falsecount="0"/>
        <line num="272" count="125" type="cond" truecount="1" falsecount="0"/>
        <line num="273" count="1" type="stmt"/>
        <line num="274" count="1" type="stmt"/>
        <line num="275" count="1" type="stmt"/>
        <line num="276" count="125" type="stmt"/>
        <line num="278" count="155" type="cond" truecount="1" falsecount="0"/>
        <line num="279" count="63" type="stmt"/>
        <line num="280" count="63" type="stmt"/>
        <line num="281" count="63" type="cond" truecount="1" falsecount="0"/>
        <line num="282" count="62" type="stmt"/>
        <line num="283" count="62" type="stmt"/>
        <line num="284" count="63" type="cond" truecount="1" falsecount="0"/>
        <line num="285" count="3" type="stmt"/>
        <line num="286" count="3" type="stmt"/>
        <line num="287" count="3" type="stmt"/>
        <line num="288" count="3" type="stmt"/>
        <line num="289" count="3" type="stmt"/>
        <line num="290" count="63" type="stmt"/>
        <line num="292" count="155" type="cond" truecount="1" falsecount="0"/>
        <line num="293" count="145" type="stmt"/>
        <line num="294" count="145" type="stmt"/>
        <line num="295" count="145" type="stmt"/>
        <line num="296" count="145" type="stmt"/>
        <line num="297" count="145" type="stmt"/>
        <line num="298" count="145" type="stmt"/>
        <line num="299" count="145" type="stmt"/>
        <line num="301" count="145" type="stmt"/>
        <line num="302" count="145" type="stmt"/>
        <line num="303" count="145" type="cond" truecount="3" falsecount="0"/>
        <line num="305" count="145" type="stmt"/>
        <line num="307" count="145" type="cond" truecount="1" falsecount="0"/>
        <line num="308" count="145" type="stmt"/>
        <line num="309" count="145" type="stmt"/>
        <line num="310" count="145" type="stmt"/>
        <line num="311" count="145" type="cond" truecount="1" falsecount="0"/>
        <line num="312" count="20" type="cond" truecount="2" falsecount="0"/>
        <line num="313" count="19" type="stmt"/>
        <line num="314" count="145" type="stmt"/>
        <line num="315" count="145" type="stmt"/>
        <line num="317" count="145" type="stmt"/>
        <line num="318" count="145" type="stmt"/>
        <line num="319" count="145" type="stmt"/>
        <line num="320" count="145" type="stmt"/>
        <line num="321" count="145" type="stmt"/>
        <line num="322" count="145" type="stmt"/>
        <line num="323" count="145" type="stmt"/>
        <line num="325" count="145" type="cond" truecount="1" falsecount="0"/>
        <line num="326" count="225" type="stmt"/>
        <line num="327" count="225" type="stmt"/>
        <line num="328" count="145" type="stmt"/>
        <line num="330" count="155" type="cond" truecount="1" falsecount="0"/>
        <line num="331" count="19" type="stmt"/>
        <line num="332" count="19" type="stmt"/>
        <line num="333" count="19" type="stmt"/>
        <line num="334" count="19" type="stmt"/>
        <line num="335" count="19" type="stmt"/>
        <line num="336" count="19" type="stmt"/>
        <line num="337" count="19" type="stmt"/>
        <line num="338" count="19" type="cond" truecount="2" falsecount="0"/>
        <line num="339" count="19" type="stmt"/>
        <line num="340" count="19" type="cond" truecount="1" falsecount="0"/>
        <line num="341" count="15" type="stmt"/>
        <line num="342" count="15" type="stmt"/>
        <line num="343" count="15" type="cond" truecount="1" falsecount="0"/>
        <line num="344" count="4" type="stmt"/>
        <line num="345" count="19" type="cond" truecount="1" falsecount="0"/>
        <line num="346" count="2" type="cond" truecount="1" falsecount="0"/>
        <line num="347" count="2" type="stmt"/>
        <line num="348" count="2" type="stmt"/>
        <line num="349" count="2" type="cond" truecount="1" falsecount="0"/>
        <line num="350" count="19" type="cond" truecount="1" falsecount="0"/>
        <line num="351" count="19" type="stmt"/>
        <line num="352" count="19" type="cond" truecount="1" falsecount="0"/>
        <line num="353" count="1" type="stmt"/>
        <line num="354" count="1" type="stmt"/>
        <line num="355" count="19" type="stmt"/>
        <line num="357" count="155" type="cond" truecount="1" falsecount="0"/>
        <line num="358" count="15" type="stmt"/>
        <line num="359" count="15" type="stmt"/>
        <line num="360" count="15" type="stmt"/>
        <line num="361" count="15" type="stmt"/>
        <line num="362" count="15" type="cond" truecount="2" falsecount="0"/>
        <line num="363" count="14" type="stmt"/>
        <line num="364" count="14" type="stmt"/>
        <line num="365" count="14" type="stmt"/>
        <line num="366" count="14" type="stmt"/>
        <line num="367" count="14" type="stmt"/>
        <line num="368" count="14" type="stmt"/>
        <line num="369" count="14" type="cond" truecount="1" falsecount="0"/>
        <line num="370" count="14" type="stmt"/>
        <line num="371" count="14" type="stmt"/>
        <line num="372" count="14" type="stmt"/>
        <line num="373" count="14" type="stmt"/>
        <line num="374" count="15" type="cond" truecount="1" falsecount="0"/>
        <line num="375" count="20" type="cond" truecount="2" falsecount="0"/>
        <line num="376" count="8" type="stmt"/>
        <line num="377" count="8" type="stmt"/>
        <line num="378" count="8" type="cond" truecount="1" falsecount="0"/>
        <line num="379" count="6" type="stmt"/>
        <line num="380" count="6" type="stmt"/>
        <line num="381" count="6" type="stmt"/>
        <line num="382" count="6" type="stmt"/>
        <line num="383" count="8" type="stmt"/>
        <line num="384" count="20" type="cond" truecount="1" falsecount="0"/>
        <line num="385" count="15" type="cond" truecount="1" falsecount="0"/>
        <line num="386" count="10" type="stmt"/>
        <line num="387" count="15" type="cond" truecount="1" falsecount="0"/>
        <line num="388" count="1" type="stmt"/>
        <line num="389" count="1" type="cond" truecount="1" falsecount="0"/>
        <line num="390" count="11" type="stmt"/>
        <line num="391" count="11" type="stmt"/>
        <line num="392" count="11" type="stmt"/>
        <line num="393" count="15" type="cond" truecount="1" falsecount="0"/>
        <line num="394" count="3" type="cond" truecount="1" falsecount="0"/>
        <line num="395" count="2" type="stmt"/>
        <line num="396" count="3" type="cond" truecount="1" falsecount="0"/>
        <line num="397" count="1" type="stmt"/>
        <line num="398" count="1" type="stmt"/>
        <line num="399" count="15" type="cond" truecount="1" falsecount="0"/>
        <line num="400" count="14" type="stmt"/>
        <line num="401" count="14" type="stmt"/>
        <line num="402" count="14" type="stmt"/>
        <line num="403" count="15" type="stmt"/>
        <line num="405" count="155" type="cond" truecount="1" falsecount="0"/>
        <line num="406" count="247" type="stmt"/>
        <line num="407" count="247" type="stmt"/>
        <line num="408" count="247" type="stmt"/>
        <line num="409" count="247" type="stmt"/>
        <line num="410" count="247" type="stmt"/>
        <line num="411" count="247" type="stmt"/>
        <line num="412" count="247" type="stmt"/>
        <line num="413" count="247" type="stmt"/>
        <line num="414" count="247" type="stmt"/>
        <line num="416" count="247" type="cond" truecount="1" falsecount="0"/>
        <line num="417" count="89" type="stmt"/>
        <line num="418" count="89" type="stmt"/>
        <line num="419" count="89" type="stmt"/>
        <line num="420" count="89" type="stmt"/>
        <line num="421" count="89" type="cond" truecount="1" falsecount="0"/>
        <line num="422" count="247" type="cond" truecount="1" falsecount="0"/>
        <line num="423" count="158" type="stmt"/>
        <line num="424" count="158" type="cond" truecount="1" falsecount="0"/>
        <line num="425" count="158" type="stmt"/>
        <line num="426" count="247" type="stmt"/>
        <line num="428" count="155" type="cond" truecount="1" falsecount="0"/>
        <line num="429" count="15" type="stmt"/>
        <line num="430" count="15" type="stmt"/>
        <line num="431" count="15" type="stmt"/>
        <line num="432" count="15" type="stmt"/>
        <line num="433" count="15" type="stmt"/>
        <line num="434" count="15" type="cond" truecount="2" falsecount="0"/>
        <line num="435" count="13" type="stmt"/>
        <line num="436" count="13" type="stmt"/>
        <line num="437" count="13" type="stmt"/>
        <line num="438" count="13" type="cond" truecount="1" falsecount="0"/>
        <line num="439" count="13" type="stmt"/>
        <line num="440" count="13" type="stmt"/>
        <line num="441" count="13" type="stmt"/>
        <line num="442" count="13" type="stmt"/>
        <line num="443" count="13" type="stmt"/>
        <line num="444" count="15" type="cond" truecount="1" falsecount="0"/>
        <line num="445" count="17" type="cond" truecount="2" falsecount="0"/>
        <line num="446" count="4" type="stmt"/>
        <line num="447" count="4" type="stmt"/>
        <line num="448" count="4" type="cond" truecount="1" falsecount="0"/>
        <line num="449" count="3" type="stmt"/>
        <line num="450" count="3" type="stmt"/>
        <line num="451" count="4" type="stmt"/>
        <line num="452" count="17" type="cond" truecount="1" falsecount="0"/>
        <line num="453" count="11" type="stmt"/>
        <line num="454" count="15" type="cond" truecount="1" falsecount="0"/>
        <line num="455" count="10" type="stmt"/>
        <line num="456" count="15" type="cond" truecount="1" falsecount="0"/>
        <line num="457" count="1" type="stmt"/>
        <line num="458" count="1" type="cond" truecount="1" falsecount="0"/>
        <line num="459" count="11" type="stmt"/>
        <line num="460" count="11" type="stmt"/>
        <line num="461" count="15" type="cond" truecount="1" falsecount="0"/>
        <line num="462" count="2" type="cond" truecount="1" falsecount="0"/>
        <line num="463" count="1" type="stmt"/>
        <line num="464" count="1" type="stmt"/>
        <line num="465" count="1" type="stmt"/>
        <line num="466" count="1" type="stmt"/>
        <line num="467" count="2" type="stmt"/>
        <line num="468" count="2" type="stmt"/>
        <line num="469" count="15" type="cond" truecount="1" falsecount="0"/>
        <line num="470" count="13" type="stmt"/>
        <line num="471" count="13" type="stmt"/>
        <line num="472" count="13" type="stmt"/>
        <line num="473" count="15" type="stmt"/>
        <line num="475" count="155" type="cond" truecount="1" falsecount="0"/>
        <line num="476" count="5" type="stmt"/>
        <line num="477" count="5" type="stmt"/>
        <line num="478" count="5" type="stmt"/>
        <line num="479" count="5" type="stmt"/>
        <line num="480" count="5" type="stmt"/>
        <line num="481" count="5" type="stmt"/>
        <line num="482" count="5" type="cond" truecount="1" falsecount="0"/>
        <line num="483" count="4" type="stmt"/>
        <line num="484" count="5" type="cond" truecount="2" falsecount="0"/>
        <line num="485" count="1" type="stmt"/>
        <line num="486" count="1" type="stmt"/>
        <line num="487" count="5" type="cond" truecount="3" falsecount="0"/>
        <line num="488" count="1" type="stmt"/>
        <line num="489" count="1" type="stmt"/>
        <line num="490" count="1" type="cond" truecount="1" falsecount="0"/>
        <line num="491" count="4" type="stmt"/>
        <line num="492" count="4" type="stmt"/>
        <line num="493" count="5" type="cond" truecount="1" falsecount="0"/>
        <line num="494" count="1" type="stmt"/>
        <line num="495" count="1" type="stmt"/>
        <line num="496" count="5" type="cond" truecount="1" falsecount="0"/>
        <line num="497" count="4" type="stmt"/>
        <line num="498" count="4" type="stmt"/>
        <line num="499" count="4" type="stmt"/>
        <line num="500" count="5" type="stmt"/>
        <line num="501" count="155" type="stmt"/>
      </file>
      <file name="types.ts" path="/Users/tobias/projects/lilbee/plugins/obsidian/src/types.ts">
        <metrics statements="27" coveredstatements="27" conditionals="0" coveredconditionals="0" methods="0" coveredmethods="0"/>
        <line num="122" count="1" type="stmt"/>
        <line num="123" count="1" type="stmt"/>
        <line num="124" count="1" type="stmt"/>
        <line num="125" count="1" type="stmt"/>
        <line num="126" count="1" type="stmt"/>
        <line num="127" count="1" type="stmt"/>
        <line num="128" count="1" type="stmt"/>
        <line num="129" count="1" type="stmt"/>
        <line num="130" count="1" type="stmt"/>
        <line num="131" count="1" type="stmt"/>
        <line num="132" count="1" type="stmt"/>
        <line num="133" count="1" type="stmt"/>
        <line num="134" count="1" type="stmt"/>
        <line num="137" count="1" type="stmt"/>
        <line num="138" count="1" type="stmt"/>
        <line num="139" count="1" type="stmt"/>
        <line num="140" count="1" type="stmt"/>
        <line num="141" count="1" type="stmt"/>
        <line num="142" count="1" type="stmt"/>
        <line num="143" count="1" type="stmt"/>
        <line num="144" count="1" type="stmt"/>
        <line num="145" count="1" type="stmt"/>
        <line num="146" count="1" type="stmt"/>
        <line num="147" count="1" type="stmt"/>
        <line num="148" count="1" type="stmt"/>
        <line num="149" count="1" type="stmt"/>
        <line num="151" count="1" type="stmt"/>
      </file>
    </package>
    <package name="src.views">
      <metrics statements="664" coveredstatements="664" conditionals="219" coveredconditionals="219" methods="60" coveredmethods="60"/>
      <file name="chat-view.ts" path="/Users/tobias/projects/lilbee/plugins/obsidian/src/views/chat-view.ts">
        <metrics statements="502" coveredstatements="502" conditionals="157" coveredconditionals="157" methods="48" coveredmethods="48"/>
        <line num="1" count="1" type="stmt"/>
        <line num="14" count="1" type="stmt"/>
        <line num="24" count="1" type="stmt"/>
        <line num="26" count="1" type="stmt"/>
        <line num="34" count="1" type="stmt"/>
        <line num="35" count="1" type="cond" truecount="1" falsecount="0"/>
        <line num="36" count="4" type="stmt"/>
        <line num="37" count="4" type="stmt"/>
        <line num="38" count="4" type="stmt"/>
        <line num="39" count="4" type="stmt"/>
        <line num="40" count="1" type="cond" truecount="1" falsecount="0"/>
        <line num="41" count="1" type="stmt"/>
        <line num="42" count="1" type="stmt"/>
        <line num="43" count="1" type="stmt"/>
        <line num="44" count="1" type="stmt"/>
        <line num="45" count="1" type="cond" truecount="1" falsecount="0"/>
        <line num="46" count="1" type="stmt"/>
        <line num="47" count="1" type="stmt"/>
        <line num="48" count="1" type="stmt"/>
        <line num="49" count="1" type="stmt"/>
        <line num="50" count="1" type="cond" truecount="1" falsecount="0"/>
        <line num="51" count="1" type="stmt"/>
        <line num="52" count="1" type="stmt"/>
        <line num="53" count="1" type="stmt"/>
        <line num="54" count="1" type="stmt"/>
        <line num="55" count="1" type="cond" truecount="1" falsecount="0"/>
        <line num="56" count="1" type="stmt"/>
        <line num="57" count="1" type="stmt"/>
        <line num="58" count="1" type="stmt"/>
        <line num="59" count="1" type="stmt"/>
        <line num="60" count="1" type="stmt"/>
        <line num="62" count="1" type="cond" truecount="1" falsecount="0"/>
        <line num="69" count="35" type="stmt"/>
        <line num="70" count="35" type="stmt"/>
        <line num="71" count="35" type="cond" truecount="1" falsecount="0"/>
        <line num="72" count="35" type="cond" truecount="1" falsecount="0"/>
        <line num="73" count="35" type="cond" truecount="1" falsecount="0"/>
        <line num="74" count="35" type="cond" truecount="1" falsecount="0"/>
        <line num="75" count="35" type="cond" truecount="1" falsecount="0"/>
        <line num="76" count="35" type="cond" truecount="1" falsecount="0"/>
        <line num="77" count="35" type="stmt"/>
        <line num="78" count="35" type="stmt"/>
        <line num="80" count="21" type="cond" truecount="1" falsecount="0"/>
        <line num="81" count="21" type="cond" truecount="3" falsecount="0"/>
        <line num="82" count="12" type="stmt"/>
        <line num="83" count="12" type="cond" truecount="1" falsecount="0"/>
        <line num="84" count="9" type="stmt"/>
        <line num="85" count="9" type="stmt"/>
        <line num="87" count="1" type="cond" truecount="1" falsecount="0"/>
        <line num="88" count="94" type="stmt"/>
        <line num="89" count="94" type="stmt"/>
        <line num="90" count="94" type="stmt"/>
        <line num="91" count="94" type="stmt"/>
        <line num="92" count="94" type="stmt"/>
        <line num="93" count="94" type="stmt"/>
        <line num="94" count="94" type="stmt"/>
        <line num="95" count="94" type="stmt"/>
        <line num="96" count="94" type="stmt"/>
        <line num="97" count="94" type="stmt"/>
        <line num="98" count="94" type="stmt"/>
        <line num="99" count="94" type="stmt"/>
        <line num="100" count="94" type="stmt"/>
        <line num="101" count="94" type="stmt"/>
        <line num="102" count="94" type="stmt"/>
        <line num="104" count="94" type="cond" truecount="1" falsecount="0"/>
        <line num="105" count="94" type="stmt"/>
        <line num="106" count="94" type="stmt"/>
        <line num="107" count="94" type="stmt"/>
        <line num="109" count="94" type="cond" truecount="1" falsecount="0"/>
        <line num="110" count="1" type="stmt"/>
        <line num="111" count="1" type="stmt"/>
        <line num="113" count="94" type="cond" truecount="1" falsecount="0"/>
        <line num="114" count="1" type="stmt"/>
        <line num="115" count="1" type="stmt"/>
        <line num="117" count="94" type="cond" truecount="1" falsecount="0"/>
        <line num="118" count="1" type="stmt"/>
        <line num="119" count="1" type="stmt"/>
        <line num="121" count="94" type="cond" truecount="1" falsecount="0"/>
        <line num="122" count="87" type="stmt"/>
        <line num="123" count="87" type="stmt"/>
        <line num="124" count="87" type="stmt"/>
        <line num="126" count="87" type="stmt"/>
        <line num="127" count="87" type="stmt"/>
        <line num="128" count="87" type="stmt"/>
        <line num="129" count="87" type="stmt"/>
        <line num="131" count="87" type="cond" truecount="1" falsecount="0"/>
        <line num="132" count="87" type="stmt"/>
        <line num="134" count="94" type="cond" truecount="1" falsecount="0"/>
        <line num="135" count="3" type="cond" truecount="1" falsecount="0"/>
        <line num="136" count="3" type="cond" truecount="1" falsecount="0"/>
        <line num="137" count="3" type="stmt"/>
        <line num="138" count="3" type="stmt"/>
        <line num="139" count="3" type="stmt"/>
        <line num="140" count="3" type="stmt"/>
        <line num="142" count="94" type="cond" truecount="1" falsecount="0"/>
        <line num="143" count="87" type="stmt"/>
        <line num="145" count="87" type="stmt"/>
        <line num="146" count="87" type="stmt"/>
        <line num="147" count="87" type="stmt"/>
        <line num="148" count="87" type="stmt"/>
        <line num="150" count="87" type="stmt"/>
        <line num="151" count="87" type="stmt"/>
        <line num="152" count="87" type="stmt"/>
        <line num="153" count="87" type="stmt"/>
        <line num="155" count="87" type="stmt"/>
        <line num="156" count="87" type="stmt"/>
        <line num="157" count="87" type="stmt"/>
        <line num="158" count="87" type="stmt"/>
        <line num="160" count="87" type="stmt"/>
        <line num="161" count="87" type="stmt"/>
        <line num="162" count="87" type="stmt"/>
        <line num="163" count="87" type="stmt"/>
        <line num="165" count="87" type="stmt"/>
        <line num="167" count="87" type="stmt"/>
        <line num="169" count="87" type="stmt"/>
        <line num="170" count="87" type="stmt"/>
        <line num="171" count="87" type="stmt"/>
        <line num="172" count="87" type="cond" truecount="1" falsecount="0"/>
        <line num="174" count="87" type="stmt"/>
        <line num="175" count="87" type="stmt"/>
        <line num="176" count="87" type="stmt"/>
        <line num="177" count="87" type="stmt"/>
        <line num="178" count="87" type="cond" truecount="1" falsecount="0"/>
        <line num="179" count="87" type="stmt"/>
        <line num="181" count="94" type="cond" truecount="1" falsecount="0"/>
        <line num="182" count="87" type="stmt"/>
        <line num="183" count="87" type="stmt"/>
        <line num="184" count="87" type="stmt"/>
        <line num="185" count="87" type="stmt"/>
        <line num="186" count="87" type="stmt"/>
        <line num="187" count="87" type="stmt"/>
        <line num="188" count="87" type="stmt"/>
        <line num="189" count="87" type="stmt"/>
        <line num="190" count="87" type="stmt"/>
        <line num="191" count="87" type="stmt"/>
        <line num="192" count="87" type="stmt"/>
        <line num="193" count="87" type="stmt"/>
        <line num="195" count="94" type="cond" truecount="1" falsecount="0"/>
        <line num="196" count="87" type="stmt"/>
        <line num="198" count="87" type="stmt"/>
        <line num="199" count="87" type="stmt"/>
        <line num="200" count="87" type="stmt"/>
        <line num="201" count="87" type="cond" truecount="1" falsecount="0"/>
        <line num="203" count="87" type="stmt"/>
        <line num="204" count="87" type="stmt"/>
        <line num="205" count="87" type="stmt"/>
        <line num="206" count="87" type="stmt"/>
        <line num="207" count="87" type="stmt"/>
        <line num="208" count="87" type="stmt"/>
        <line num="209" count="87" type="stmt"/>
        <line num="210" count="87" type="stmt"/>
        <line num="212" count="87" type="cond" truecount="1" falsecount="0"/>
        <line num="213" count="33" type="stmt"/>
        <line num="214" count="33" type="cond" truecount="2" falsecount="0"/>
        <line num="215" count="31" type="stmt"/>
        <line num="216" count="31" type="stmt"/>
        <line num="217" count="33" type="stmt"/>
        <line num="219" count="87" type="cond" truecount="1" falsecount="0"/>
        <line num="220" count="33" type="cond" truecount="1" falsecount="0"/>
        <line num="221" count="1" type="stmt"/>
        <line num="222" count="33" type="cond" truecount="1" falsecount="0"/>
        <line num="223" count="32" type="stmt"/>
        <line num="224" count="32" type="stmt"/>
        <line num="225" count="87" type="stmt"/>
        <line num="226" count="87" type="cond" truecount="1" falsecount="0"/>
        <line num="227" count="3" type="cond" truecount="2" falsecount="0"/>
        <line num="228" count="1" type="stmt"/>
        <line num="229" count="1" type="stmt"/>
        <line num="230" count="1" type="stmt"/>
        <line num="231" count="87" type="stmt"/>
        <line num="232" count="87" type="stmt"/>
        <line num="234" count="94" type="cond" truecount="1" falsecount="0"/>
        <line num="235" count="93" type="cond" truecount="1" falsecount="0"/>
        <line num="236" count="92" type="stmt"/>
        <line num="237" count="92" type="stmt"/>
        <line num="238" count="92" type="stmt"/>
        <line num="239" count="92" type="stmt"/>
        <line num="240" count="93" type="cond" truecount="1" falsecount="0"/>
        <line num="241" count="1" type="stmt"/>
        <line num="242" count="1" type="stmt"/>
        <line num="243" count="93" type="stmt"/>
        <line num="244" count="93" type="stmt"/>
        <line num="246" count="94" type="cond" truecount="1" falsecount="0"/>
        <line num="247" count="184" type="stmt"/>
        <line num="248" count="184" type="cond" truecount="1" falsecount="0"/>
        <line num="249" count="358" type="stmt"/>
        <line num="250" count="358" type="stmt"/>
        <line num="251" count="358" type="cond" truecount="1" falsecount="0"/>
        <line num="252" count="82" type="stmt"/>
        <line num="253" count="82" type="stmt"/>
        <line num="254" count="358" type="cond" truecount="1" falsecount="0"/>
        <line num="255" count="184" type="stmt"/>
        <line num="256" count="184" type="stmt"/>
        <line num="257" count="358" type="stmt"/>
        <line num="258" count="184" type="stmt"/>
        <line num="260" count="94" type="cond" truecount="1" falsecount="0"/>
        <line num="261" count="87" type="cond" truecount="1" falsecount="0"/>
        <line num="262" count="10" type="cond" truecount="3" falsecount="0"/>
        <line num="263" count="10" type="stmt"/>
        <line num="264" count="10" type="cond" truecount="2" falsecount="0"/>
        <line num="265" count="10" type="stmt"/>
        <line num="266" count="10" type="cond" truecount="1" falsecount="0"/>
        <line num="267" count="6" type="stmt"/>
        <line num="268" count="6" type="stmt"/>
        <line num="269" count="6" type="cond" truecount="1" falsecount="0"/>
        <line num="270" count="2" type="cond" truecount="1" falsecount="0"/>
        <line num="271" count="1" type="stmt"/>
        <line num="272" count="1" type="stmt"/>
        <line num="273" count="2" type="cond" truecount="1" falsecount="0"/>
        <line num="274" count="1" type="stmt"/>
        <line num="275" count="2" type="stmt"/>
        <line num="276" count="87" type="stmt"/>
        <line num="277" count="87" type="stmt"/>
        <line num="279" count="94" type="cond" truecount="1" falsecount="0"/>
        <line num="280" count="87" type="cond" truecount="1" falsecount="0"/>
        <line num="281" count="7" type="cond" truecount="2" falsecount="0"/>
        <line num="282" count="7" type="stmt"/>
        <line num="283" count="7" type="cond" truecount="2" falsecount="0"/>
        <line num="284" count="7" type="stmt"/>
        <line num="285" count="7" type="cond" truecount="1" falsecount="0"/>
        <line num="286" count="3" type="stmt"/>
        <line num="287" count="3" type="stmt"/>
        <line num="288" count="3" type="stmt"/>
        <line num="289" count="3" type="cond" truecount="1" falsecount="0"/>
        <line num="290" count="2" type="stmt"/>
        <line num="291" count="2" type="stmt"/>
        <line num="292" count="3" type="cond" truecount="1" falsecount="0"/>
        <line num="293" count="1" type="stmt"/>
        <line num="294" count="3" type="stmt"/>
        <line num="295" count="87" type="stmt"/>
        <line num="296" count="87" type="stmt"/>
        <line num="298" count="94" type="cond" truecount="1" falsecount="0"/>
        <line num="299" count="6" type="stmt"/>
        <line num="300" count="6" type="stmt"/>
        <line num="302" count="94" type="cond" truecount="1" falsecount="0"/>
        <line num="303" count="3" type="stmt"/>
        <line num="304" count="3" type="stmt"/>
        <line num="306" count="94" type="cond" truecount="1" falsecount="0"/>
        <line num="307" count="9" type="stmt"/>
        <line num="308" count="9" type="stmt"/>
        <line num="309" count="9" type="stmt"/>
        <line num="310" count="9" type="cond" truecount="1" falsecount="0"/>
        <line num="311" count="9" type="stmt"/>
        <line num="312" count="9" type="stmt"/>
        <line num="313" count="9" type="stmt"/>
        <line num="314" count="9" type="stmt"/>
        <line num="315" count="9" type="cond" truecount="1" falsecount="0"/>
        <line num="316" count="13" type="cond" truecount="2" falsecount="0"/>
        <line num="317" count="5" type="stmt"/>
        <line num="318" count="5" type="stmt"/>
        <line num="319" count="5" type="stmt"/>
        <line num="320" count="5" type="stmt"/>
        <line num="321" count="5" type="stmt"/>
        <line num="322" count="5" type="stmt"/>
        <line num="323" count="5" type="stmt"/>
        <line num="324" count="13" type="cond" truecount="1" falsecount="0"/>
        <line num="325" count="6" type="stmt"/>
        <line num="326" count="9" type="cond" truecount="1" falsecount="0"/>
        <line num="327" count="4" type="stmt"/>
        <line num="328" count="4" type="stmt"/>
        <line num="329" count="9" type="cond" truecount="1" falsecount="0"/>
        <line num="330" count="2" type="stmt"/>
        <line num="331" count="2" type="stmt"/>
        <line num="332" count="2" type="cond" truecount="1" falsecount="0"/>
        <line num="333" count="6" type="stmt"/>
        <line num="334" count="6" type="stmt"/>
        <line num="335" count="6" type="stmt"/>
        <line num="336" count="9" type="cond" truecount="1" falsecount="0"/>
        <line num="337" count="3" type="cond" truecount="1" falsecount="0"/>
        <line num="338" count="1" type="stmt"/>
        <line num="339" count="3" type="cond" truecount="1" falsecount="0"/>
        <line num="340" count="2" type="stmt"/>
        <line num="341" count="2" type="stmt"/>
        <line num="342" count="3" type="stmt"/>
        <line num="343" count="9" type="stmt"/>
        <line num="344" count="9" type="stmt"/>
        <line num="345" count="9" type="stmt"/>
        <line num="346" count="9" type="stmt"/>
        <line num="347" count="9" type="stmt"/>
        <line num="348" count="9" type="stmt"/>
        <line num="350" count="94" type="cond" truecount="1" falsecount="0"/>
        <line num="351" count="6" type="stmt"/>
        <line num="352" count="6" type="stmt"/>
        <line num="353" count="6" type="stmt"/>
        <line num="354" count="6" type="stmt"/>
        <line num="356" count="94" type="cond" truecount="1" falsecount="0"/>
        <line num="357" count="2" type="stmt"/>
        <line num="358" count="2" type="stmt"/>
        <line num="359" count="2" type="stmt"/>
        <line num="361" count="94" type="cond" truecount="1" falsecount="0"/>
        <line num="362" count="32" type="cond" truecount="3" falsecount="0"/>
        <line num="363" count="31" type="stmt"/>
        <line num="364" count="31" type="stmt"/>
        <line num="365" count="31" type="stmt"/>
        <line num="367" count="31" type="stmt"/>
        <line num="368" count="31" type="stmt"/>
        <line num="369" count="31" type="stmt"/>
        <line num="371" count="31" type="stmt"/>
        <line num="372" count="31" type="stmt"/>
        <line num="373" count="31" type="stmt"/>
        <line num="374" count="31" type="stmt"/>
        <line num="375" count="31" type="stmt"/>
        <line num="376" count="31" type="stmt"/>
        <line num="378" count="31" type="stmt"/>
        <line num="380" count="31" type="cond" truecount="1" falsecount="0"/>
        <line num="381" count="50" type="cond" truecount="1" falsecount="0"/>
        <line num="382" count="50" type="stmt"/>
        <line num="383" count="50" type="stmt"/>
        <line num="385" count="31" type="cond" truecount="1" falsecount="0"/>
        <line num="386" count="18" type="stmt"/>
        <line num="387" count="18" type="stmt"/>
        <line num="389" count="31" type="cond" truecount="1" falsecount="0"/>
        <line num="390" count="19" type="cond" truecount="2" falsecount="0"/>
        <line num="391" count="18" type="stmt"/>
        <line num="392" count="18" type="cond" truecount="1" falsecount="0"/>
        <line num="393" count="18" type="stmt"/>
        <line num="394" count="18" type="stmt"/>
        <line num="395" count="18" type="stmt"/>
        <line num="396" count="19" type="stmt"/>
        <line num="398" count="31" type="stmt"/>
        <line num="400" count="31" type="stmt"/>
        <line num="401" count="31" type="stmt"/>
        <line num="402" count="31" type="stmt"/>
        <line num="403" count="31" type="stmt"/>
        <line num="404" count="31" type="stmt"/>
        <line num="405" count="31" type="stmt"/>
        <line num="406" count="31" type="stmt"/>
        <line num="407" count="32" type="cond" truecount="1" falsecount="0"/>
        <line num="408" count="49" type="stmt"/>
        <line num="409" count="49" type="cond" truecount="1" falsecount="0"/>
        <line num="410" count="32" type="cond" truecount="1" falsecount="0"/>
        <line num="411" count="4" type="cond" truecount="1" falsecount="0"/>
        <line num="412" count="3" type="stmt"/>
        <line num="413" count="3" type="cond" truecount="1" falsecount="0"/>
        <line num="414" count="2" type="stmt"/>
        <line num="415" count="2" type="stmt"/>
        <line num="416" count="3" type="cond" truecount="1" falsecount="0"/>
        <line num="417" count="1" type="stmt"/>
        <line num="418" count="1" type="stmt"/>
        <line num="419" count="4" type="cond" truecount="1" falsecount="0"/>
        <line num="420" count="1" type="stmt"/>
        <line num="421" count="1" type="stmt"/>
        <line num="422" count="1" type="stmt"/>
        <line num="423" count="1" type="stmt"/>
        <line num="424" count="32" type="cond" truecount="1" falsecount="0"/>
        <line num="425" count="31" type="stmt"/>
        <line num="426" count="31" type="stmt"/>
        <line num="427" count="31" type="stmt"/>
        <line num="428" count="31" type="stmt"/>
        <line num="429" count="31" type="stmt"/>
        <line num="430" count="31" type="stmt"/>
        <line num="431" count="32" type="stmt"/>
        <line num="433" count="94" type="cond" truecount="1" falsecount="0"/>
        <line num="434" count="49" type="stmt"/>
        <line num="435" count="49" type="stmt"/>
        <line num="436" count="49" type="stmt"/>
        <line num="437" count="49" type="stmt"/>
        <line num="438" count="49" type="stmt"/>
        <line num="439" count="49" type="stmt"/>
        <line num="440" count="49" type="stmt"/>
        <line num="441" count="49" type="stmt"/>
        <line num="442" count="49" type="cond" truecount="1" falsecount="0"/>
        <line num="443" count="19" type="stmt"/>
        <line num="444" count="19" type="stmt"/>
        <line num="445" count="19" type="stmt"/>
        <line num="446" count="19" type="stmt"/>
        <line num="447" count="19" type="stmt"/>
        <line num="448" count="49" type="cond" truecount="1" falsecount="0"/>
        <line num="449" count="3" type="stmt"/>
        <line num="450" count="3" type="stmt"/>
        <line num="451" count="49" type="cond" truecount="1" falsecount="0"/>
        <line num="452" count="25" type="stmt"/>
        <line num="453" count="25" type="stmt"/>
        <line num="454" count="25" type="cond" truecount="1" falsecount="0"/>
        <line num="455" count="25" type="stmt"/>
        <line num="456" count="25" type="stmt"/>
        <line num="457" count="25" type="stmt"/>
        <line num="458" count="49" type="cond" truecount="1" falsecount="0"/>
        <line num="459" count="2" type="stmt"/>
        <line num="460" count="2" type="stmt"/>
        <line num="461" count="2" type="stmt"/>
        <line num="462" count="2" type="stmt"/>
        <line num="463" count="2" type="stmt"/>
        <line num="464" count="2" type="stmt"/>
        <line num="465" count="2" type="stmt"/>
        <line num="466" count="49" type="stmt"/>
        <line num="467" count="49" type="stmt"/>
        <line num="469" count="94" type="cond" truecount="1" falsecount="0"/>
        <line num="470" count="45" type="stmt"/>
        <line num="471" count="45" type="stmt"/>
        <line num="472" count="45" type="stmt"/>
        <line num="473" count="45" type="stmt"/>
        <line num="475" count="94" type="cond" truecount="1" falsecount="0"/>
        <line num="476" count="3" type="stmt"/>
        <line num="477" count="3" type="cond" truecount="1" falsecount="0"/>
        <line num="478" count="3" type="stmt"/>
        <line num="479" count="3" type="stmt"/>
        <line num="480" count="3" type="cond" truecount="1" falsecount="0"/>
        <line num="481" count="3" type="stmt"/>
        <line num="482" count="3" type="stmt"/>
        <line num="483" count="3" type="stmt"/>
        <line num="484" count="3" type="cond" truecount="1" falsecount="0"/>
        <line num="485" count="3" type="stmt"/>
        <line num="486" count="3" type="stmt"/>
        <line num="487" count="3" type="cond" truecount="1" falsecount="0"/>
        <line num="488" count="3" type="stmt"/>
        <line num="489" count="3" type="cond" truecount="1" falsecount="0"/>
        <line num="490" count="3" type="stmt"/>
        <line num="491" count="3" type="stmt"/>
        <line num="492" count="3" type="cond" truecount="1" falsecount="0"/>
        <line num="493" count="3" type="stmt"/>
        <line num="494" count="3" type="stmt"/>
        <line num="495" count="3" type="stmt"/>
        <line num="497" count="94" type="cond" truecount="1" falsecount="0"/>
        <line num="498" count="6" type="cond" truecount="1" falsecount="0"/>
        <line num="499" count="3" type="cond" truecount="1" falsecount="0"/>
        <line num="500" count="3" type="stmt"/>
        <line num="501" count="6" type="cond" truecount="1" falsecount="0"/>
        <line num="502" count="4" type="cond" truecount="2" falsecount="0"/>
        <line num="503" count="2" type="stmt"/>
        <line num="504" count="6" type="cond" truecount="1" falsecount="0"/>
        <line num="505" count="2" type="stmt"/>
        <line num="506" count="6" type="stmt"/>
        <line num="507" count="6" type="stmt"/>
        <line num="509" count="94" type="cond" truecount="1" falsecount="0"/>
        <line num="510" count="10" type="cond" truecount="1" falsecount="0"/>
        <line num="511" count="1" type="stmt"/>
        <line num="512" count="1" type="stmt"/>
        <line num="513" count="1" type="cond" truecount="1" falsecount="0"/>
        <line num="515" count="9" type="stmt"/>
        <line num="516" count="9" type="cond" truecount="2" falsecount="0"/>
        <line num="518" count="8" type="stmt"/>
        <line num="519" count="8" type="stmt"/>
        <line num="520" count="10" type="stmt"/>
        <line num="522" count="94" type="cond" truecount="1" falsecount="0"/>
        <line num="523" count="14" type="cond" truecount="4" falsecount="0"/>
        <line num="524" count="12" type="stmt"/>
        <line num="525" count="12" type="stmt"/>
        <line num="526" count="12" type="stmt"/>
        <line num="527" count="14" type="stmt"/>
        <line num="529" count="94" type="cond" truecount="1" falsecount="0"/>
        <line num="530" count="11" type="cond" truecount="3" falsecount="0"/>
        <line num="531" count="10" type="stmt"/>
        <line num="532" count="10" type="stmt"/>
        <line num="533" count="10" type="stmt"/>
        <line num="534" count="11" type="stmt"/>
        <line num="536" count="94" type="cond" truecount="1" falsecount="0"/>
        <line num="537" count="4" type="cond" truecount="1" falsecount="0"/>
        <line num="538" count="1" type="stmt"/>
        <line num="539" count="1" type="stmt"/>
        <line num="540" count="1" type="cond" truecount="1" falsecount="0"/>
        <line num="541" count="3" type="stmt"/>
        <line num="542" count="3" type="cond" truecount="1" falsecount="0"/>
        <line num="543" count="3" type="stmt"/>
        <line num="544" count="3" type="stmt"/>
        <line num="545" count="3" type="stmt"/>
        <line num="546" count="3" type="stmt"/>
        <line num="548" count="3" type="stmt"/>
        <line num="549" count="4" type="cond" truecount="1" falsecount="0"/>
        <line num="550" count="6" type="cond" truecount="2" falsecount="0"/>
        <line num="551" count="6" type="stmt"/>
        <line num="552" count="6" type="cond" truecount="1" falsecount="0"/>
        <line num="553" count="3" type="stmt"/>
        <line num="555" count="3" type="stmt"/>
        <line num="556" count="3" type="stmt"/>
        <line num="557" count="3" type="stmt"/>
        <line num="558" count="4" type="cond" truecount="1" falsecount="0"/>
        <line num="559" count="2" type="stmt"/>
        <line num="560" count="2" type="cond" truecount="1" falsecount="0"/>
        <line num="561" count="3" type="cond" truecount="1" falsecount="0"/>
        <line num="562" count="2" type="stmt"/>
        <line num="563" count="4" type="cond" truecount="1" falsecount="0"/>
        <line num="564" count="1" type="stmt"/>
        <line num="565" count="1" type="stmt"/>
        <line num="566" count="4" type="stmt"/>
        <line num="568" count="94" type="cond" truecount="1" falsecount="0"/>
        <line num="569" count="3" type="stmt"/>
        <line num="570" count="3" type="stmt"/>
        <line num="571" count="3" type="stmt"/>
        <line num="572" count="3" type="stmt"/>
        <line num="573" count="3" type="stmt"/>
        <line num="574" count="3" type="stmt"/>
        <line num="575" count="3" type="stmt"/>
        <line num="576" count="3" type="stmt"/>
        <line num="577" count="94" type="stmt"/>
        <line num="579" count="1" type="cond" truecount="1" falsecount="0"/>
        <line num="580" count="6" type="stmt"/>
        <line num="582" count="6" type="cond" truecount="1" falsecount="0"/>
        <line num="583" count="6" type="stmt"/>
        <line num="584" count="6" type="stmt"/>
        <line num="585" count="6" type="stmt"/>
        <line num="586" count="6" type="stmt"/>
        <line num="588" count="6" type="cond" truecount="1" falsecount="0"/>
        <line num="589" count="1" type="stmt"/>
        <line num="590" count="1" type="stmt"/>
        <line num="592" count="6" type="cond" truecount="1" falsecount="0"/>
        <line num="593" count="1" type="stmt"/>
        <line num="594" count="1" type="stmt"/>
        <line num="596" count="6" type="cond" truecount="1" falsecount="0"/>
        <line num="597" count="1" type="stmt"/>
        <line num="598" count="1" type="stmt"/>
        <line num="599" count="6" type="stmt"/>
      </file>
      <file name="results.ts" path="/Users/tobias/projects/lilbee/plugins/obsidian/src/views/results.ts">
        <metrics statements="57" coveredstatements="57" conditionals="20" coveredconditionals="20" methods="4" coveredmethods="4"/>
        <line num="4" count="1" type="stmt"/>
        <line num="5" count="1" type="stmt"/>
        <line num="7" count="33" type="cond" truecount="1" falsecount="0"/>
        <line num="8" count="33" type="cond" truecount="1" falsecount="0"/>
        <line num="9" count="7" type="cond" truecount="2" falsecount="0"/>
        <line num="10" count="2" type="cond" truecount="1" falsecount="0"/>
        <line num="11" count="5" type="stmt"/>
        <line num="12" count="7" type="cond" truecount="1" falsecount="0"/>
        <line num="13" count="33" type="cond" truecount="1" falsecount="0"/>
        <line num="14" count="7" type="cond" truecount="2" falsecount="0"/>
        <line num="15" count="2" type="cond" truecount="1" falsecount="0"/>
        <line num="16" count="5" type="stmt"/>
        <line num="17" count="7" type="cond" truecount="1" falsecount="0"/>
        <line num="18" count="19" type="stmt"/>
        <line num="19" count="19" type="stmt"/>
        <line num="21" count="21" type="cond" truecount="1" falsecount="0"/>
        <line num="22" count="21" type="cond" truecount="2" falsecount="0"/>
        <line num="23" count="1" type="stmt"/>
        <line num="24" count="1" type="stmt"/>
        <line num="26" count="1" type="cond" truecount="1" falsecount="0"/>
        <line num="27" count="29" type="stmt"/>
        <line num="30" count="29" type="stmt"/>
        <line num="31" count="29" type="stmt"/>
        <line num="32" count="29" type="stmt"/>
        <line num="33" count="29" type="stmt"/>
        <line num="34" count="29" type="stmt"/>
        <line num="35" count="29" type="cond" truecount="1" falsecount="0"/>
        <line num="36" count="1" type="stmt"/>
        <line num="37" count="1" type="stmt"/>
        <line num="38" count="29" type="stmt"/>
        <line num="40" count="29" type="stmt"/>
        <line num="41" count="29" type="stmt"/>
        <line num="42" count="29" type="stmt"/>
        <line num="43" count="29" type="stmt"/>
        <line num="46" count="29" type="stmt"/>
        <line num="47" count="29" type="stmt"/>
        <line num="48" count="29" type="stmt"/>
        <line num="49" count="29" type="stmt"/>
        <line num="52" count="29" type="stmt"/>
        <line num="53" count="29" type="cond" truecount="1" falsecount="0"/>
        <line num="54" count="21" type="stmt"/>
        <line num="55" count="21" type="stmt"/>
        <line num="56" count="21" type="stmt"/>
        <line num="57" count="21" type="cond" truecount="1" falsecount="0"/>
        <line num="58" count="8" type="stmt"/>
        <line num="59" count="8" type="stmt"/>
        <line num="60" count="21" type="stmt"/>
        <line num="61" count="29" type="stmt"/>
        <line num="63" count="1" type="cond" truecount="1" falsecount="0"/>
        <line num="64" count="12" type="stmt"/>
        <line num="66" count="12" type="stmt"/>
        <line num="67" count="12" type="stmt"/>
        <line num="68" count="12" type="cond" truecount="1" falsecount="0"/>
        <line num="69" count="6" type="stmt"/>
        <line num="70" count="6" type="stmt"/>
        <line num="71" count="12" type="stmt"/>
        <line num="72" count="12" type="stmt"/>
      </file>
      <file name="search-modal.ts" path="/Users/tobias/projects/lilbee/plugins/obsidian/src/views/search-modal.ts">
        <metrics statements="105" coveredstatements="105" conditionals="42" coveredconditionals="42" methods="8" coveredmethods="8"/>
        <line num="1" count="1" type="stmt"/>
        <line num="6" count="1" type="stmt"/>
        <line num="8" count="1" type="cond" truecount="1" falsecount="0"/>
        <line num="9" count="35" type="stmt"/>
        <line num="10" count="35" type="stmt"/>
        <line num="11" count="35" type="stmt"/>
        <line num="12" count="35" type="stmt"/>
        <line num="14" count="35" type="cond" truecount="1" falsecount="0"/>
        <line num="15" count="35" type="stmt"/>
        <line num="16" count="35" type="stmt"/>
        <line num="17" count="35" type="stmt"/>
        <line num="18" count="35" type="stmt"/>
        <line num="20" count="35" type="cond" truecount="1" falsecount="0"/>
        <line num="21" count="32" type="stmt"/>
        <line num="22" count="32" type="stmt"/>
        <line num="23" count="32" type="stmt"/>
        <line num="25" count="32" type="cond" truecount="2" falsecount="0"/>
        <line num="26" count="32" type="stmt"/>
        <line num="28" count="32" type="stmt"/>
        <line num="29" count="32" type="stmt"/>
        <line num="30" count="32" type="stmt"/>
        <line num="31" count="32" type="cond" truecount="2" falsecount="0"/>
        <line num="32" count="32" type="stmt"/>
        <line num="34" count="32" type="stmt"/>
        <line num="35" count="32" type="stmt"/>
        <line num="37" count="32" type="cond" truecount="1" falsecount="0"/>
        <line num="38" count="21" type="cond" truecount="1" falsecount="0"/>
        <line num="39" count="5" type="cond" truecount="1" falsecount="0"/>
        <line num="40" count="5" type="cond" truecount="1" falsecount="0"/>
        <line num="41" count="3" type="stmt"/>
        <line num="42" count="5" type="stmt"/>
        <line num="43" count="21" type="stmt"/>
        <line num="44" count="32" type="cond" truecount="1" falsecount="0"/>
        <line num="45" count="11" type="cond" truecount="1" falsecount="0"/>
        <line num="46" count="3" type="cond" truecount="2" falsecount="0"/>
        <line num="47" count="1" type="stmt"/>
        <line num="48" count="1" type="stmt"/>
        <line num="49" count="11" type="stmt"/>
        <line num="50" count="11" type="stmt"/>
        <line num="53" count="32" type="cond" truecount="1" falsecount="0"/>
        <line num="54" count="32" type="stmt"/>
        <line num="56" count="35" type="cond" truecount="1" falsecount="0"/>
        <line num="57" count="3" type="cond" truecount="1" falsecount="0"/>
        <line num="58" count="3" type="stmt"/>
        <line num="59" count="3" type="stmt"/>
        <line num="60" count="3" type="stmt"/>
        <line num="62" count="35" type="cond" truecount="1" falsecount="0"/>
        <line num="63" count="40" type="cond" truecount="2" falsecount="0"/>
        <line num="64" count="39" type="stmt"/>
        <line num="65" count="39" type="stmt"/>
        <line num="66" count="39" type="stmt"/>
        <line num="67" count="39" type="stmt"/>
        <line num="68" count="39" type="stmt"/>
        <line num="69" count="40" type="stmt"/>
        <line num="71" count="35" type="cond" truecount="1" falsecount="0"/>
        <line num="72" count="15" type="cond" truecount="2" falsecount="0"/>
        <line num="73" count="14" type="stmt"/>
        <line num="74" count="14" type="stmt"/>
        <line num="75" count="15" type="stmt"/>
        <line num="77" count="35" type="cond" truecount="1" falsecount="0"/>
        <line num="78" count="9" type="cond" truecount="1" falsecount="0"/>
        <line num="79" count="2" type="stmt"/>
        <line num="80" count="2" type="stmt"/>
        <line num="81" count="2" type="cond" truecount="1" falsecount="0"/>
        <line num="82" count="7" type="stmt"/>
        <line num="83" count="7" type="stmt"/>
        <line num="84" count="7" type="stmt"/>
        <line num="85" count="7" type="stmt"/>
        <line num="86" count="7" type="stmt"/>
        <line num="87" count="7" type="cond" truecount="1" falsecount="0"/>
        <line num="88" count="6" type="cond" truecount="2" falsecount="0"/>
        <line num="89" count="5" type="stmt"/>
        <line num="90" count="9" type="cond" truecount="1" falsecount="0"/>
        <line num="91" count="3" type="stmt"/>
        <line num="92" count="3" type="stmt"/>
        <line num="93" count="3" type="cond" truecount="1" falsecount="0"/>
        <line num="94" count="9" type="cond" truecount="1" falsecount="0"/>
        <line num="95" count="3" type="stmt"/>
        <line num="96" count="3" type="cond" truecount="1" falsecount="0"/>
        <line num="97" count="9" type="cond" truecount="1" falsecount="0"/>
        <line num="98" count="1" type="stmt"/>
        <line num="99" count="1" type="stmt"/>
        <line num="100" count="9" type="stmt"/>
        <line num="102" count="35" type="cond" truecount="1" falsecount="0"/>
        <line num="103" count="7" type="stmt"/>
        <line num="104" count="7" type="stmt"/>
        <line num="105" count="7" type="cond" truecount="1" falsecount="0"/>
        <line num="106" count="6" type="cond" truecount="2" falsecount="0"/>
        <line num="107" count="5" type="stmt"/>
        <line num="109" count="5" type="stmt"/>
        <line num="110" count="5" type="stmt"/>
        <line num="111" count="5" type="stmt"/>
        <line num="112" count="5" type="stmt"/>
        <line num="114" count="7" type="cond" truecount="1" falsecount="0"/>
        <line num="115" count="2" type="stmt"/>
        <line num="116" count="2" type="stmt"/>
        <line num="117" count="2" type="cond" truecount="1" falsecount="0"/>
        <line num="118" count="3" type="stmt"/>
        <line num="119" count="3" type="stmt"/>
        <line num="120" count="2" type="stmt"/>
        <line num="121" count="7" type="cond" truecount="1" falsecount="0"/>
        <line num="122" count="1" type="stmt"/>
        <line num="123" count="1" type="stmt"/>
        <line num="124" count="7" type="stmt"/>
        <line num="125" count="35" type="stmt"/>
      </file>
    </package>
  </project>
</coverage>
