{"/Users/tobias/projects/lilbee/plugins/obsidian/src/api.ts": {"path":"/Users/tobias/projects/lilbee/plugins/obsidian/src/api.ts","all":false,"statementMap":{"0":{"start":{"line":1,"column":0},"end":{"line":1,"column":50}},"13":{"start":{"line":14,"column":0},"end":{"line":14,"column":34}},"14":{"start":{"line":15,"column":0},"end":{"line":15,"column":22}},"15":{"start":{"line":16,"column":0},"end":{"line":16,"column":29}},"17":{"start":{"line":18,"column":0},"end":{"line":18,"column":27}},"18":{"start":{"line":19,"column":0},"end":{"line":19,"column":43}},"20":{"start":{"line":21,"column":0},"end":{"line":21,"column":62}},"21":{"start":{"line":22,"column":0},"end":{"line":22,"column":22}},"22":{"start":{"line":23,"column":0},"end":{"line":23,"column":58}},"23":{"start":{"line":24,"column":0},"end":{"line":24,"column":71}},"24":{"start":{"line":25,"column":0},"end":{"line":25,"column":9}},"25":{"start":{"line":26,"column":0},"end":{"line":26,"column":19}},"26":{"start":{"line":27,"column":0},"end":{"line":27,"column":5}},"34":{"start":{"line":35,"column":0},"end":{"line":35,"column":25}},"35":{"start":{"line":36,"column":0},"end":{"line":36,"column":20}},"36":{"start":{"line":37,"column":0},"end":{"line":37,"column":27}},"37":{"start":{"line":38,"column":0},"end":{"line":38,"column":58}},"38":{"start":{"line":39,"column":0},"end":{"line":39,"column":26}},"39":{"start":{"line":40,"column":0},"end":{"line":40,"column":44}},"40":{"start":{"line":41,"column":0},"end":{"line":41,"column":31}},"41":{"start":{"line":42,"column":0},"end":{"line":42,"column":65}},"42":{"start":{"line":43,"column":0},"end":{"line":43,"column":30}},"43":{"start":{"line":44,"column":0},"end":{"line":44,"column":84}},"44":{"start":{"line":45,"column":0},"end":{"line":45,"column":13}},"45":{"start":{"line":46,"column":0},"end":{"line":46,"column":17}},"46":{"start":{"line":47,"column":0},"end":{"line":47,"column":46}},"47":{"start":{"line":48,"column":0},"end":{"line":48,"column":35}},"48":{"start":{"line":49,"column":0},"end":{"line":49,"column":51}},"49":{"start":{"line":50,"column":0},"end":{"line":50,"column":43}},"50":{"start":{"line":51,"column":0},"end":{"line":51,"column":61}},"51":{"start":{"line":52,"column":0},"end":{"line":52,"column":57}},"52":{"start":{"line":53,"column":0},"end":{"line":53,"column":77}},"53":{"start":{"line":54,"column":0},"end":{"line":54,"column":17}},"54":{"start":{"line":55,"column":0},"end":{"line":55,"column":72}},"55":{"start":{"line":56,"column":0},"end":{"line":56,"column":27}},"56":{"start":{"line":57,"column":0},"end":{"line":57,"column":32}},"57":{"start":{"line":58,"column":0},"end":{"line":58,"column":89}},"58":{"start":{"line":59,"column":0},"end":{"line":59,"column":30}},"59":{"start":{"line":60,"column":0},"end":{"line":60,"column":17}},"60":{"start":{"line":61,"column":0},"end":{"line":61,"column":72}},"61":{"start":{"line":62,"column":0},"end":{"line":62,"column":30}},"62":{"start":{"line":63,"column":0},"end":{"line":63,"column":17}},"63":{"start":{"line":64,"column":0},"end":{"line":64,"column":13}},"64":{"start":{"line":65,"column":0},"end":{"line":65,"column":9}},"65":{"start":{"line":66,"column":0},"end":{"line":66,"column":24}},"66":{"start":{"line":67,"column":0},"end":{"line":67,"column":5}},"68":{"start":{"line":69,"column":0},"end":{"line":69,"column":66}},"69":{"start":{"line":70,"column":0},"end":{"line":70,"column":76}},"70":{"start":{"line":71,"column":0},"end":{"line":71,"column":26}},"71":{"start":{"line":72,"column":0},"end":{"line":72,"column":5}},"73":{"start":{"line":74,"column":0},"end":{"line":74,"column":45}},"74":{"start":{"line":75,"column":0},"end":{"line":75,"column":76}},"75":{"start":{"line":76,"column":0},"end":{"line":76,"column":26}},"76":{"start":{"line":77,"column":0},"end":{"line":77,"column":5}},"78":{"start":{"line":79,"column":0},"end":{"line":79,"column":75}},"79":{"start":{"line":80,"column":0},"end":{"line":80,"column":57}},"80":{"start":{"line":81,"column":0},"end":{"line":81,"column":66}},"81":{"start":{"line":82,"column":0},"end":{"line":82,"column":86}},"82":{"start":{"line":83,"column":0},"end":{"line":83,"column":26}},"83":{"start":{"line":84,"column":0},"end":{"line":84,"column":5}},"85":{"start":{"line":86,"column":0},"end":{"line":86,"column":70}},"86":{"start":{"line":87,"column":0},"end":{"line":87,"column":74}},"87":{"start":{"line":88,"column":0},"end":{"line":88,"column":27}},"88":{"start":{"line":89,"column":0},"end":{"line":89,"column":34}},"89":{"start":{"line":90,"column":0},"end":{"line":90,"column":65}},"90":{"start":{"line":91,"column":0},"end":{"line":91,"column":11}},"91":{"start":{"line":92,"column":0},"end":{"line":92,"column":26}},"92":{"start":{"line":93,"column":0},"end":{"line":93,"column":5}},"94":{"start":{"line":95,"column":0},"end":{"line":95,"column":21}},"95":{"start":{"line":96,"column":0},"end":{"line":96,"column":25}},"96":{"start":{"line":97,"column":0},"end":{"line":97,"column":22}},"97":{"start":{"line":98,"column":0},"end":{"line":98,"column":29}},"98":{"start":{"line":99,"column":0},"end":{"line":99,"column":36}},"99":{"start":{"line":100,"column":0},"end":{"line":100,"column":33}},"100":{"start":{"line":101,"column":0},"end":{"line":101,"column":77}},"101":{"start":{"line":102,"column":0},"end":{"line":102,"column":79}},"102":{"start":{"line":103,"column":0},"end":{"line":103,"column":46}},"103":{"start":{"line":104,"column":0},"end":{"line":104,"column":45}},"104":{"start":{"line":105,"column":0},"end":{"line":105,"column":13}},"105":{"start":{"line":106,"column":0},"end":{"line":106,"column":31}},"106":{"start":{"line":107,"column":0},"end":{"line":107,"column":38}},"107":{"start":{"line":108,"column":0},"end":{"line":108,"column":43}},"108":{"start":{"line":109,"column":0},"end":{"line":109,"column":14}},"109":{"start":{"line":110,"column":0},"end":{"line":110,"column":37}},"110":{"start":{"line":111,"column":0},"end":{"line":111,"column":10}},"111":{"start":{"line":112,"column":0},"end":{"line":112,"column":34}},"112":{"start":{"line":113,"column":0},"end":{"line":113,"column":5}},"114":{"start":{"line":115,"column":0},"end":{"line":115,"column":91}},"115":{"start":{"line":116,"column":0},"end":{"line":116,"column":75}},"116":{"start":{"line":117,"column":0},"end":{"line":117,"column":27}},"117":{"start":{"line":118,"column":0},"end":{"line":118,"column":34}},"118":{"start":{"line":119,"column":0},"end":{"line":119,"column":74}},"119":{"start":{"line":120,"column":0},"end":{"line":120,"column":11}},"120":{"start":{"line":121,"column":0},"end":{"line":121,"column":26}},"121":{"start":{"line":122,"column":0},"end":{"line":122,"column":5}},"123":{"start":{"line":124,"column":0},"end":{"line":124,"column":22}},"124":{"start":{"line":125,"column":0},"end":{"line":125,"column":25}},"125":{"start":{"line":126,"column":0},"end":{"line":126,"column":27}},"126":{"start":{"line":127,"column":0},"end":{"line":127,"column":22}},"127":{"start":{"line":128,"column":0},"end":{"line":128,"column":29}},"128":{"start":{"line":129,"column":0},"end":{"line":129,"column":36}},"129":{"start":{"line":130,"column":0},"end":{"line":130,"column":33}},"130":{"start":{"line":131,"column":0},"end":{"line":131,"column":86}},"131":{"start":{"line":132,"column":0},"end":{"line":132,"column":79}},"132":{"start":{"line":133,"column":0},"end":{"line":133,"column":46}},"133":{"start":{"line":134,"column":0},"end":{"line":134,"column":46}},"134":{"start":{"line":135,"column":0},"end":{"line":135,"column":13}},"135":{"start":{"line":136,"column":0},"end":{"line":136,"column":31}},"136":{"start":{"line":137,"column":0},"end":{"line":137,"column":38}},"137":{"start":{"line":138,"column":0},"end":{"line":138,"column":43}},"138":{"start":{"line":139,"column":0},"end":{"line":139,"column":14}},"139":{"start":{"line":140,"column":0},"end":{"line":140,"column":37}},"140":{"start":{"line":141,"column":0},"end":{"line":141,"column":10}},"141":{"start":{"line":142,"column":0},"end":{"line":142,"column":34}},"142":{"start":{"line":143,"column":0},"end":{"line":143,"column":5}},"144":{"start":{"line":145,"column":0},"end":{"line":145,"column":20}},"145":{"start":{"line":146,"column":0},"end":{"line":146,"column":24}},"146":{"start":{"line":147,"column":0},"end":{"line":147,"column":22}},"147":{"start":{"line":148,"column":0},"end":{"line":148,"column":29}},"148":{"start":{"line":149,"column":0},"end":{"line":149,"column":33}},"149":{"start":{"line":150,"column":0},"end":{"line":150,"column":63}},"150":{"start":{"line":151,"column":0},"end":{"line":151,"column":57}},"151":{"start":{"line":152,"column":0},"end":{"line":152,"column":46}},"152":{"start":{"line":153,"column":0},"end":{"line":153,"column":38}},"153":{"start":{"line":154,"column":0},"end":{"line":154,"column":13}},"154":{"start":{"line":155,"column":0},"end":{"line":155,"column":31}},"155":{"start":{"line":156,"column":0},"end":{"line":156,"column":38}},"156":{"start":{"line":157,"column":0},"end":{"line":157,"column":43}},"157":{"start":{"line":158,"column":0},"end":{"line":158,"column":14}},"158":{"start":{"line":159,"column":0},"end":{"line":159,"column":29}},"159":{"start":{"line":160,"column":0},"end":{"line":160,"column":10}},"160":{"start":{"line":161,"column":0},"end":{"line":161,"column":34}},"161":{"start":{"line":162,"column":0},"end":{"line":162,"column":5}},"163":{"start":{"line":164,"column":0},"end":{"line":164,"column":70}},"164":{"start":{"line":165,"column":0},"end":{"line":165,"column":46}},"165":{"start":{"line":166,"column":0},"end":{"line":166,"column":39}},"166":{"start":{"line":167,"column":0},"end":{"line":167,"column":13}},"167":{"start":{"line":168,"column":0},"end":{"line":168,"column":31}},"168":{"start":{"line":169,"column":0},"end":{"line":169,"column":38}},"169":{"start":{"line":170,"column":0},"end":{"line":170,"column":68}},"170":{"start":{"line":171,"column":0},"end":{"line":171,"column":14}},"171":{"start":{"line":172,"column":0},"end":{"line":172,"column":29}},"172":{"start":{"line":173,"column":0},"end":{"line":173,"column":10}},"173":{"start":{"line":174,"column":0},"end":{"line":174,"column":34}},"174":{"start":{"line":175,"column":0},"end":{"line":175,"column":5}},"176":{"start":{"line":177,"column":0},"end":{"line":177,"column":49}},"177":{"start":{"line":178,"column":0},"end":{"line":178,"column":76}},"178":{"start":{"line":179,"column":0},"end":{"line":179,"column":26}},"179":{"start":{"line":180,"column":0},"end":{"line":180,"column":5}},"181":{"start":{"line":182,"column":0},"end":{"line":182,"column":63}},"182":{"start":{"line":183,"column":0},"end":{"line":183,"column":46}},"183":{"start":{"line":184,"column":0},"end":{"line":184,"column":46}},"184":{"start":{"line":185,"column":0},"end":{"line":185,"column":13}},"185":{"start":{"line":186,"column":0},"end":{"line":186,"column":31}},"186":{"start":{"line":187,"column":0},"end":{"line":187,"column":38}},"187":{"start":{"line":188,"column":0},"end":{"line":188,"column":48}},"188":{"start":{"line":189,"column":0},"end":{"line":189,"column":14}},"189":{"start":{"line":190,"column":0},"end":{"line":190,"column":29}},"190":{"start":{"line":191,"column":0},"end":{"line":191,"column":10}},"191":{"start":{"line":192,"column":0},"end":{"line":192,"column":34}},"192":{"start":{"line":193,"column":0},"end":{"line":193,"column":5}},"194":{"start":{"line":195,"column":0},"end":{"line":195,"column":67}},"195":{"start":{"line":196,"column":0},"end":{"line":196,"column":82}},"196":{"start":{"line":197,"column":0},"end":{"line":197,"column":26}},"197":{"start":{"line":198,"column":0},"end":{"line":198,"column":34}},"198":{"start":{"line":199,"column":0},"end":{"line":199,"column":44}},"199":{"start":{"line":200,"column":0},"end":{"line":200,"column":11}},"200":{"start":{"line":201,"column":0},"end":{"line":201,"column":26}},"201":{"start":{"line":202,"column":0},"end":{"line":202,"column":5}},"203":{"start":{"line":204,"column":0},"end":{"line":204,"column":69}},"204":{"start":{"line":205,"column":0},"end":{"line":205,"column":84}},"205":{"start":{"line":206,"column":0},"end":{"line":206,"column":26}},"206":{"start":{"line":207,"column":0},"end":{"line":207,"column":34}},"207":{"start":{"line":208,"column":0},"end":{"line":208,"column":44}},"208":{"start":{"line":209,"column":0},"end":{"line":209,"column":11}},"209":{"start":{"line":210,"column":0},"end":{"line":210,"column":26}},"210":{"start":{"line":211,"column":0},"end":{"line":211,"column":5}},"212":{"start":{"line":213,"column":0},"end":{"line":213,"column":75}},"213":{"start":{"line":214,"column":0},"end":{"line":214,"column":29}},"214":{"start":{"line":215,"column":0},"end":{"line":215,"column":53}},"215":{"start":{"line":216,"column":0},"end":{"line":216,"column":9}},"216":{"start":{"line":217,"column":0},"end":{"line":217,"column":49}},"217":{"start":{"line":218,"column":0},"end":{"line":218,"column":42}},"218":{"start":{"line":219,"column":0},"end":{"line":219,"column":24}},"219":{"start":{"line":220,"column":0},"end":{"line":220,"column":53}},"221":{"start":{"line":222,"column":0},"end":{"line":222,"column":22}},"222":{"start":{"line":223,"column":0},"end":{"line":223,"column":56}},"223":{"start":{"line":224,"column":0},"end":{"line":224,"column":28}},"224":{"start":{"line":225,"column":0},"end":{"line":225,"column":62}},"226":{"start":{"line":227,"column":0},"end":{"line":227,"column":45}},"228":{"start":{"line":229,"column":0},"end":{"line":229,"column":34}},"230":{"start":{"line":231,"column":0},"end":{"line":231,"column":39}},"231":{"start":{"line":232,"column":0},"end":{"line":232,"column":48}},"232":{"start":{"line":233,"column":0},"end":{"line":233,"column":103}},"233":{"start":{"line":234,"column":0},"end":{"line":234,"column":54}},"234":{"start":{"line":235,"column":0},"end":{"line":235,"column":90}},"235":{"start":{"line":236,"column":0},"end":{"line":236,"column":25}},"236":{"start":{"line":237,"column":0},"end":{"line":237,"column":77}},"237":{"start":{"line":238,"column":0},"end":{"line":238,"column":29}},"238":{"start":{"line":239,"column":0},"end":{"line":239,"column":65}},"239":{"start":{"line":240,"column":0},"end":{"line":240,"column":21}},"240":{"start":{"line":241,"column":0},"end":{"line":241,"column":53}},"241":{"start":{"line":242,"column":0},"end":{"line":242,"column":17}},"242":{"start":{"line":243,"column":0},"end":{"line":243,"column":13}},"243":{"start":{"line":244,"column":0},"end":{"line":244,"column":9}},"244":{"start":{"line":245,"column":0},"end":{"line":245,"column":5}},"245":{"start":{"line":246,"column":0},"end":{"line":246,"column":1}},"247":{"start":{"line":248,"column":0},"end":{"line":248,"column":66}},"248":{"start":{"line":249,"column":0},"end":{"line":249,"column":31}},"249":{"start":{"line":250,"column":0},"end":{"line":250,"column":19}},"250":{"start":{"line":251,"column":0},"end":{"line":251,"column":19}},"251":{"start":{"line":252,"column":0},"end":{"line":252,"column":37}},"252":{"start":{"line":253,"column":0},"end":{"line":253,"column":23}},"253":{"start":{"line":254,"column":0},"end":{"line":254,"column":17}},"254":{"start":{"line":255,"column":0},"end":{"line":255,"column":2}},"256":{"start":{"line":257,"column":0},"end":{"line":257,"column":37}},"257":{"start":{"line":258,"column":0},"end":{"line":258,"column":23}},"258":{"start":{"line":259,"column":0},"end":{"line":259,"column":39}},"259":{"start":{"line":260,"column":0},"end":{"line":260,"column":24}},"260":{"start":{"line":261,"column":0},"end":{"line":261,"column":45}},"261":{"start":{"line":262,"column":0},"end":{"line":262,"column":48}},"262":{"start":{"line":263,"column":0},"end":{"line":263,"column":47}},"263":{"start":{"line":264,"column":0},"end":{"line":264,"column":39}},"264":{"start":{"line":265,"column":0},"end":{"line":265,"column":44}},"265":{"start":{"line":266,"column":0},"end":{"line":266,"column":18}},"266":{"start":{"line":267,"column":0},"end":{"line":267,"column":41}},"267":{"start":{"line":268,"column":0},"end":{"line":268,"column":49}},"268":{"start":{"line":269,"column":0},"end":{"line":269,"column":9}},"269":{"start":{"line":270,"column":0},"end":{"line":270,"column":5}},"270":{"start":{"line":271,"column":0},"end":{"line":271,"column":85}},"271":{"start":{"line":272,"column":0},"end":{"line":272,"column":38}},"272":{"start":{"line":273,"column":0},"end":{"line":273,"column":46}},"273":{"start":{"line":274,"column":0},"end":{"line":274,"column":59}},"274":{"start":{"line":275,"column":0},"end":{"line":275,"column":5}},"275":{"start":{"line":276,"column":0},"end":{"line":276,"column":20}},"276":{"start":{"line":277,"column":0},"end":{"line":277,"column":1}},"278":{"start":{"line":279,"column":0},"end":{"line":279,"column":27}},"279":{"start":{"line":280,"column":0},"end":{"line":280,"column":43}},"281":{"start":{"line":282,"column":0},"end":{"line":282,"column":90}},"282":{"start":{"line":283,"column":0},"end":{"line":283,"column":61}},"283":{"start":{"line":284,"column":0},"end":{"line":284,"column":27}},"284":{"start":{"line":285,"column":0},"end":{"line":285,"column":34}},"285":{"start":{"line":286,"column":0},"end":{"line":286,"column":64}},"286":{"start":{"line":287,"column":0},"end":{"line":287,"column":19}},"287":{"start":{"line":288,"column":0},"end":{"line":288,"column":11}},"288":{"start":{"line":289,"column":0},"end":{"line":289,"column":22}},"289":{"start":{"line":290,"column":0},"end":{"line":290,"column":58}},"290":{"start":{"line":291,"column":0},"end":{"line":291,"column":71}},"291":{"start":{"line":292,"column":0},"end":{"line":292,"column":9}},"292":{"start":{"line":293,"column":0},"end":{"line":293,"column":37}},"293":{"start":{"line":294,"column":0},"end":{"line":294,"column":5}},"295":{"start":{"line":296,"column":0},"end":{"line":296,"column":61}},"296":{"start":{"line":297,"column":0},"end":{"line":297,"column":61}},"297":{"start":{"line":298,"column":0},"end":{"line":298,"column":27}},"298":{"start":{"line":299,"column":0},"end":{"line":299,"column":34}},"299":{"start":{"line":300,"column":0},"end":{"line":300,"column":50}},"300":{"start":{"line":301,"column":0},"end":{"line":301,"column":11}},"301":{"start":{"line":302,"column":0},"end":{"line":302,"column":22}},"302":{"start":{"line":303,"column":0},"end":{"line":303,"column":58}},"303":{"start":{"line":304,"column":0},"end":{"line":304,"column":71}},"304":{"start":{"line":305,"column":0},"end":{"line":305,"column":9}},"305":{"start":{"line":306,"column":0},"end":{"line":306,"column":38}},"306":{"start":{"line":307,"column":0},"end":{"line":307,"column":82}},"307":{"start":{"line":308,"column":0},"end":{"line":308,"column":5}},"309":{"start":{"line":310,"column":0},"end":{"line":310,"column":48}},"310":{"start":{"line":311,"column":0},"end":{"line":311,"column":63}},"311":{"start":{"line":312,"column":0},"end":{"line":312,"column":29}},"312":{"start":{"line":313,"column":0},"end":{"line":313,"column":34}},"313":{"start":{"line":314,"column":0},"end":{"line":314,"column":50}},"314":{"start":{"line":315,"column":0},"end":{"line":315,"column":11}},"315":{"start":{"line":316,"column":0},"end":{"line":316,"column":22}},"316":{"start":{"line":317,"column":0},"end":{"line":317,"column":58}},"317":{"start":{"line":318,"column":0},"end":{"line":318,"column":71}},"318":{"start":{"line":319,"column":0},"end":{"line":319,"column":9}},"319":{"start":{"line":320,"column":0},"end":{"line":320,"column":5}},"321":{"start":{"line":322,"column":0},"end":{"line":322,"column":88}},"322":{"start":{"line":323,"column":0},"end":{"line":323,"column":29}},"323":{"start":{"line":324,"column":0},"end":{"line":324,"column":53}},"324":{"start":{"line":325,"column":0},"end":{"line":325,"column":9}},"325":{"start":{"line":326,"column":0},"end":{"line":326,"column":49}},"326":{"start":{"line":327,"column":0},"end":{"line":327,"column":42}},"327":{"start":{"line":328,"column":0},"end":{"line":328,"column":24}},"329":{"start":{"line":330,"column":0},"end":{"line":330,"column":22}},"330":{"start":{"line":331,"column":0},"end":{"line":331,"column":56}},"331":{"start":{"line":332,"column":0},"end":{"line":332,"column":28}},"332":{"start":{"line":333,"column":0},"end":{"line":333,"column":62}},"334":{"start":{"line":335,"column":0},"end":{"line":335,"column":45}},"335":{"start":{"line":336,"column":0},"end":{"line":336,"column":34}},"337":{"start":{"line":338,"column":0},"end":{"line":338,"column":39}},"338":{"start":{"line":339,"column":0},"end":{"line":339,"column":44}},"339":{"start":{"line":340,"column":0},"end":{"line":340,"column":39}},"340":{"start":{"line":341,"column":0},"end":{"line":341,"column":21}},"341":{"start":{"line":342,"column":0},"end":{"line":342,"column":68}},"342":{"start":{"line":343,"column":0},"end":{"line":343,"column":25}},"344":{"start":{"line":345,"column":0},"end":{"line":345,"column":17}},"345":{"start":{"line":346,"column":0},"end":{"line":346,"column":13}},"346":{"start":{"line":347,"column":0},"end":{"line":347,"column":9}},"347":{"start":{"line":348,"column":0},"end":{"line":348,"column":28}},"348":{"start":{"line":349,"column":0},"end":{"line":349,"column":17}},"349":{"start":{"line":350,"column":0},"end":{"line":350,"column":70}},"350":{"start":{"line":351,"column":0},"end":{"line":351,"column":21}},"352":{"start":{"line":353,"column":0},"end":{"line":353,"column":13}},"353":{"start":{"line":354,"column":0},"end":{"line":354,"column":9}},"354":{"start":{"line":355,"column":0},"end":{"line":355,"column":5}},"355":{"start":{"line":356,"column":0},"end":{"line":356,"column":1}}},"s":{"0":1,"13":1,"14":1,"15":1,"17":1,"18":1,"20":1,"21":48,"22":3,"23":3,"24":3,"25":45,"26":48,"34":1,"35":50,"36":50,"37":50,"38":50,"39":50,"40":50,"41":50,"42":53,"43":3,"44":3,"45":53,"46":53,"47":53,"48":1,"49":53,"50":22,"51":22,"52":22,"53":22,"54":53,"55":53,"56":8,"57":8,"58":3,"59":3,"60":8,"61":1,"62":1,"63":8,"64":53,"65":4,"66":50,"68":1,"69":6,"70":3,"71":6,"73":1,"74":3,"75":1,"76":3,"78":1,"79":3,"80":3,"81":3,"82":3,"83":3,"85":1,"86":2,"87":2,"88":2,"89":2,"90":2,"91":2,"92":2,"94":1,"95":5,"96":5,"97":5,"98":5,"99":5,"100":5,"101":5,"102":5,"103":5,"104":5,"105":5,"106":5,"107":5,"108":5,"109":5,"110":5,"111":5,"112":5,"114":1,"115":2,"116":2,"117":2,"118":2,"119":2,"120":2,"121":2,"123":1,"124":6,"125":6,"126":6,"127":6,"128":6,"129":6,"130":6,"131":6,"132":6,"133":6,"134":6,"135":6,"136":6,"137":6,"138":6,"139":6,"140":6,"141":6,"142":6,"144":1,"145":3,"146":3,"147":3,"148":3,"149":3,"150":3,"151":3,"152":3,"153":3,"154":3,"155":3,"156":3,"157":3,"158":3,"159":3,"160":3,"161":3,"163":1,"164":15,"165":15,"166":15,"167":15,"168":15,"169":15,"170":15,"171":15,"172":15,"173":15,"174":15,"176":1,"177":1,"178":1,"179":1,"181":1,"182":1,"183":1,"184":1,"185":1,"186":1,"187":1,"188":1,"189":1,"190":1,"191":1,"192":1,"194":1,"195":1,"196":1,"197":1,"198":1,"199":1,"200":1,"201":1,"203":1,"204":1,"205":1,"206":1,"207":1,"208":1,"209":1,"210":1,"212":1,"213":30,"214":1,"215":1,"216":29,"217":29,"218":29,"219":29,"221":30,"222":47,"223":47,"224":18,"226":18,"228":18,"230":47,"231":54,"232":14,"233":54,"234":19,"235":19,"236":19,"237":19,"238":1,"239":1,"240":19,"241":19,"242":54,"243":18,"244":30,"245":1,"247":1,"248":1,"249":1,"250":1,"251":1,"252":1,"253":1,"254":1,"256":1,"257":10,"258":10,"259":10,"260":10,"261":10,"262":19,"263":19,"264":15,"265":19,"266":14,"267":14,"268":14,"269":19,"270":10,"271":10,"272":3,"273":3,"274":3,"275":10,"276":10,"278":1,"279":1,"281":1,"282":8,"283":8,"284":8,"285":8,"286":8,"287":8,"288":8,"289":1,"290":1,"291":1,"292":7,"293":8,"295":1,"296":4,"297":4,"298":4,"299":4,"300":4,"301":4,"302":1,"303":1,"304":1,"305":3,"306":4,"307":4,"309":1,"310":3,"311":3,"312":3,"313":3,"314":3,"315":3,"316":1,"317":1,"318":1,"319":3,"321":1,"322":7,"323":1,"324":1,"325":6,"326":6,"327":6,"329":7,"330":12,"331":12,"332":6,"334":6,"335":6,"337":12,"338":8,"339":8,"340":8,"341":8,"342":8,"344":1,"345":8,"346":6,"347":7,"348":2,"349":2,"350":1,"352":1,"353":2,"354":7,"355":1},"branchMap":{"0":{"type":"branch","line":19,"loc":{"start":{"line":19,"column":4},"end":{"line":19,"column":43}},"locations":[{"start":{"line":19,"column":4},"end":{"line":19,"column":43}}]},"1":{"type":"branch","line":21,"loc":{"start":{"line":21,"column":4},"end":{"line":27,"column":5}},"locations":[{"start":{"line":21,"column":4},"end":{"line":27,"column":5}}]},"2":{"type":"branch","line":22,"loc":{"start":{"line":22,"column":21},"end":{"line":25,"column":9}},"locations":[{"start":{"line":22,"column":21},"end":{"line":25,"column":9}}]},"3":{"type":"branch","line":25,"loc":{"start":{"line":25,"column":8},"end":{"line":26,"column":19}},"locations":[{"start":{"line":25,"column":8},"end":{"line":26,"column":19}}]},"4":{"type":"branch","line":23,"loc":{"start":{"line":23,"column":48},"end":{"line":23,"column":56}},"locations":[{"start":{"line":23,"column":48},"end":{"line":23,"column":56}}]},"5":{"type":"branch","line":35,"loc":{"start":{"line":35,"column":4},"end":{"line":67,"column":5}},"locations":[{"start":{"line":35,"column":4},"end":{"line":67,"column":5}}]},"6":{"type":"branch","line":42,"loc":{"start":{"line":42,"column":64},"end":{"line":65,"column":9}},"locations":[{"start":{"line":42,"column":64},"end":{"line":65,"column":9}}]},"7":{"type":"branch","line":43,"loc":{"start":{"line":43,"column":29},"end":{"line":45,"column":13}},"locations":[{"start":{"line":43,"column":29},"end":{"line":45,"column":13}}]},"8":{"type":"branch","line":48,"loc":{"start":{"line":48,"column":20},"end":{"line":48,"column":34}},"locations":[{"start":{"line":48,"column":20},"end":{"line":48,"column":34}}]},"9":{"type":"branch","line":48,"loc":{"start":{"line":48,"column":34},"end":{"line":50,"column":27}},"locations":[{"start":{"line":48,"column":34},"end":{"line":50,"column":27}}]},"10":{"type":"branch","line":50,"loc":{"start":{"line":50,"column":16},"end":{"line":54,"column":17}},"locations":[{"start":{"line":50,"column":16},"end":{"line":54,"column":17}}]},"11":{"type":"branch","line":50,"loc":{"start":{"line":50,"column":28},"end":{"line":50,"column":42}},"locations":[{"start":{"line":50,"column":28},"end":{"line":50,"column":42}}]},"12":{"type":"branch","line":50,"loc":{"start":{"line":50,"column":42},"end":{"line":54,"column":17}},"locations":[{"start":{"line":50,"column":42},"end":{"line":54,"column":17}}]},"13":{"type":"branch","line":55,"loc":{"start":{"line":55,"column":70},"end":{"line":56,"column":21}},"locations":[{"start":{"line":55,"column":70},"end":{"line":56,"column":21}}]},"14":{"type":"branch","line":56,"loc":{"start":{"line":56,"column":12},"end":{"line":64,"column":13}},"locations":[{"start":{"line":56,"column":12},"end":{"line":64,"column":13}}]},"15":{"type":"branch","line":58,"loc":{"start":{"line":58,"column":88},"end":{"line":60,"column":17}},"locations":[{"start":{"line":58,"column":88},"end":{"line":60,"column":17}}]},"16":{"type":"branch","line":60,"loc":{"start":{"line":60,"column":16},"end":{"line":61,"column":71}},"locations":[{"start":{"line":60,"column":16},"end":{"line":61,"column":71}}]},"17":{"type":"branch","line":61,"loc":{"start":{"line":61,"column":71},"end":{"line":63,"column":17}},"locations":[{"start":{"line":61,"column":71},"end":{"line":63,"column":17}}]},"18":{"type":"branch","line":65,"loc":{"start":{"line":65,"column":8},"end":{"line":66,"column":24}},"locations":[{"start":{"line":65,"column":8},"end":{"line":66,"column":24}}]},"19":{"type":"branch","line":44,"loc":{"start":{"line":44,"column":34},"end":{"line":44,"column":82}},"locations":[{"start":{"line":44,"column":34},"end":{"line":44,"column":82}}]},"20":{"type":"branch","line":69,"loc":{"start":{"line":69,"column":4},"end":{"line":72,"column":5}},"locations":[{"start":{"line":69,"column":4},"end":{"line":72,"column":5}}]},"21":{"type":"branch","line":70,"loc":{"start":{"line":70,"column":74},"end":{"line":71,"column":26}},"locations":[{"start":{"line":70,"column":74},"end":{"line":71,"column":26}}]},"22":{"type":"branch","line":74,"loc":{"start":{"line":74,"column":4},"end":{"line":77,"column":5}},"locations":[{"start":{"line":74,"column":4},"end":{"line":77,"column":5}}]},"23":{"type":"branch","line":75,"loc":{"start":{"line":75,"column":74},"end":{"line":76,"column":26}},"locations":[{"start":{"line":75,"column":74},"end":{"line":76,"column":26}}]},"24":{"type":"branch","line":79,"loc":{"start":{"line":79,"column":4},"end":{"line":84,"column":5}},"locations":[{"start":{"line":79,"column":4},"end":{"line":84,"column":5}}]},"25":{"type":"branch","line":81,"loc":{"start":{"line":81,"column":32},"end":{"line":81,"column":66}},"locations":[{"start":{"line":81,"column":32},"end":{"line":81,"column":66}}]},"26":{"type":"branch","line":86,"loc":{"start":{"line":86,"column":4},"end":{"line":93,"column":5}},"locations":[{"start":{"line":86,"column":4},"end":{"line":93,"column":5}}]},"27":{"type":"branch","line":90,"loc":{"start":{"line":90,"column":52},"end":{"line":90,"column":62}},"locations":[{"start":{"line":90,"column":52},"end":{"line":90,"column":62}}]},"28":{"type":"branch","line":95,"loc":{"start":{"line":95,"column":4},"end":{"line":113,"column":5}},"locations":[{"start":{"line":95,"column":4},"end":{"line":113,"column":5}}]},"29":{"type":"branch","line":101,"loc":{"start":{"line":101,"column":65},"end":{"line":101,"column":75}},"locations":[{"start":{"line":101,"column":65},"end":{"line":101,"column":75}}]},"30":{"type":"branch","line":102,"loc":{"start":{"line":102,"column":12},"end":{"line":102,"column":56}},"locations":[{"start":{"line":102,"column":12},"end":{"line":102,"column":56}}]},"31":{"type":"branch","line":102,"loc":{"start":{"line":102,"column":56},"end":{"line":102,"column":79}},"locations":[{"start":{"line":102,"column":56},"end":{"line":102,"column":79}}]},"32":{"type":"branch","line":115,"loc":{"start":{"line":115,"column":4},"end":{"line":122,"column":5}},"locations":[{"start":{"line":115,"column":4},"end":{"line":122,"column":5}}]},"33":{"type":"branch","line":119,"loc":{"start":{"line":119,"column":61},"end":{"line":119,"column":71}},"locations":[{"start":{"line":119,"column":61},"end":{"line":119,"column":71}}]},"34":{"type":"branch","line":124,"loc":{"start":{"line":124,"column":4},"end":{"line":143,"column":5}},"locations":[{"start":{"line":124,"column":4},"end":{"line":143,"column":5}}]},"35":{"type":"branch","line":131,"loc":{"start":{"line":131,"column":74},"end":{"line":131,"column":84}},"locations":[{"start":{"line":131,"column":74},"end":{"line":131,"column":84}}]},"36":{"type":"branch","line":132,"loc":{"start":{"line":132,"column":12},"end":{"line":132,"column":56}},"locations":[{"start":{"line":132,"column":12},"end":{"line":132,"column":56}}]},"37":{"type":"branch","line":132,"loc":{"start":{"line":132,"column":56},"end":{"line":132,"column":79}},"locations":[{"start":{"line":132,"column":56},"end":{"line":132,"column":79}}]},"38":{"type":"branch","line":145,"loc":{"start":{"line":145,"column":4},"end":{"line":162,"column":5}},"locations":[{"start":{"line":145,"column":4},"end":{"line":162,"column":5}}]},"39":{"type":"branch","line":151,"loc":{"start":{"line":151,"column":25},"end":{"line":151,"column":57}},"locations":[{"start":{"line":151,"column":25},"end":{"line":151,"column":57}}]},"40":{"type":"branch","line":164,"loc":{"start":{"line":164,"column":4},"end":{"line":175,"column":5}},"locations":[{"start":{"line":164,"column":4},"end":{"line":175,"column":5}}]},"41":{"type":"branch","line":174,"loc":{"start":{"line":174,"column":32},"end":{"line":174,"column":34}},"locations":[{"start":{"line":174,"column":32},"end":{"line":174,"column":34}}]},"42":{"type":"branch","line":177,"loc":{"start":{"line":177,"column":4},"end":{"line":180,"column":5}},"locations":[{"start":{"line":177,"column":4},"end":{"line":180,"column":5}}]},"43":{"type":"branch","line":182,"loc":{"start":{"line":182,"column":4},"end":{"line":193,"column":5}},"locations":[{"start":{"line":182,"column":4},"end":{"line":193,"column":5}}]},"44":{"type":"branch","line":195,"loc":{"start":{"line":195,"column":4},"end":{"line":202,"column":5}},"locations":[{"start":{"line":195,"column":4},"end":{"line":202,"column":5}}]},"45":{"type":"branch","line":204,"loc":{"start":{"line":204,"column":4},"end":{"line":211,"column":5}},"locations":[{"start":{"line":204,"column":4},"end":{"line":211,"column":5}}]},"46":{"type":"branch","line":213,"loc":{"start":{"line":213,"column":4},"end":{"line":245,"column":5}},"locations":[{"start":{"line":213,"column":4},"end":{"line":245,"column":5}}]},"47":{"type":"branch","line":214,"loc":{"start":{"line":214,"column":28},"end":{"line":216,"column":9}},"locations":[{"start":{"line":214,"column":28},"end":{"line":216,"column":9}}]},"48":{"type":"branch","line":216,"loc":{"start":{"line":216,"column":8},"end":{"line":222,"column":21}},"locations":[{"start":{"line":216,"column":8},"end":{"line":222,"column":21}}]},"49":{"type":"branch","line":222,"loc":{"start":{"line":222,"column":21},"end":{"line":244,"column":9}},"locations":[{"start":{"line":222,"column":21},"end":{"line":244,"column":9}}]},"50":{"type":"branch","line":224,"loc":{"start":{"line":224,"column":22},"end":{"line":224,"column":28}},"locations":[{"start":{"line":224,"column":22},"end":{"line":224,"column":28}}]},"51":{"type":"branch","line":224,"loc":{"start":{"line":224,"column":22},"end":{"line":231,"column":38}},"locations":[{"start":{"line":224,"column":22},"end":{"line":231,"column":38}}]},"52":{"type":"branch","line":231,"loc":{"start":{"line":231,"column":38},"end":{"line":243,"column":13}},"locations":[{"start":{"line":231,"column":38},"end":{"line":243,"column":13}}]},"53":{"type":"branch","line":232,"loc":{"start":{"line":232,"column":47},"end":{"line":234,"column":27}},"locations":[{"start":{"line":232,"column":47},"end":{"line":234,"column":27}}]},"54":{"type":"branch","line":233,"loc":{"start":{"line":233,"column":61},"end":{"line":233,"column":81}},"locations":[{"start":{"line":233,"column":61},"end":{"line":233,"column":81}}]},"55":{"type":"branch","line":233,"loc":{"start":{"line":233,"column":77},"end":{"line":233,"column":96}},"locations":[{"start":{"line":233,"column":77},"end":{"line":233,"column":96}}]},"56":{"type":"branch","line":234,"loc":{"start":{"line":234,"column":16},"end":{"line":242,"column":17}},"locations":[{"start":{"line":234,"column":16},"end":{"line":242,"column":17}}]},"57":{"type":"branch","line":234,"loc":{"start":{"line":234,"column":53},"end":{"line":242,"column":17}},"locations":[{"start":{"line":234,"column":53},"end":{"line":242,"column":17}}]},"58":{"type":"branch","line":235,"loc":{"start":{"line":235,"column":56},"end":{"line":235,"column":76}},"locations":[{"start":{"line":235,"column":56},"end":{"line":235,"column":76}}]},"59":{"type":"branch","line":235,"loc":{"start":{"line":235,"column":72},"end":{"line":235,"column":90}},"locations":[{"start":{"line":235,"column":72},"end":{"line":235,"column":90}}]},"60":{"type":"branch","line":237,"loc":{"start":{"line":237,"column":75},"end":{"line":238,"column":28}},"locations":[{"start":{"line":237,"column":75},"end":{"line":238,"column":28}}]},"61":{"type":"branch","line":238,"loc":{"start":{"line":238,"column":20},"end":{"line":240,"column":21}},"locations":[{"start":{"line":238,"column":20},"end":{"line":240,"column":21}}]},"62":{"type":"branch","line":243,"loc":{"start":{"line":243,"column":12},"end":{"line":244,"column":9}},"locations":[{"start":{"line":243,"column":12},"end":{"line":244,"column":9}}]},"63":{"type":"branch","line":257,"loc":{"start":{"line":257,"column":7},"end":{"line":277,"column":1}},"locations":[{"start":{"line":257,"column":7},"end":{"line":277,"column":1}}]},"64":{"type":"branch","line":262,"loc":{"start":{"line":262,"column":47},"end":{"line":270,"column":5}},"locations":[{"start":{"line":262,"column":47},"end":{"line":270,"column":5}}]},"65":{"type":"branch","line":264,"loc":{"start":{"line":264,"column":30},"end":{"line":264,"column":39}},"locations":[{"start":{"line":264,"column":30},"end":{"line":264,"column":39}}]},"66":{"type":"branch","line":264,"loc":{"start":{"line":264,"column":30},"end":{"line":266,"column":17}},"locations":[{"start":{"line":264,"column":30},"end":{"line":266,"column":17}}]},"67":{"type":"branch","line":266,"loc":{"start":{"line":266,"column":17},"end":{"line":269,"column":9}},"locations":[{"start":{"line":266,"column":17},"end":{"line":269,"column":9}}]},"68":{"type":"branch","line":268,"loc":{"start":{"line":268,"column":29},"end":{"line":268,"column":49}},"locations":[{"start":{"line":268,"column":29},"end":{"line":268,"column":49}}]},"69":{"type":"branch","line":272,"loc":{"start":{"line":272,"column":8},"end":{"line":272,"column":37}},"locations":[{"start":{"line":272,"column":8},"end":{"line":272,"column":37}}]},"70":{"type":"branch","line":272,"loc":{"start":{"line":272,"column":37},"end":{"line":275,"column":5}},"locations":[{"start":{"line":272,"column":37},"end":{"line":275,"column":5}}]},"71":{"type":"branch","line":271,"loc":{"start":{"line":271,"column":47},"end":{"line":271,"column":83}},"locations":[{"start":{"line":271,"column":47},"end":{"line":271,"column":83}}]},"72":{"type":"branch","line":280,"loc":{"start":{"line":280,"column":4},"end":{"line":280,"column":43}},"locations":[{"start":{"line":280,"column":4},"end":{"line":280,"column":43}}]},"73":{"type":"branch","line":282,"loc":{"start":{"line":282,"column":4},"end":{"line":294,"column":5}},"locations":[{"start":{"line":282,"column":4},"end":{"line":294,"column":5}}]},"74":{"type":"branch","line":289,"loc":{"start":{"line":289,"column":21},"end":{"line":292,"column":9}},"locations":[{"start":{"line":289,"column":21},"end":{"line":292,"column":9}}]},"75":{"type":"branch","line":292,"loc":{"start":{"line":292,"column":8},"end":{"line":293,"column":37}},"locations":[{"start":{"line":292,"column":8},"end":{"line":293,"column":37}}]},"76":{"type":"branch","line":293,"loc":{"start":{"line":293,"column":35},"end":{"line":293,"column":37}},"locations":[{"start":{"line":293,"column":35},"end":{"line":293,"column":37}}]},"77":{"type":"branch","line":296,"loc":{"start":{"line":296,"column":4},"end":{"line":308,"column":5}},"locations":[{"start":{"line":296,"column":4},"end":{"line":308,"column":5}}]},"78":{"type":"branch","line":302,"loc":{"start":{"line":302,"column":21},"end":{"line":305,"column":9}},"locations":[{"start":{"line":302,"column":21},"end":{"line":305,"column":9}}]},"79":{"type":"branch","line":305,"loc":{"start":{"line":305,"column":8},"end":{"line":307,"column":55}},"locations":[{"start":{"line":305,"column":8},"end":{"line":307,"column":55}}]},"80":{"type":"branch","line":307,"loc":{"start":{"line":307,"column":41},"end":{"line":307,"column":59}},"locations":[{"start":{"line":307,"column":41},"end":{"line":307,"column":59}}]},"81":{"type":"branch","line":307,"loc":{"start":{"line":307,"column":64},"end":{"line":307,"column":80}},"locations":[{"start":{"line":307,"column":64},"end":{"line":307,"column":80}}]},"82":{"type":"branch","line":310,"loc":{"start":{"line":310,"column":4},"end":{"line":320,"column":5}},"locations":[{"start":{"line":310,"column":4},"end":{"line":320,"column":5}}]},"83":{"type":"branch","line":316,"loc":{"start":{"line":316,"column":21},"end":{"line":319,"column":9}},"locations":[{"start":{"line":316,"column":21},"end":{"line":319,"column":9}}]},"84":{"type":"branch","line":322,"loc":{"start":{"line":322,"column":4},"end":{"line":355,"column":5}},"locations":[{"start":{"line":322,"column":4},"end":{"line":355,"column":5}}]},"85":{"type":"branch","line":323,"loc":{"start":{"line":323,"column":28},"end":{"line":325,"column":9}},"locations":[{"start":{"line":323,"column":28},"end":{"line":325,"column":9}}]},"86":{"type":"branch","line":325,"loc":{"start":{"line":325,"column":8},"end":{"line":330,"column":21}},"locations":[{"start":{"line":325,"column":8},"end":{"line":330,"column":21}}]},"87":{"type":"branch","line":330,"loc":{"start":{"line":330,"column":21},"end":{"line":347,"column":9}},"locations":[{"start":{"line":330,"column":21},"end":{"line":347,"column":9}}]},"88":{"type":"branch","line":332,"loc":{"start":{"line":332,"column":22},"end":{"line":338,"column":38}},"locations":[{"start":{"line":332,"column":22},"end":{"line":338,"column":38}}]},"89":{"type":"branch","line":338,"loc":{"start":{"line":338,"column":38},"end":{"line":346,"column":13}},"locations":[{"start":{"line":338,"column":38},"end":{"line":346,"column":13}}]},"90":{"type":"branch","line":340,"loc":{"start":{"line":340,"column":30},"end":{"line":340,"column":39}},"locations":[{"start":{"line":340,"column":30},"end":{"line":340,"column":39}}]},"91":{"type":"branch","line":342,"loc":{"start":{"line":342,"column":44},"end":{"line":343,"column":24}},"locations":[{"start":{"line":342,"column":44},"end":{"line":343,"column":24}}]},"92":{"type":"branch","line":343,"loc":{"start":{"line":343,"column":16},"end":{"line":345,"column":17}},"locations":[{"start":{"line":343,"column":16},"end":{"line":345,"column":17}}]},"93":{"type":"branch","line":346,"loc":{"start":{"line":346,"column":12},"end":{"line":347,"column":9}},"locations":[{"start":{"line":346,"column":12},"end":{"line":347,"column":9}}]},"94":{"type":"branch","line":347,"loc":{"start":{"line":347,"column":8},"end":{"line":348,"column":27}},"locations":[{"start":{"line":347,"column":8},"end":{"line":348,"column":27}}]},"95":{"type":"branch","line":348,"loc":{"start":{"line":348,"column":27},"end":{"line":354,"column":9}},"locations":[{"start":{"line":348,"column":27},"end":{"line":354,"column":9}}]},"96":{"type":"branch","line":350,"loc":{"start":{"line":350,"column":46},"end":{"line":353,"column":13}},"locations":[{"start":{"line":350,"column":46},"end":{"line":353,"column":13}}]}},"b":{"0":[72],"1":[48],"2":[3],"3":[45],"4":[1],"5":[50],"6":[53],"7":[3],"8":[31],"9":[1],"10":[52],"11":[30],"12":[22],"13":[48],"14":[8],"15":[3],"16":[5],"17":[1],"18":[4],"19":[3],"20":[6],"21":[3],"22":[3],"23":[1],"24":[3],"25":[1],"26":[2],"27":[1],"28":[5],"29":[2],"30":[2],"31":[1],"32":[2],"33":[1],"34":[6],"35":[2],"36":[2],"37":[1],"38":[3],"39":[1],"40":[15],"41":[14],"42":[1],"43":[1],"44":[1],"45":[1],"46":[30],"47":[1],"48":[29],"49":[47],"50":[29],"51":[18],"52":[54],"53":[14],"54":[13],"55":[1],"56":[40],"57":[19],"58":[18],"59":[1],"60":[18],"61":[1],"62":[18],"63":[10],"64":[19],"65":[4],"66":[15],"67":[14],"68":[13],"69":[4],"70":[3],"71":[4],"72":[15],"73":[8],"74":[1],"75":[7],"76":[6],"77":[4],"78":[1],"79":[3],"80":[1],"81":[0],"82":[3],"83":[1],"84":[7],"85":[1],"86":[6],"87":[12],"88":[6],"89":[8],"90":[0],"91":[7],"92":[1],"93":[6],"94":[6],"95":[2],"96":[1]},"fnMap":{"0":{"name":"LilbeeClient","decl":{"start":{"line":19,"column":4},"end":{"line":19,"column":43}},"loc":{"start":{"line":19,"column":4},"end":{"line":19,"column":43}},"line":19},"1":{"name":"assertOk","decl":{"start":{"line":21,"column":4},"end":{"line":27,"column":5}},"loc":{"start":{"line":21,"column":4},"end":{"line":27,"column":5}},"line":21},"2":{"name":"fetchWithRetry","decl":{"start":{"line":35,"column":4},"end":{"line":67,"column":5}},"loc":{"start":{"line":35,"column":4},"end":{"line":67,"column":5}},"line":35},"3":{"name":"fetchInit","decl":{"start":{"line":44,"column":34},"end":{"line":44,"column":82}},"loc":{"start":{"line":44,"column":34},"end":{"line":44,"column":82}},"line":44},"4":{"name":"health","decl":{"start":{"line":69,"column":4},"end":{"line":72,"column":5}},"loc":{"start":{"line":69,"column":4},"end":{"line":72,"column":5}},"line":69},"5":{"name":"status","decl":{"start":{"line":74,"column":4},"end":{"line":77,"column":5}},"loc":{"start":{"line":74,"column":4},"end":{"line":77,"column":5}},"line":74},"6":{"name":"search","decl":{"start":{"line":79,"column":4},"end":{"line":84,"column":5}},"loc":{"start":{"line":79,"column":4},"end":{"line":84,"column":5}},"line":79},"7":{"name":"ask","decl":{"start":{"line":86,"column":4},"end":{"line":93,"column":5}},"loc":{"start":{"line":86,"column":4},"end":{"line":93,"column":5}},"line":86},"8":{"name":"askStream","decl":{"start":{"line":95,"column":4},"end":{"line":113,"column":5}},"loc":{"start":{"line":95,"column":4},"end":{"line":113,"column":5}},"line":95},"9":{"name":"chat","decl":{"start":{"line":115,"column":4},"end":{"line":122,"column":5}},"loc":{"start":{"line":115,"column":4},"end":{"line":122,"column":5}},"line":115},"10":{"name":"chatStream","decl":{"start":{"line":124,"column":4},"end":{"line":143,"column":5}},"loc":{"start":{"line":124,"column":4},"end":{"line":143,"column":5}},"line":124},"11":{"name":"addFiles","decl":{"start":{"line":145,"column":4},"end":{"line":162,"column":5}},"loc":{"start":{"line":145,"column":4},"end":{"line":162,"column":5}},"line":145},"12":{"name":"syncStream","decl":{"start":{"line":164,"column":4},"end":{"line":175,"column":5}},"loc":{"start":{"line":164,"column":4},"end":{"line":175,"column":5}},"line":164},"13":{"name":"listModels","decl":{"start":{"line":177,"column":4},"end":{"line":180,"column":5}},"loc":{"start":{"line":177,"column":4},"end":{"line":180,"column":5}},"line":177},"14":{"name":"pullModel","decl":{"start":{"line":182,"column":4},"end":{"line":193,"column":5}},"loc":{"start":{"line":182,"column":4},"end":{"line":193,"column":5}},"line":182},"15":{"name":"setChatModel","decl":{"start":{"line":195,"column":4},"end":{"line":202,"column":5}},"loc":{"start":{"line":195,"column":4},"end":{"line":202,"column":5}},"line":195},"16":{"name":"setVisionModel","decl":{"start":{"line":204,"column":4},"end":{"line":211,"column":5}},"loc":{"start":{"line":204,"column":4},"end":{"line":211,"column":5}},"line":204},"17":{"name":"parseSSE","decl":{"start":{"line":213,"column":4},"end":{"line":245,"column":5}},"loc":{"start":{"line":213,"column":4},"end":{"line":245,"column":5}},"line":213},"18":{"name":"parseModelParameters","decl":{"start":{"line":257,"column":7},"end":{"line":277,"column":1}},"loc":{"start":{"line":257,"column":7},"end":{"line":277,"column":1}},"line":257},"19":{"name":"OllamaClient","decl":{"start":{"line":280,"column":4},"end":{"line":280,"column":43}},"loc":{"start":{"line":280,"column":4},"end":{"line":280,"column":43}},"line":280},"20":{"name":"pull","decl":{"start":{"line":282,"column":4},"end":{"line":294,"column":5}},"loc":{"start":{"line":282,"column":4},"end":{"line":294,"column":5}},"line":282},"21":{"name":"show","decl":{"start":{"line":296,"column":4},"end":{"line":308,"column":5}},"loc":{"start":{"line":296,"column":4},"end":{"line":308,"column":5}},"line":296},"22":{"name":"delete","decl":{"start":{"line":310,"column":4},"end":{"line":320,"column":5}},"loc":{"start":{"line":310,"column":4},"end":{"line":320,"column":5}},"line":310},"23":{"name":"parseNDJSON","decl":{"start":{"line":322,"column":4},"end":{"line":355,"column":5}},"loc":{"start":{"line":322,"column":4},"end":{"line":355,"column":5}},"line":322}},"f":{"0":72,"1":48,"2":50,"3":3,"4":6,"5":3,"6":3,"7":2,"8":5,"9":2,"10":6,"11":3,"12":15,"13":1,"14":1,"15":1,"16":1,"17":30,"18":10,"19":15,"20":8,"21":4,"22":3,"23":7}}
,"/Users/tobias/projects/lilbee/plugins/obsidian/src/main.ts": {"path":"/Users/tobias/projects/lilbee/plugins/obsidian/src/main.ts","all":false,"statementMap":{"0":{"start":{"line":1,"column":0},"end":{"line":1,"column":88}},"7":{"start":{"line":8,"column":0},"end":{"line":8,"column":54}},"8":{"start":{"line":9,"column":0},"end":{"line":9,"column":31}},"9":{"start":{"line":10,"column":0},"end":{"line":10,"column":72}},"10":{"start":{"line":11,"column":0},"end":{"line":11,"column":78}},"11":{"start":{"line":12,"column":0},"end":{"line":12,"column":78}},"12":{"start":{"line":13,"column":0},"end":{"line":13,"column":75}},"13":{"start":{"line":14,"column":0},"end":{"line":14,"column":28}},"14":{"start":{"line":15,"column":0},"end":{"line":15,"column":1}},"16":{"start":{"line":17,"column":0},"end":{"line":17,"column":50}},"17":{"start":{"line":18,"column":0},"end":{"line":18,"column":55}},"18":{"start":{"line":19,"column":0},"end":{"line":19,"column":69}},"19":{"start":{"line":20,"column":0},"end":{"line":20,"column":72}},"20":{"start":{"line":21,"column":0},"end":{"line":21,"column":21}},"21":{"start":{"line":22,"column":0},"end":{"line":22,"column":27}},"22":{"start":{"line":23,"column":0},"end":{"line":23,"column":43}},"23":{"start":{"line":24,"column":0},"end":{"line":24,"column":58}},"24":{"start":{"line":25,"column":0},"end":{"line":25,"column":69}},"25":{"start":{"line":26,"column":0},"end":{"line":26,"column":48}},"27":{"start":{"line":28,"column":0},"end":{"line":28,"column":35}},"28":{"start":{"line":29,"column":0},"end":{"line":29,"column":34}},"29":{"start":{"line":30,"column":0},"end":{"line":30,"column":61}},"30":{"start":{"line":31,"column":0},"end":{"line":31,"column":64}},"32":{"start":{"line":33,"column":0},"end":{"line":33,"column":51}},"33":{"start":{"line":34,"column":0},"end":{"line":34,"column":30}},"34":{"start":{"line":35,"column":0},"end":{"line":35,"column":78}},"35":{"start":{"line":36,"column":0},"end":{"line":36,"column":65}},"36":{"start":{"line":37,"column":0},"end":{"line":37,"column":32}},"38":{"start":{"line":39,"column":0},"end":{"line":39,"column":27}},"39":{"start":{"line":40,"column":0},"end":{"line":40,"column":92}},"40":{"start":{"line":41,"column":0},"end":{"line":41,"column":50}},"41":{"start":{"line":42,"column":0},"end":{"line":42,"column":50}},"42":{"start":{"line":43,"column":0},"end":{"line":43,"column":47}},"43":{"start":{"line":44,"column":0},"end":{"line":44,"column":63}},"44":{"start":{"line":45,"column":0},"end":{"line":45,"column":19}},"45":{"start":{"line":46,"column":0},"end":{"line":46,"column":15}},"46":{"start":{"line":47,"column":0},"end":{"line":47,"column":10}},"48":{"start":{"line":49,"column":0},"end":{"line":49,"column":32}},"50":{"start":{"line":51,"column":0},"end":{"line":51,"column":48}},"51":{"start":{"line":52,"column":0},"end":{"line":52,"column":36}},"52":{"start":{"line":53,"column":0},"end":{"line":53,"column":9}},"53":{"start":{"line":54,"column":0},"end":{"line":54,"column":5}},"55":{"start":{"line":56,"column":0},"end":{"line":56,"column":38}},"56":{"start":{"line":57,"column":0},"end":{"line":57,"column":25}},"57":{"start":{"line":58,"column":0},"end":{"line":58,"column":32}},"58":{"start":{"line":59,"column":0},"end":{"line":59,"column":42}},"59":{"start":{"line":60,"column":0},"end":{"line":60,"column":67}},"60":{"start":{"line":61,"column":0},"end":{"line":61,"column":11}},"62":{"start":{"line":63,"column":0},"end":{"line":63,"column":25}},"63":{"start":{"line":64,"column":0},"end":{"line":64,"column":29}},"64":{"start":{"line":65,"column":0},"end":{"line":65,"column":35}},"65":{"start":{"line":66,"column":0},"end":{"line":66,"column":74}},"66":{"start":{"line":67,"column":0},"end":{"line":67,"column":11}},"68":{"start":{"line":69,"column":0},"end":{"line":69,"column":25}},"69":{"start":{"line":70,"column":0},"end":{"line":70,"column":30}},"70":{"start":{"line":71,"column":0},"end":{"line":71,"column":30}},"71":{"start":{"line":72,"column":0},"end":{"line":72,"column":52}},"72":{"start":{"line":73,"column":0},"end":{"line":73,"column":11}},"74":{"start":{"line":75,"column":0},"end":{"line":75,"column":25}},"75":{"start":{"line":76,"column":0},"end":{"line":76,"column":34}},"76":{"start":{"line":77,"column":0},"end":{"line":77,"column":47}},"77":{"start":{"line":78,"column":0},"end":{"line":78,"column":42}},"78":{"start":{"line":79,"column":0},"end":{"line":79,"column":64}},"79":{"start":{"line":80,"column":0},"end":{"line":80,"column":40}},"80":{"start":{"line":81,"column":0},"end":{"line":81,"column":59}},"81":{"start":{"line":82,"column":0},"end":{"line":82,"column":28}},"82":{"start":{"line":83,"column":0},"end":{"line":83,"column":14}},"83":{"start":{"line":84,"column":0},"end":{"line":84,"column":11}},"85":{"start":{"line":86,"column":0},"end":{"line":86,"column":25}},"86":{"start":{"line":87,"column":0},"end":{"line":87,"column":36}},"87":{"start":{"line":88,"column":0},"end":{"line":88,"column":49}},"88":{"start":{"line":89,"column":0},"end":{"line":89,"column":42}},"89":{"start":{"line":90,"column":0},"end":{"line":90,"column":64}},"90":{"start":{"line":91,"column":0},"end":{"line":91,"column":44}},"91":{"start":{"line":92,"column":0},"end":{"line":92,"column":42}},"92":{"start":{"line":93,"column":0},"end":{"line":93,"column":61}},"93":{"start":{"line":94,"column":0},"end":{"line":94,"column":28}},"94":{"start":{"line":95,"column":0},"end":{"line":95,"column":14}},"95":{"start":{"line":96,"column":0},"end":{"line":96,"column":11}},"97":{"start":{"line":98,"column":0},"end":{"line":98,"column":25}},"98":{"start":{"line":99,"column":0},"end":{"line":99,"column":30}},"99":{"start":{"line":100,"column":0},"end":{"line":100,"column":31}},"100":{"start":{"line":101,"column":0},"end":{"line":101,"column":47}},"101":{"start":{"line":102,"column":0},"end":{"line":102,"column":11}},"103":{"start":{"line":104,"column":0},"end":{"line":104,"column":25}},"104":{"start":{"line":105,"column":0},"end":{"line":105,"column":32}},"105":{"start":{"line":106,"column":0},"end":{"line":106,"column":32}},"106":{"start":{"line":107,"column":0},"end":{"line":107,"column":35}},"107":{"start":{"line":108,"column":0},"end":{"line":108,"column":21}},"108":{"start":{"line":109,"column":0},"end":{"line":109,"column":59}},"109":{"start":{"line":110,"column":0},"end":{"line":110,"column":31}},"110":{"start":{"line":111,"column":0},"end":{"line":111,"column":100}},"111":{"start":{"line":112,"column":0},"end":{"line":112,"column":22}},"112":{"start":{"line":113,"column":0},"end":{"line":113,"column":25}},"113":{"start":{"line":114,"column":0},"end":{"line":114,"column":67}},"114":{"start":{"line":115,"column":0},"end":{"line":115,"column":17}},"115":{"start":{"line":116,"column":0},"end":{"line":116,"column":14}},"116":{"start":{"line":117,"column":0},"end":{"line":117,"column":11}},"117":{"start":{"line":118,"column":0},"end":{"line":118,"column":5}},"119":{"start":{"line":120,"column":0},"end":{"line":120,"column":22}},"120":{"start":{"line":121,"column":0},"end":{"line":121,"column":31}},"121":{"start":{"line":122,"column":0},"end":{"line":122,"column":43}},"122":{"start":{"line":123,"column":0},"end":{"line":123,"column":9}},"123":{"start":{"line":124,"column":0},"end":{"line":124,"column":5}},"125":{"start":{"line":126,"column":0},"end":{"line":126,"column":41}},"126":{"start":{"line":127,"column":0},"end":{"line":127,"column":83}},"127":{"start":{"line":128,"column":0},"end":{"line":128,"column":5}},"129":{"start":{"line":130,"column":0},"end":{"line":130,"column":41}},"130":{"start":{"line":131,"column":0},"end":{"line":131,"column":43}},"131":{"start":{"line":132,"column":0},"end":{"line":132,"column":61}},"132":{"start":{"line":133,"column":0},"end":{"line":133,"column":64}},"133":{"start":{"line":134,"column":0},"end":{"line":134,"column":30}},"134":{"start":{"line":135,"column":0},"end":{"line":135,"column":5}},"136":{"start":{"line":137,"column":0},"end":{"line":137,"column":49}},"137":{"start":{"line":138,"column":0},"end":{"line":138,"column":38}},"138":{"start":{"line":139,"column":0},"end":{"line":139,"column":71}},"139":{"start":{"line":140,"column":0},"end":{"line":140,"column":52}},"140":{"start":{"line":141,"column":0},"end":{"line":141,"column":5}},"142":{"start":{"line":143,"column":0},"end":{"line":143,"column":36}},"143":{"start":{"line":144,"column":0},"end":{"line":144,"column":46}},"144":{"start":{"line":145,"column":0},"end":{"line":145,"column":5}},"146":{"start":{"line":147,"column":0},"end":{"line":147,"column":30}},"147":{"start":{"line":148,"column":0},"end":{"line":148,"column":48}},"148":{"start":{"line":149,"column":0},"end":{"line":149,"column":50}},"149":{"start":{"line":150,"column":0},"end":{"line":150,"column":58}},"150":{"start":{"line":151,"column":0},"end":{"line":151,"column":34}},"151":{"start":{"line":152,"column":0},"end":{"line":152,"column":27}},"152":{"start":{"line":153,"column":0},"end":{"line":153,"column":5}},"154":{"start":{"line":155,"column":0},"end":{"line":155,"column":60}},"155":{"start":{"line":156,"column":0},"end":{"line":156,"column":60}},"156":{"start":{"line":157,"column":0},"end":{"line":157,"column":95}},"157":{"start":{"line":158,"column":0},"end":{"line":158,"column":49}},"158":{"start":{"line":159,"column":0},"end":{"line":159,"column":33}},"159":{"start":{"line":160,"column":0},"end":{"line":160,"column":5}},"161":{"start":{"line":162,"column":0},"end":{"line":162,"column":59}},"162":{"start":{"line":163,"column":0},"end":{"line":163,"column":38}},"163":{"start":{"line":164,"column":0},"end":{"line":164,"column":87}},"164":{"start":{"line":165,"column":0},"end":{"line":165,"column":69}},"165":{"start":{"line":166,"column":0},"end":{"line":166,"column":66}},"166":{"start":{"line":167,"column":0},"end":{"line":167,"column":42}},"167":{"start":{"line":168,"column":0},"end":{"line":168,"column":5}},"169":{"start":{"line":170,"column":0},"end":{"line":170,"column":49}},"170":{"start":{"line":171,"column":0},"end":{"line":171,"column":52}},"171":{"start":{"line":172,"column":0},"end":{"line":172,"column":5}},"173":{"start":{"line":174,"column":0},"end":{"line":174,"column":58}},"174":{"start":{"line":175,"column":0},"end":{"line":175,"column":50}},"176":{"start":{"line":177,"column":0},"end":{"line":177,"column":13}},"177":{"start":{"line":178,"column":0},"end":{"line":178,"column":50}},"178":{"start":{"line":179,"column":0},"end":{"line":179,"column":109}},"179":{"start":{"line":180,"column":0},"end":{"line":180,"column":41}},"180":{"start":{"line":181,"column":0},"end":{"line":181,"column":34}},"181":{"start":{"line":182,"column":0},"end":{"line":182,"column":13}},"183":{"start":{"line":184,"column":0},"end":{"line":184,"column":54}},"184":{"start":{"line":185,"column":0},"end":{"line":185,"column":45}},"185":{"start":{"line":186,"column":0},"end":{"line":186,"column":80}},"186":{"start":{"line":187,"column":0},"end":{"line":187,"column":90}},"187":{"start":{"line":188,"column":0},"end":{"line":188,"column":13}},"188":{"start":{"line":189,"column":0},"end":{"line":189,"column":23}},"189":{"start":{"line":190,"column":0},"end":{"line":190,"column":88}},"190":{"start":{"line":191,"column":0},"end":{"line":191,"column":54}},"191":{"start":{"line":192,"column":0},"end":{"line":192,"column":19}},"192":{"start":{"line":193,"column":0},"end":{"line":193,"column":9}},"194":{"start":{"line":195,"column":0},"end":{"line":195,"column":30}},"195":{"start":{"line":196,"column":0},"end":{"line":196,"column":5}},"197":{"start":{"line":198,"column":0},"end":{"line":198,"column":36}},"198":{"start":{"line":199,"column":0},"end":{"line":199,"column":82}},"199":{"start":{"line":200,"column":0},"end":{"line":200,"column":36}},"200":{"start":{"line":201,"column":0},"end":{"line":201,"column":89}},"201":{"start":{"line":202,"column":0},"end":{"line":202,"column":38}},"202":{"start":{"line":203,"column":0},"end":{"line":203,"column":9}},"203":{"start":{"line":204,"column":0},"end":{"line":204,"column":5}},"205":{"start":{"line":206,"column":0},"end":{"line":206,"column":40}},"206":{"start":{"line":207,"column":0},"end":{"line":207,"column":31}},"207":{"start":{"line":208,"column":0},"end":{"line":208,"column":5}},"209":{"start":{"line":210,"column":0},"end":{"line":210,"column":53}},"210":{"start":{"line":211,"column":0},"end":{"line":211,"column":76}},"211":{"start":{"line":212,"column":0},"end":{"line":212,"column":34}},"212":{"start":{"line":213,"column":0},"end":{"line":213,"column":55}},"213":{"start":{"line":214,"column":0},"end":{"line":214,"column":19}},"214":{"start":{"line":215,"column":0},"end":{"line":215,"column":9}},"215":{"start":{"line":216,"column":0},"end":{"line":216,"column":60}},"216":{"start":{"line":217,"column":0},"end":{"line":217,"column":19}},"217":{"start":{"line":218,"column":0},"end":{"line":218,"column":76}},"218":{"start":{"line":219,"column":0},"end":{"line":219,"column":48}},"219":{"start":{"line":220,"column":0},"end":{"line":220,"column":9}},"220":{"start":{"line":221,"column":0},"end":{"line":221,"column":5}},"222":{"start":{"line":223,"column":0},"end":{"line":223,"column":38}},"223":{"start":{"line":224,"column":0},"end":{"line":224,"column":51}},"224":{"start":{"line":225,"column":0},"end":{"line":225,"column":37}},"225":{"start":{"line":226,"column":0},"end":{"line":226,"column":22}},"226":{"start":{"line":227,"column":0},"end":{"line":227,"column":40}},"227":{"start":{"line":228,"column":0},"end":{"line":228,"column":40}},"228":{"start":{"line":229,"column":0},"end":{"line":229,"column":40}},"229":{"start":{"line":230,"column":0},"end":{"line":230,"column":40}},"230":{"start":{"line":231,"column":0},"end":{"line":231,"column":10}},"231":{"start":{"line":232,"column":0},"end":{"line":232,"column":33}},"232":{"start":{"line":233,"column":0},"end":{"line":233,"column":58}},"233":{"start":{"line":234,"column":0},"end":{"line":234,"column":36}},"234":{"start":{"line":235,"column":0},"end":{"line":235,"column":9}},"235":{"start":{"line":236,"column":0},"end":{"line":236,"column":5}},"237":{"start":{"line":238,"column":0},"end":{"line":238,"column":35}},"238":{"start":{"line":239,"column":0},"end":{"line":239,"column":31}},"239":{"start":{"line":240,"column":0},"end":{"line":240,"column":43}},"240":{"start":{"line":241,"column":0},"end":{"line":241,"column":9}},"241":{"start":{"line":242,"column":0},"end":{"line":242,"column":45}},"242":{"start":{"line":243,"column":0},"end":{"line":243,"column":31}},"243":{"start":{"line":244,"column":0},"end":{"line":244,"column":41}},"244":{"start":{"line":245,"column":0},"end":{"line":245,"column":5}},"246":{"start":{"line":247,"column":0},"end":{"line":247,"column":40}},"247":{"start":{"line":248,"column":0},"end":{"line":248,"column":38}},"248":{"start":{"line":249,"column":0},"end":{"line":249,"column":51}},"250":{"start":{"line":251,"column":0},"end":{"line":251,"column":13}},"251":{"start":{"line":252,"column":0},"end":{"line":252,"column":50}},"252":{"start":{"line":253,"column":0},"end":{"line":253,"column":86}},"253":{"start":{"line":254,"column":0},"end":{"line":254,"column":41}},"254":{"start":{"line":255,"column":0},"end":{"line":255,"column":34}},"255":{"start":{"line":256,"column":0},"end":{"line":256,"column":13}},"257":{"start":{"line":258,"column":0},"end":{"line":258,"column":54}},"258":{"start":{"line":259,"column":0},"end":{"line":259,"column":45}},"259":{"start":{"line":260,"column":0},"end":{"line":260,"column":80}},"260":{"start":{"line":261,"column":0},"end":{"line":261,"column":71}},"261":{"start":{"line":262,"column":0},"end":{"line":262,"column":13}},"262":{"start":{"line":263,"column":0},"end":{"line":263,"column":17}},"263":{"start":{"line":264,"column":0},"end":{"line":264,"column":73}},"264":{"start":{"line":265,"column":0},"end":{"line":265,"column":19}},"265":{"start":{"line":266,"column":0},"end":{"line":266,"column":9}},"267":{"start":{"line":268,"column":0},"end":{"line":268,"column":30}},"268":{"start":{"line":269,"column":0},"end":{"line":269,"column":5}},"269":{"start":{"line":270,"column":0},"end":{"line":270,"column":1}}},"s":{"0":1,"7":8,"8":8,"9":8,"10":8,"11":8,"12":8,"13":8,"14":8,"16":68,"17":68,"18":68,"19":68,"20":68,"21":68,"22":68,"23":68,"24":68,"25":68,"27":68,"28":65,"29":65,"30":65,"32":65,"33":65,"34":65,"35":65,"36":65,"38":65,"39":65,"40":1,"41":1,"42":1,"43":1,"44":1,"45":65,"46":65,"48":65,"50":65,"51":4,"52":4,"53":65,"55":68,"56":65,"57":65,"58":65,"59":65,"60":65,"62":65,"63":65,"64":65,"65":65,"66":65,"68":65,"69":65,"70":65,"71":65,"72":65,"74":65,"75":65,"76":65,"77":65,"78":3,"79":3,"80":3,"81":2,"82":3,"83":65,"85":65,"86":65,"87":65,"88":65,"89":3,"90":3,"91":3,"92":1,"93":1,"94":3,"95":65,"97":65,"98":65,"99":65,"100":65,"101":65,"103":65,"104":65,"105":65,"106":65,"107":2,"108":2,"109":1,"110":1,"111":1,"112":1,"113":1,"114":1,"115":2,"116":65,"117":65,"119":68,"120":2,"121":1,"122":1,"123":2,"125":68,"126":67,"127":67,"129":68,"130":5,"131":5,"132":5,"133":5,"134":5,"136":68,"137":112,"138":112,"139":112,"140":112,"142":68,"143":86,"144":86,"146":68,"147":67,"148":1,"149":1,"150":1,"151":67,"152":67,"154":68,"155":7,"156":7,"157":7,"158":7,"159":7,"161":68,"162":10,"163":9,"164":9,"165":10,"166":10,"167":10,"169":68,"170":22,"171":22,"173":68,"174":14,"176":14,"177":14,"178":14,"179":6,"180":6,"181":6,"183":14,"184":6,"185":6,"186":6,"187":6,"188":14,"189":4,"190":4,"191":4,"192":4,"194":10,"195":14,"197":68,"198":5,"199":1,"200":5,"201":1,"202":1,"203":5,"205":68,"206":1,"207":1,"209":68,"210":3,"211":3,"212":1,"213":1,"214":1,"215":2,"216":3,"217":1,"218":1,"219":1,"220":3,"222":68,"223":5,"224":5,"225":5,"226":5,"227":5,"228":5,"229":5,"230":5,"231":5,"232":20,"233":20,"234":20,"235":5,"237":68,"238":4,"239":1,"240":1,"241":4,"242":2,"243":4,"244":4,"246":68,"247":12,"248":11,"250":11,"251":11,"252":12,"253":8,"254":8,"255":8,"257":12,"258":2,"259":2,"260":2,"261":2,"262":12,"263":1,"264":1,"265":1,"267":10,"268":12,"269":68},"branchMap":{"0":{"type":"branch","line":8,"loc":{"start":{"line":8,"column":0},"end":{"line":15,"column":1}},"locations":[{"start":{"line":8,"column":0},"end":{"line":15,"column":1}}]},"1":{"type":"branch","line":10,"loc":{"start":{"line":10,"column":31},"end":{"line":10,"column":72}},"locations":[{"start":{"line":10,"column":31},"end":{"line":10,"column":72}}]},"2":{"type":"branch","line":11,"loc":{"start":{"line":11,"column":33},"end":{"line":11,"column":78}},"locations":[{"start":{"line":11,"column":33},"end":{"line":11,"column":78}}]},"3":{"type":"branch","line":12,"loc":{"start":{"line":12,"column":33},"end":{"line":12,"column":78}},"locations":[{"start":{"line":12,"column":33},"end":{"line":12,"column":78}}]},"4":{"type":"branch","line":13,"loc":{"start":{"line":13,"column":32},"end":{"line":13,"column":75}},"locations":[{"start":{"line":13,"column":32},"end":{"line":13,"column":75}}]},"5":{"type":"branch","line":17,"loc":{"start":{"line":17,"column":0},"end":{"line":270,"column":1}},"locations":[{"start":{"line":17,"column":0},"end":{"line":270,"column":1}}]},"6":{"type":"branch","line":28,"loc":{"start":{"line":28,"column":4},"end":{"line":54,"column":5}},"locations":[{"start":{"line":28,"column":4},"end":{"line":54,"column":5}}]},"7":{"type":"branch","line":51,"loc":{"start":{"line":51,"column":47},"end":{"line":53,"column":9}},"locations":[{"start":{"line":51,"column":47},"end":{"line":53,"column":9}}]},"8":{"type":"branch","line":40,"loc":{"start":{"line":40,"column":54},"end":{"line":46,"column":13}},"locations":[{"start":{"line":40,"column":54},"end":{"line":46,"column":13}}]},"9":{"type":"branch","line":41,"loc":{"start":{"line":41,"column":29},"end":{"line":45,"column":17}},"locations":[{"start":{"line":41,"column":29},"end":{"line":45,"column":17}}]},"10":{"type":"branch","line":44,"loc":{"start":{"line":44,"column":33},"end":{"line":44,"column":61}},"locations":[{"start":{"line":44,"column":33},"end":{"line":44,"column":61}}]},"11":{"type":"branch","line":56,"loc":{"start":{"line":56,"column":12},"end":{"line":118,"column":5}},"locations":[{"start":{"line":56,"column":12},"end":{"line":118,"column":5}}]},"12":{"type":"branch","line":60,"loc":{"start":{"line":60,"column":22},"end":{"line":60,"column":67}},"locations":[{"start":{"line":60,"column":22},"end":{"line":60,"column":67}}]},"13":{"type":"branch","line":66,"loc":{"start":{"line":66,"column":22},"end":{"line":66,"column":74}},"locations":[{"start":{"line":66,"column":22},"end":{"line":66,"column":74}}]},"14":{"type":"branch","line":72,"loc":{"start":{"line":72,"column":22},"end":{"line":72,"column":52}},"locations":[{"start":{"line":72,"column":22},"end":{"line":72,"column":52}}]},"15":{"type":"branch","line":78,"loc":{"start":{"line":78,"column":27},"end":{"line":83,"column":14}},"locations":[{"start":{"line":78,"column":27},"end":{"line":83,"column":14}}]},"16":{"type":"branch","line":80,"loc":{"start":{"line":80,"column":27},"end":{"line":80,"column":40}},"locations":[{"start":{"line":80,"column":27},"end":{"line":80,"column":40}}]},"17":{"type":"branch","line":80,"loc":{"start":{"line":80,"column":34},"end":{"line":81,"column":36}},"locations":[{"start":{"line":80,"column":34},"end":{"line":81,"column":36}}]},"18":{"type":"branch","line":81,"loc":{"start":{"line":81,"column":31},"end":{"line":81,"column":59}},"locations":[{"start":{"line":81,"column":31},"end":{"line":81,"column":59}}]},"19":{"type":"branch","line":81,"loc":{"start":{"line":81,"column":57},"end":{"line":82,"column":28}},"locations":[{"start":{"line":81,"column":57},"end":{"line":82,"column":28}}]},"20":{"type":"branch","line":89,"loc":{"start":{"line":89,"column":27},"end":{"line":95,"column":14}},"locations":[{"start":{"line":89,"column":27},"end":{"line":95,"column":14}}]},"21":{"type":"branch","line":91,"loc":{"start":{"line":91,"column":31},"end":{"line":91,"column":44}},"locations":[{"start":{"line":91,"column":31},"end":{"line":91,"column":44}}]},"22":{"type":"branch","line":92,"loc":{"start":{"line":92,"column":29},"end":{"line":92,"column":42}},"locations":[{"start":{"line":92,"column":29},"end":{"line":92,"column":42}}]},"23":{"type":"branch","line":92,"loc":{"start":{"line":92,"column":36},"end":{"line":94,"column":28}},"locations":[{"start":{"line":92,"column":36},"end":{"line":94,"column":28}}]},"24":{"type":"branch","line":101,"loc":{"start":{"line":101,"column":22},"end":{"line":101,"column":47}},"locations":[{"start":{"line":101,"column":22},"end":{"line":101,"column":47}}]},"25":{"type":"branch","line":107,"loc":{"start":{"line":107,"column":22},"end":{"line":116,"column":14}},"locations":[{"start":{"line":107,"column":22},"end":{"line":116,"column":14}}]},"26":{"type":"branch","line":109,"loc":{"start":{"line":109,"column":57},"end":{"line":115,"column":17}},"locations":[{"start":{"line":109,"column":57},"end":{"line":115,"column":17}}]},"27":{"type":"branch","line":120,"loc":{"start":{"line":120,"column":4},"end":{"line":124,"column":5}},"locations":[{"start":{"line":120,"column":4},"end":{"line":124,"column":5}}]},"28":{"type":"branch","line":121,"loc":{"start":{"line":121,"column":30},"end":{"line":123,"column":9}},"locations":[{"start":{"line":121,"column":30},"end":{"line":123,"column":9}}]},"29":{"type":"branch","line":126,"loc":{"start":{"line":126,"column":4},"end":{"line":128,"column":5}},"locations":[{"start":{"line":126,"column":4},"end":{"line":128,"column":5}}]},"30":{"type":"branch","line":130,"loc":{"start":{"line":130,"column":4},"end":{"line":135,"column":5}},"locations":[{"start":{"line":130,"column":4},"end":{"line":135,"column":5}}]},"31":{"type":"branch","line":137,"loc":{"start":{"line":137,"column":12},"end":{"line":141,"column":5}},"locations":[{"start":{"line":137,"column":12},"end":{"line":141,"column":5}}]},"32":{"type":"branch","line":138,"loc":{"start":{"line":138,"column":31},"end":{"line":138,"column":38}},"locations":[{"start":{"line":138,"column":31},"end":{"line":138,"column":38}}]},"33":{"type":"branch","line":138,"loc":{"start":{"line":138,"column":31},"end":{"line":139,"column":41}},"locations":[{"start":{"line":138,"column":31},"end":{"line":139,"column":41}}]},"34":{"type":"branch","line":139,"loc":{"start":{"line":139,"column":27},"end":{"line":139,"column":68}},"locations":[{"start":{"line":139,"column":27},"end":{"line":139,"column":68}}]},"35":{"type":"branch","line":139,"loc":{"start":{"line":139,"column":62},"end":{"line":139,"column":71}},"locations":[{"start":{"line":139,"column":62},"end":{"line":139,"column":71}}]},"36":{"type":"branch","line":143,"loc":{"start":{"line":143,"column":12},"end":{"line":145,"column":5}},"locations":[{"start":{"line":143,"column":12},"end":{"line":145,"column":5}}]},"37":{"type":"branch","line":147,"loc":{"start":{"line":147,"column":4},"end":{"line":153,"column":5}},"locations":[{"start":{"line":147,"column":4},"end":{"line":153,"column":5}}]},"38":{"type":"branch","line":148,"loc":{"start":{"line":148,"column":35},"end":{"line":152,"column":9}},"locations":[{"start":{"line":148,"column":35},"end":{"line":152,"column":9}}]},"39":{"type":"branch","line":152,"loc":{"start":{"line":152,"column":17},"end":{"line":152,"column":25}},"locations":[{"start":{"line":152,"column":17},"end":{"line":152,"column":25}}]},"40":{"type":"branch","line":155,"loc":{"start":{"line":155,"column":4},"end":{"line":160,"column":5}},"locations":[{"start":{"line":155,"column":4},"end":{"line":160,"column":5}}]},"41":{"type":"branch","line":156,"loc":{"start":{"line":156,"column":18},"end":{"line":156,"column":53}},"locations":[{"start":{"line":156,"column":18},"end":{"line":156,"column":53}}]},"42":{"type":"branch","line":156,"loc":{"start":{"line":156,"column":53},"end":{"line":156,"column":60}},"locations":[{"start":{"line":156,"column":53},"end":{"line":156,"column":60}}]},"43":{"type":"branch","line":156,"loc":{"start":{"line":156,"column":53},"end":{"line":157,"column":43}},"locations":[{"start":{"line":156,"column":53},"end":{"line":157,"column":43}}]},"44":{"type":"branch","line":157,"loc":{"start":{"line":157,"column":39},"end":{"line":157,"column":71}},"locations":[{"start":{"line":157,"column":39},"end":{"line":157,"column":71}}]},"45":{"type":"branch","line":157,"loc":{"start":{"line":157,"column":67},"end":{"line":157,"column":95}},"locations":[{"start":{"line":157,"column":67},"end":{"line":157,"column":95}}]},"46":{"type":"branch","line":159,"loc":{"start":{"line":159,"column":31},"end":{"line":159,"column":33}},"locations":[{"start":{"line":159,"column":31},"end":{"line":159,"column":33}}]},"47":{"type":"branch","line":162,"loc":{"start":{"line":162,"column":4},"end":{"line":168,"column":5}},"locations":[{"start":{"line":162,"column":4},"end":{"line":168,"column":5}}]},"48":{"type":"branch","line":163,"loc":{"start":{"line":163,"column":31},"end":{"line":163,"column":38}},"locations":[{"start":{"line":163,"column":31},"end":{"line":163,"column":38}}]},"49":{"type":"branch","line":163,"loc":{"start":{"line":163,"column":31},"end":{"line":166,"column":50}},"locations":[{"start":{"line":163,"column":31},"end":{"line":166,"column":50}}]},"50":{"type":"branch","line":166,"loc":{"start":{"line":166,"column":42},"end":{"line":166,"column":59}},"locations":[{"start":{"line":166,"column":42},"end":{"line":166,"column":59}}]},"51":{"type":"branch","line":167,"loc":{"start":{"line":167,"column":40},"end":{"line":167,"column":42}},"locations":[{"start":{"line":167,"column":40},"end":{"line":167,"column":42}}]},"52":{"type":"branch","line":170,"loc":{"start":{"line":170,"column":12},"end":{"line":172,"column":5}},"locations":[{"start":{"line":170,"column":12},"end":{"line":172,"column":5}}]},"53":{"type":"branch","line":171,"loc":{"start":{"line":171,"column":29},"end":{"line":171,"column":52}},"locations":[{"start":{"line":171,"column":29},"end":{"line":171,"column":52}}]},"54":{"type":"branch","line":174,"loc":{"start":{"line":174,"column":4},"end":{"line":196,"column":5}},"locations":[{"start":{"line":174,"column":4},"end":{"line":196,"column":5}}]},"55":{"type":"branch","line":179,"loc":{"start":{"line":179,"column":75},"end":{"line":179,"column":105}},"locations":[{"start":{"line":179,"column":75},"end":{"line":179,"column":105}}]},"56":{"type":"branch","line":179,"loc":{"start":{"line":179,"column":108},"end":{"line":182,"column":13}},"locations":[{"start":{"line":179,"column":108},"end":{"line":182,"column":13}}]},"57":{"type":"branch","line":182,"loc":{"start":{"line":182,"column":12},"end":{"line":184,"column":27}},"locations":[{"start":{"line":182,"column":12},"end":{"line":184,"column":27}}]},"58":{"type":"branch","line":184,"loc":{"start":{"line":184,"column":16},"end":{"line":184,"column":37}},"locations":[{"start":{"line":184,"column":16},"end":{"line":184,"column":37}}]},"59":{"type":"branch","line":184,"loc":{"start":{"line":184,"column":53},"end":{"line":188,"column":13}},"locations":[{"start":{"line":184,"column":53},"end":{"line":188,"column":13}}]},"60":{"type":"branch","line":187,"loc":{"start":{"line":187,"column":27},"end":{"line":187,"column":60}},"locations":[{"start":{"line":187,"column":27},"end":{"line":187,"column":60}}]},"61":{"type":"branch","line":187,"loc":{"start":{"line":187,"column":55},"end":{"line":187,"column":88}},"locations":[{"start":{"line":187,"column":55},"end":{"line":187,"column":88}}]},"62":{"type":"branch","line":189,"loc":{"start":{"line":189,"column":8},"end":{"line":193,"column":9}},"locations":[{"start":{"line":189,"column":8},"end":{"line":193,"column":9}}]},"63":{"type":"branch","line":190,"loc":{"start":{"line":190,"column":39},"end":{"line":190,"column":61}},"locations":[{"start":{"line":190,"column":39},"end":{"line":190,"column":61}}]},"64":{"type":"branch","line":190,"loc":{"start":{"line":190,"column":51},"end":{"line":190,"column":88}},"locations":[{"start":{"line":190,"column":51},"end":{"line":190,"column":88}}]},"65":{"type":"branch","line":193,"loc":{"start":{"line":193,"column":8},"end":{"line":195,"column":30}},"locations":[{"start":{"line":193,"column":8},"end":{"line":195,"column":30}}]},"66":{"type":"branch","line":198,"loc":{"start":{"line":198,"column":12},"end":{"line":204,"column":5}},"locations":[{"start":{"line":198,"column":12},"end":{"line":204,"column":5}}]},"67":{"type":"branch","line":199,"loc":{"start":{"line":199,"column":39},"end":{"line":199,"column":81}},"locations":[{"start":{"line":199,"column":39},"end":{"line":199,"column":81}}]},"68":{"type":"branch","line":199,"loc":{"start":{"line":199,"column":81},"end":{"line":201,"column":19}},"locations":[{"start":{"line":199,"column":81},"end":{"line":201,"column":19}}]},"69":{"type":"branch","line":201,"loc":{"start":{"line":201,"column":8},"end":{"line":203,"column":9}},"locations":[{"start":{"line":201,"column":8},"end":{"line":203,"column":9}}]},"70":{"type":"branch","line":201,"loc":{"start":{"line":201,"column":46},"end":{"line":201,"column":88}},"locations":[{"start":{"line":201,"column":46},"end":{"line":201,"column":88}}]},"71":{"type":"branch","line":201,"loc":{"start":{"line":201,"column":88},"end":{"line":203,"column":9}},"locations":[{"start":{"line":201,"column":88},"end":{"line":203,"column":9}}]},"72":{"type":"branch","line":206,"loc":{"start":{"line":206,"column":12},"end":{"line":208,"column":5}},"locations":[{"start":{"line":206,"column":12},"end":{"line":208,"column":5}}]},"73":{"type":"branch","line":210,"loc":{"start":{"line":210,"column":4},"end":{"line":221,"column":5}},"locations":[{"start":{"line":210,"column":4},"end":{"line":221,"column":5}}]},"74":{"type":"branch","line":212,"loc":{"start":{"line":212,"column":33},"end":{"line":215,"column":9}},"locations":[{"start":{"line":212,"column":33},"end":{"line":215,"column":9}}]},"75":{"type":"branch","line":215,"loc":{"start":{"line":215,"column":8},"end":{"line":217,"column":18}},"locations":[{"start":{"line":215,"column":8},"end":{"line":217,"column":18}}]},"76":{"type":"branch","line":217,"loc":{"start":{"line":217,"column":18},"end":{"line":220,"column":9}},"locations":[{"start":{"line":217,"column":18},"end":{"line":220,"column":9}}]},"77":{"type":"branch","line":223,"loc":{"start":{"line":223,"column":12},"end":{"line":236,"column":5}},"locations":[{"start":{"line":223,"column":12},"end":{"line":236,"column":5}}]},"78":{"type":"branch","line":232,"loc":{"start":{"line":232,"column":32},"end":{"line":235,"column":9}},"locations":[{"start":{"line":232,"column":32},"end":{"line":235,"column":9}}]},"79":{"type":"branch","line":224,"loc":{"start":{"line":224,"column":24},"end":{"line":224,"column":51}},"locations":[{"start":{"line":224,"column":24},"end":{"line":224,"column":51}}]},"80":{"type":"branch","line":238,"loc":{"start":{"line":238,"column":12},"end":{"line":245,"column":5}},"locations":[{"start":{"line":238,"column":12},"end":{"line":245,"column":5}}]},"81":{"type":"branch","line":239,"loc"
[...]
branch","line":22,"loc":{"start":{"line":22,"column":31},"end":{"line":22,"column":43}},"locations":[{"start":{"line":22,"column":31},"end":{"line":22,"column":43}}]},"13":{"type":"branch","line":22,"loc":{"start":{"line":22,"column":38},"end":{"line":24,"column":1}},"locations":[{"start":{"line":22,"column":38},"end":{"line":24,"column":1}}]},"14":{"type":"branch","line":26,"loc":{"start":{"line":26,"column":7},"end":{"line":61,"column":1}},"locations":[{"start":{"line":26,"column":7},"end":{"line":61,"column":1}}]},"15":{"type":"branch","line":53,"loc":{"start":{"line":53,"column":36},"end":{"line":60,"column":5}},"locations":[{"start":{"line":53,"column":36},"end":{"line":60,"column":5}}]},"16":{"type":"branch","line":57,"loc":{"start":{"line":57,"column":17},"end":{"line":59,"column":9}},"locations":[{"start":{"line":57,"column":17},"end":{"line":59,"column":9}}]},"17":{"type":"branch","line":35,"loc":{"start":{"line":35,"column":35},"end":{"line":38,"column":5}},"locations":[{"start":{"line":35,"column":35},"end":{"line":38,"column":5}}]},"18":{"type":"branch","line":63,"loc":{"start":{"line":63,"column":7},"end":{"line":72,"column":1}},"locations":[{"start":{"line":63,"column":7},"end":{"line":72,"column":1}}]},"19":{"type":"branch","line":68,"loc":{"start":{"line":68,"column":13},"end":{"line":70,"column":5}},"locations":[{"start":{"line":68,"column":13},"end":{"line":70,"column":5}}]}},"b":{"0":[33],"1":[7],"2":[4],"3":[2],"4":[5],"5":[26],"6":[7],"7":[4],"8":[2],"9":[5],"10":[19],"11":[21],"12":[20],"13":[1],"14":[29],"15":[21],"16":[8],"17":[1],"18":[12],"19":[6]},"fnMap":{"0":{"name":"formatLocation","decl":{"start":{"line":7,"column":0},"end":{"line":19,"column":1}},"loc":{"start":{"line":7,"column":0},"end":{"line":19,"column":1}},"line":7},"1":{"name":"truncate","decl":{"start":{"line":21,"column":0},"end":{"line":24,"column":1}},"loc":{"start":{"line":21,"column":0},"end":{"line":24,"column":1}},"line":21},"2":{"name":"renderDocumentResult","decl":{"start":{"line":26,"column":7},"end":{"line":61,"column":1}},"loc":{"start":{"line":26,"column":7},"end":{"line":61,"column":1}},"line":26},"3":{"name":"renderSourceChip","decl":{"start":{"line":63,"column":7},"end":{"line":72,"column":1}},"loc":{"start":{"line":63,"column":7},"end":{"line":72,"column":1}},"line":63}},"f":{"0":33,"1":21,"2":29,"3":12}}
,"/Users/tobias/projects/lilbee/plugins/obsidian/src/views/search-modal.ts": {"path":"/Users/tobias/projects/lilbee/plugins/obsidian/src/views/search-modal.ts","all":false,"statementMap":{"0":{"start":{"line":1,"column":0},"end":{"line":1,"column":38}},"5":{"start":{"line":6,"column":0},"end":{"line":6,"column":31}},"7":{"start":{"line":8,"column":0},"end":{"line":8,"column":40}},"8":{"start":{"line":9,"column":0},"end":{"line":9,"column":33}},"9":{"start":{"line":10,"column":0},"end":{"line":10,"column":35}},"10":{"start":{"line":11,"column":0},"end":{"line":11,"column":71}},"11":{"start":{"line":12,"column":0},"end":{"line":12,"column":56}},"13":{"start":{"line":14,"column":0},"end":{"line":14,"column":84}},"14":{"start":{"line":15,"column":0},"end":{"line":15,"column":19}},"15":{"start":{"line":16,"column":0},"end":{"line":16,"column":29}},"16":{"start":{"line":17,"column":0},"end":{"line":17,"column":25}},"17":{"start":{"line":18,"column":0},"end":{"line":18,"column":5}},"19":{"start":{"line":20,"column":0},"end":{"line":20,"column":20}},"20":{"start":{"line":21,"column":0},"end":{"line":21,"column":35}},"21":{"start":{"line":22,"column":0},"end":{"line":22,"column":26}},"22":{"start":{"line":23,"column":0},"end":{"line":23,"column":43}},"24":{"start":{"line":25,"column":0},"end":{"line":25,"column":90}},"25":{"start":{"line":26,"column":0},"end":{"line":26,"column":50}},"27":{"start":{"line":28,"column":0},"end":{"line":28,"column":51}},"28":{"start":{"line":29,"column":0},"end":{"line":29,"column":25}},"29":{"start":{"line":30,"column":0},"end":{"line":30,"column":39}},"30":{"start":{"line":31,"column":0},"end":{"line":31,"column":90}},"31":{"start":{"line":32,"column":0},"end":{"line":32,"column":11}},"33":{"start":{"line":34,"column":0},"end":{"line":34,"column":85}},"34":{"start":{"line":35,"column":0},"end":{"line":35,"column":57}},"36":{"start":{"line":37,"column":0},"end":{"line":37,"column":37}},"37":{"start":{"line":38,"column":0},"end":{"line":38,"column":51}},"38":{"start":{"line":39,"column":0},"end":{"line":39,"column":73}},"39":{"start":{"line":40,"column":0},"end":{"line":40,"column":55}},"40":{"start":{"line":41,"column":0},"end":{"line":41,"column":55}},"41":{"start":{"line":42,"column":0},"end":{"line":42,"column":39}},"42":{"start":{"line":43,"column":0},"end":{"line":43,"column":15}},"43":{"start":{"line":44,"column":0},"end":{"line":44,"column":16}},"44":{"start":{"line":45,"column":0},"end":{"line":45,"column":54}},"45":{"start":{"line":46,"column":0},"end":{"line":46,"column":62}},"46":{"start":{"line":47,"column":0},"end":{"line":47,"column":52}},"47":{"start":{"line":48,"column":0},"end":{"line":48,"column":17}},"48":{"start":{"line":49,"column":0},"end":{"line":49,"column":15}},"49":{"start":{"line":50,"column":0},"end":{"line":50,"column":9}},"52":{"start":{"line":53,"column":0},"end":{"line":53,"column":43}},"53":{"start":{"line":54,"column":0},"end":{"line":54,"column":5}},"55":{"start":{"line":56,"column":0},"end":{"line":56,"column":21}},"56":{"start":{"line":57,"column":0},"end":{"line":57,"column":65}},"57":{"start":{"line":58,"column":0},"end":{"line":58,"column":35}},"58":{"start":{"line":59,"column":0},"end":{"line":59,"column":26}},"59":{"start":{"line":60,"column":0},"end":{"line":60,"column":5}},"61":{"start":{"line":62,"column":0},"end":{"line":62,"column":53}},"62":{"start":{"line":63,"column":0},"end":{"line":63,"column":43}},"63":{"start":{"line":64,"column":0},"end":{"line":64,"column":38}},"64":{"start":{"line":65,"column":0},"end":{"line":65,"column":45}},"65":{"start":{"line":66,"column":0},"end":{"line":66,"column":26}},"66":{"start":{"line":67,"column":0},"end":{"line":67,"column":38}},"67":{"start":{"line":68,"column":0},"end":{"line":68,"column":11}},"68":{"start":{"line":69,"column":0},"end":{"line":69,"column":5}},"70":{"start":{"line":71,"column":0},"end":{"line":71,"column":35}},"71":{"start":{"line":72,"column":0},"end":{"line":72,"column":43}},"72":{"start":{"line":73,"column":0},"end":{"line":73,"column":38}},"73":{"start":{"line":74,"column":0},"end":{"line":74,"column":67}},"74":{"start":{"line":75,"column":0},"end":{"line":75,"column":5}},"76":{"start":{"line":77,"column":0},"end":{"line":77,"column":59}},"77":{"start":{"line":78,"column":0},"end":{"line":78,"column":21}},"78":{"start":{"line":79,"column":0},"end":{"line":79,"column":61}},"79":{"start":{"line":80,"column":0},"end":{"line":80,"column":19}},"80":{"start":{"line":81,"column":0},"end":{"line":81,"column":9}},"81":{"start":{"line":82,"column":0},"end":{"line":82,"column":29}},"82":{"start":{"line":83,"column":0},"end":{"line":83,"column":13}},"83":{"start":{"line":84,"column":0},"end":{"line":84,"column":75}},"84":{"start":{"line":85,"column":0},"end":{"line":85,"column":22}},"85":{"start":{"line":86,"column":0},"end":{"line":86,"column":42}},"86":{"start":{"line":87,"column":0},"end":{"line":87,"column":14}},"87":{"start":{"line":88,"column":0},"end":{"line":88,"column":47}},"88":{"start":{"line":89,"column":0},"end":{"line":89,"column":42}},"89":{"start":{"line":90,"column":0},"end":{"line":90,"column":39}},"90":{"start":{"line":91,"column":0},"end":{"line":91,"column":59}},"91":{"start":{"line":92,"column":0},"end":{"line":92,"column":23}},"92":{"start":{"line":93,"column":0},"end":{"line":93,"column":13}},"93":{"start":{"line":94,"column":0},"end":{"line":94,"column":43}},"94":{"start":{"line":95,"column":0},"end":{"line":95,"column":78}},"95":{"start":{"line":96,"column":0},"end":{"line":96,"column":13}},"96":{"start":{"line":97,"column":0},"end":{"line":97,"column":17}},"97":{"start":{"line":98,"column":0},"end":{"line":98,"column":80}},"98":{"start":{"line":99,"column":0},"end":{"line":99,"column":9}},"99":{"start":{"line":100,"column":0},"end":{"line":100,"column":5}},"101":{"start":{"line":102,"column":0},"end":{"line":102,"column":59}},"102":{"start":{"line":103,"column":0},"end":{"line":103,"column":29}},"103":{"start":{"line":104,"column":0},"end":{"line":104,"column":13}},"104":{"start":{"line":105,"column":0},"end":{"line":105,"column":92}},"105":{"start":{"line":106,"column":0},"end":{"line":106,"column":47}},"106":{"start":{"line":107,"column":0},"end":{"line":107,"column":42}},"108":{"start":{"line":109,"column":0},"end":{"line":109,"column":49}},"109":{"start":{"line":110,"column":0},"end":{"line":110,"column":38}},"110":{"start":{"line":111,"column":0},"end":{"line":111,"column":41}},"111":{"start":{"line":112,"column":0},"end":{"line":112,"column":15}},"113":{"start":{"line":114,"column":0},"end":{"line":114,"column":46}},"114":{"start":{"line":115,"column":0},"end":{"line":115,"column":97}},"115":{"start":{"line":116,"column":0},"end":{"line":116,"column":66}},"116":{"start":{"line":117,"column":0},"end":{"line":117,"column":56}},"117":{"start":{"line":118,"column":0},"end":{"line":118,"column":56}},"118":{"start":{"line":119,"column":0},"end":{"line":119,"column":17}},"119":{"start":{"line":120,"column":0},"end":{"line":120,"column":13}},"120":{"start":{"line":121,"column":0},"end":{"line":121,"column":17}},"121":{"start":{"line":122,"column":0},"end":{"line":122,"column":80}},"122":{"start":{"line":123,"column":0},"end":{"line":123,"column":9}},"123":{"start":{"line":124,"column":0},"end":{"line":124,"column":5}},"124":{"start":{"line":125,"column":0},"end":{"line":125,"column":1}}},"s":{"0":1,"5":1,"7":1,"8":35,"9":35,"10":35,"11":35,"13":35,"14":35,"15":35,"16":35,"17":35,"19":35,"20":32,"21":32,"22":32,"24":32,"25":32,"27":32,"28":32,"29":32,"30":32,"31":32,"33":32,"34":32,"36":32,"37":21,"38":5,"39":5,"40":3,"41":5,"42":21,"43":32,"44":11,"45":3,"46":1,"47":1,"48":11,"49":11,"52":32,"53":32,"55":35,"56":3,"57":3,"58":3,"59":3,"61":35,"62":40,"63":39,"64":39,"65":39,"66":39,"67":39,"68":40,"70":35,"71":15,"72":14,"73":14,"74":15,"76":35,"77":9,"78":2,"79":2,"80":2,"81":7,"82":7,"83":7,"84":7,"85":7,"86":7,"87":6,"88":5,"89":9,"90":3,"91":3,"92":3,"93":9,"94":3,"95":3,"96":9,"97":1,"98":1,"99":9,"101":35,"102":7,"103":7,"104":7,"105":6,"106":5,"108":5,"109":5,"110":5,"111":5,"113":7,"114":2,"115":2,"116":2,"117":3,"118":3,"119":2,"120":7,"121":1,"122":1,"123":7,"124":35},"branchMap":{"0":{"type":"branch","line":8,"loc":{"start":{"line":8,"column":7},"end":{"line":125,"column":1}},"locations":[{"start":{"line":8,"column":7},"end":{"line":125,"column":1}}]},"1":{"type":"branch","line":14,"loc":{"start":{"line":14,"column":4},"end":{"line":18,"column":5}},"locations":[{"start":{"line":14,"column":4},"end":{"line":18,"column":5}}]},"2":{"type":"branch","line":20,"loc":{"start":{"line":20,"column":4},"end":{"line":54,"column":5}},"locations":[{"start":{"line":20,"column":4},"end":{"line":54,"column":5}}]},"3":{"type":"branch","line":25,"loc":{"start":{"line":25,"column":36},"end":{"line":25,"column":73}},"locations":[{"start":{"line":25,"column":36},"end":{"line":25,"column":73}}]},"4":{"type":"branch","line":25,"loc":{"start":{"line":25,"column":47},"end":{"line":25,"column":90}},"locations":[{"start":{"line":25,"column":47},"end":{"line":25,"column":90}}]},"5":{"type":"branch","line":31,"loc":{"start":{"line":31,"column":39},"end":{"line":31,"column":72}},"locations":[{"start":{"line":31,"column":39},"end":{"line":31,"column":72}}]},"6":{"type":"branch","line":31,"loc":{"start":{"line":31,"column":50},"end":{"line":31,"column":90}},"locations":[{"start":{"line":31,"column":50},"end":{"line":31,"column":90}}]},"7":{"type":"branch","line":37,"loc":{"start":{"line":37,"column":36},"end":{"line":44,"column":15}},"locations":[{"start":{"line":37,"column":36},"end":{"line":44,"column":15}}]},"8":{"type":"branch","line":44,"loc":{"start":{"line":44,"column":8},"end":{"line":50,"column":9}},"locations":[{"start":{"line":44,"column":8},"end":{"line":50,"column":9}}]},"9":{"type":"branch","line":38,"loc":{"start":{"line":38,"column":44},"end":{"line":43,"column":13}},"locations":[{"start":{"line":38,"column":44},"end":{"line":43,"column":13}}]},"10":{"type":"branch","line":39,"loc":{"start":{"line":39,"column":40},"end":{"line":39,"column":73}},"locations":[{"start":{"line":39,"column":40},"end":{"line":39,"column":73}}]},"11":{"type":"branch","line":40,"loc":{"start":{"line":40,"column":48},"end":{"line":42,"column":19}},"locations":[{"start":{"line":40,"column":48},"end":{"line":42,"column":19}}]},"12":{"type":"branch","line":45,"loc":{"start":{"line":45,"column":46},"end":{"line":49,"column":13}},"locations":[{"start":{"line":45,"column":46},"end":{"line":49,"column":13}}]},"13":{"type":"branch","line":46,"loc":{"start":{"line":46,"column":30},"end":{"line":46,"column":61}},"locations":[{"start":{"line":46,"column":30},"end":{"line":46,"column":61}}]},"14":{"type":"branch","line":46,"loc":{"start":{"line":46,"column":61},"end":{"line":48,"column":17}},"locations":[{"start":{"line":46,"column":61},"end":{"line":48,"column":17}}]},"15":{"type":"branch","line":53,"loc":{"start":{"line":53,"column":19},"end":{"line":53,"column":40}},"locations":[{"start":{"line":53,"column":19},"end":{"line":53,"column":40}}]},"16":{"type":"branch","line":56,"loc":{"start":{"line":56,"column":4},"end":{"line":60,"column":5}},"locations":[{"start":{"line":56,"column":4},"end":{"line":60,"column":5}}]},"17":{"type":"branch","line":57,"loc":{"start":{"line":57,"column":32},"end":{"line":57,"column":65}},"locations":[{"start":{"line":57,"column":32},"end":{"line":57,"column":65}}]},"18":{"type":"branch","line":62,"loc":{"start":{"line":62,"column":12},"end":{"line":69,"column":5}},"locations":[{"start":{"line":62,"column":12},"end":{"line":69,"column":5}}]},"19":{"type":"branch","line":63,"loc":{"start":{"line":63,"column":36},"end":{"line":63,"column":43}},"locations":[{"start":{"line":63,"column":36},"end":{"line":63,"column":43}}]},"20":{"type":"branch","line":63,"loc":{"start":{"line":63,"column":36},"end":{"line":68,"column":11}},"locations":[{"start":{"line":63,"column":36},"end":{"line":68,"column":11}}]},"21":{"type":"branch","line":71,"loc":{"start":{"line":71,"column":12},"end":{"line":75,"column":5}},"locations":[{"start":{"line":71,"column":12},"end":{"line":75,"column":5}}]},"22":{"type":"branch","line":72,"loc":{"start":{"line":72,"column":36},"end":{"line":72,"column":43}},"locations":[{"start":{"line":72,"column":36},"end":{"line":72,"column":43}}]},"23":{"type":"branch","line":72,"loc":{"start":{"line":72,"column":36},"end":{"line":74,"column":67}},"locations":[{"start":{"line":72,"column":36},"end":{"line":74,"column":67}}]},"24":{"type":"branch","line":77,"loc":{"start":{"line":77,"column":4},"end":{"line":100,"column":5}},"locations":[{"start":{"line":77,"column":4},"end":{"line":100,"column":5}}]},"25":{"type":"branch","line":78,"loc":{"start":{"line":78,"column":20},"end":{"line":81,"column":9}},"locations":[{"start":{"line":78,"column":20},"end":{"line":81,"column":9}}]},"26":{"type":"branch","line":81,"loc":{"start":{"line":81,"column":8},"end":{"line":87,"column":14}},"locations":[{"start":{"line":81,"column":8},"end":{"line":87,"column":14}}]},"27":{"type":"branch","line":87,"loc":{"start":{"line":87,"column":12},"end":{"line":88,"column":47}},"locations":[{"start":{"line":87,"column":12},"end":{"line":88,"column":47}}]},"28":{"type":"branch","line":88,"loc":{"start":{"line":88,"column":40},"end":{"line":88,"column":47}},"locations":[{"start":{"line":88,"column":40},"end":{"line":88,"column":47}}]},"29":{"type":"branch","line":88,"loc":{"start":{"line":88,"column":40},"end":{"line":90,"column":38}},"locations":[{"start":{"line":88,"column":40},"end":{"line":90,"column":38}}]},"30":{"type":"branch","line":90,"loc":{"start":{"line":90,"column":38},"end":{"line":93,"column":13}},"locations":[{"start":{"line":90,"column":38},"end":{"line":93,"column":13}}]},"31":{"type":"branch","line":93,"loc":{"start":{"line":93,"column":12},"end":{"line":94,"column":42}},"locations":[{"start":{"line":93,"column":12},"end":{"line":94,"column":42}}]},"32":{"type":"branch","line":94,"loc":{"start":{"line":94,"column":42},"end":{"line":96,"column":13}},"locations":[{"start":{"line":94,"column":42},"end":{"line":96,"column":13}}]},"33":{"type":"branch","line":96,"loc":{"start":{"line":96,"column":12},"end":{"line":97,"column":16}},"locations":[{"start":{"line":96,"column":12},"end":{"line":97,"column":16}}]},"34":{"type":"branch","line":97,"loc":{"start":{"line":97,"column":8},"end":{"line":99,"column":9}},"locations":[{"start":{"line":97,"column":8},"end":{"line":99,"column":9}}]},"35":{"type":"branch","line":102,"loc":{"start":{"line":102,"column":4},"end":{"line":124,"column":5}},"locations":[{"start":{"line":102,"column":4},"end":{"line":124,"column":5}}]},"36":{"type":"branch","line":105,"loc":{"start":{"line":105,"column":90},"end":{"line":106,"column":47}},"locations":[{"start":{"line":105,"column":90},"end":{"line":106,"column":47}}]},"37":{"type":"branch","line":106,"loc":{"start":{"line":106,"column":40},"end":{"line":106,"column":47}},"locations":[{"start":{"line":106,"column":40},"end":{"line":106,"column":47}}]},"38":{"type":"branch","line":106,"loc":{"start":{"line":106,"column":40},"end":{"line":114,"column":45}},"locations":[{"start":{"line":106,"column":40},"end":{"line":114,"column":45}}]},"39":{"type":"branch","line":114,"loc":{"start":{"line":114,"column":45},"end":{"line":120,"column":13}},"locations":[{"start":{"line":114,"column":45},"end":{"line":120,"column":13}}]},"40":{"type":"branch","line":117,"loc":{"start":{"line":117,"column":55},"end":{"line":119,"column":17}},"locations":[{"start":{"line":117,"column":55},"end":{"line":119,"column":17}}]},"41":{"type":"branch","line":121,"loc":{"start":{"line":121,"column":8},"end":{"line":123,"column":9}},"locations":[{"start":{"line":121,"column":8},"end":{"line":123,"column":9}}]}},"b":{"0":[35],"1":[35],"2":[32],"3":[21],"4":[11],"5":[21],"6":[11],"7":[21],"8":[11],"9":[5],"10":[1],"11":[3],"12":[3],"13":[2],"14":[1],"15":[8],"16":[3],"17":[1],"18":[40],"19":[1],"20":[39],"21":[15],"22":[1],"23":[14],"24":[9],"25":[2],"26":[7],"27":[6],"28":[1],"29":[5],"30":[3],"31":[2],"32":[3],"33":[2],"34":[1],"35":[7],"36":[6],"37":[1],"38":[5],"39":[2],"40":[3],"41":[1]},"fnMap":{"0":{"name":"<instance_members_initializer>","decl":{"start":{"line":8,"column":7},"end":{"line":125,"column":1}},"loc":{"start":{"line":8,"column":7},"end":{"line":125,"column":1}},"line":8},"1":{"name":"SearchModal","decl":{"start":{"line":14,"column":4},"end":{"line":18,"column":5}},"loc":{"start":{"line":14,"column":4},"end":{"line":18,"column":5}},"line":14},"2":{"name":"onOpen","decl":{"start":{"line":20,"column":4},"end":{"line":54,"column":5}},"loc":{"start":{"line":20,"column":4},"end":{"line":54,"column":5}},"line":20},"3":{"name":"onClose","decl":{"start":{"line":56,"column":4},"end":{"line":60,"column":5}},"loc":{"start":{"line":56,"column":4},"end":{"line":60,"column":5}},"line":56},"4":{"name":"renderEmptyState","decl":{"start":{"line":62,"column":12},"end":{"line":69,"column":5}},"loc":{"start":{"line":62,"column":12},"end":{"line":69,"column":5}},"line":62},"5":{"name":"renderLoading","decl":{"start":{"line":71,"column":12},"end":{"line":75,"column":5}},"loc":{"start":{"line":71,"column":12},"end":{"line":75,"column":5}},"line":71},"6":{"name":"runSearch","decl":{"start":{"line":77,"column":4},"end":{"line":100,"column":5}},"loc":{"start":{"line":77,"column":4},"end":{"line":100,"column":5}},"line":77},"7":{"name":"runAsk","decl":{"start":{"line":102,"column":4},"end":{"line":124,"column":5}},"loc":{"start":{"line":102,"column":4},"end":{"line":124,"column":5}},"line":102}},"f":{"0":35,"1":35,"2":32,"3":3,"4":40,"5":15,"6":9,"7":7}}
}
